<?xml version="1.0" encoding="UTF-8"?>
<!-- Generated by org.testng.reporters.JUnitXMLReporter -->
<testsuite hostname="Xiaomi-MiAir" ignored="0" name="Surefire test" tests="13" failures="0" timestamp="2020-04-22T12:50:52 CEST" time="2.057" errors="0">
  <testcase name="testApp on testApp(fourcats.AppTest)" time="0.017" classname="fourcats.AppTest"/>
  <testcase name="testToString on testToString(fourcats.datastructure.LemmatizerDataTest)" time="0.016" classname="fourcats.datastructure.LemmatizerDataTest"/>
  <testcase name="getList on getList(fourcats.datastructure.LemmatizerDataTest)" time="0.016" classname="fourcats.datastructure.LemmatizerDataTest"/>
  <testcase name="addElement on addElement(fourcats.datastructure.LemmatizerDataTest)" time="0.017" classname="fourcats.datastructure.LemmatizerDataTest"/>
  <testcase name="testIncrementCounter on testIncrementCounter(fourcats.datastructure.WordCounterTest)" time="0.004" classname="fourcats.datastructure.WordCounterTest"/>
  <testcase name="testToString on testToString(fourcats.datastructure.WordCounterTest)" time="0.005" classname="fourcats.datastructure.WordCounterTest"/>
  <testcase name="testDecrementCounter on testDecrementCounter(fourcats.datastructure.WordCounterTest)" time="0.005" classname="fourcats.datastructure.WordCounterTest"/>
  <testcase name="testToString on testToString(fourcats.datastructure.WordTagTest)" time="0.032" classname="fourcats.datastructure.WordTagTest"/>
  <testcase name="DeclineSuggestionFromWrongID on DeclineSuggestionFromWrongID(fourcats.usecaseinteractor.DeclineBALSuggestionTest)" time="1.516" classname="fourcats.usecaseinteractor.DeclineBALSuggestionTest"/>
  <testcase name="GenerateBALSuggestionsFromNotExistingFeature on GenerateBALSuggestionsFromNotExistingFeature(fourcats.usecaseinteractor.GenerateBALSuggestionsTest)" time="0.081" classname="fourcats.usecaseinteractor.GenerateBALSuggestionsTest"/>
  <testcase name="GenerateBALFromCorrectFilename on GenerateBALFromCorrectFilename(fourcats.usecaseinteractor.GenerateBALTest)" time="0.066" classname="fourcats.usecaseinteractor.GenerateBALTest"/>
  <testcase name="GenerateBALFromEmptyFilename on GenerateBALFromEmptyFilename(fourcats.usecaseinteractor.GenerateBALTest)" time="0.067" classname="fourcats.usecaseinteractor.GenerateBALTest"/>
  <testcase name="GenerateBALCorrectCreation on GenerateBALCorrectCreation(fourcats.usecaseinteractor.GenerateBALTest)" time="0.068" classname="fourcats.usecaseinteractor.GenerateBALTest"/>
</testsuite> <!-- Surefire test -->
