<?xml version="1.0" encoding="UTF-8"?>
<!-- Generated by org.testng.reporters.JUnitXMLReporter -->
<testsuite hostname="Xiaomi-MiAir" ignored="0" name="Surefire test" tests="13" failures="0" timestamp="2020-04-18T02:59:07 CEST" time="1.427" errors="0">
  <testcase name="testApp on testApp(fourcats.AppTest)" time="0.016" classname="fourcats.AppTest"/>
  <testcase name="testToString on testToString(fourcats.datastructure.LemmatizerDataTest)" time="0.016" classname="fourcats.datastructure.LemmatizerDataTest"/>
  <testcase name="getList on getList(fourcats.datastructure.LemmatizerDataTest)" time="0.008" classname="fourcats.datastructure.LemmatizerDataTest"/>
  <testcase name="addElement on addElement(fourcats.datastructure.LemmatizerDataTest)" time="0.008" classname="fourcats.datastructure.LemmatizerDataTest"/>
  <testcase name="testIncrementCounter on testIncrementCounter(fourcats.datastructure.WordCounterTest)" time="0.008" classname="fourcats.datastructure.WordCounterTest"/>
  <testcase name="testToString on testToString(fourcats.datastructure.WordCounterTest)" time="0.008" classname="fourcats.datastructure.WordCounterTest"/>
  <testcase name="testDecrementCounter on testDecrementCounter(fourcats.datastructure.WordCounterTest)" time="0.0" classname="fourcats.datastructure.WordCounterTest"/>
  <testcase name="testToString on testToString(fourcats.datastructure.WordTagTest)" time="0.0" classname="fourcats.datastructure.WordTagTest"/>
  <testcase name="DeclineSuggestionFromWrongID on DeclineSuggestionFromWrongID(fourcats.usecaseinteractor.DeclineBALSuggestionTest)" time="1.143" classname="fourcats.usecaseinteractor.DeclineBALSuggestionTest"/>
  <testcase name="GenerateBALSuggestionsFromNotExistingFeature on GenerateBALSuggestionsFromNotExistingFeature(fourcats.usecaseinteractor.GenerateBALSuggestionsTest)" time="0.057" classname="fourcats.usecaseinteractor.GenerateBALSuggestionsTest"/>
  <testcase name="GenerateBALFromCorrectFilename on GenerateBALFromCorrectFilename(fourcats.usecaseinteractor.GenerateBALTest)" time="0.064" classname="fourcats.usecaseinteractor.GenerateBALTest"/>
  <testcase name="GenerateBALFromEmptyFilename on GenerateBALFromEmptyFilename(fourcats.usecaseinteractor.GenerateBALTest)" time="0.072" classname="fourcats.usecaseinteractor.GenerateBALTest"/>
  <testcase name="GenerateBALCorrectCreation on GenerateBALCorrectCreation(fourcats.usecaseinteractor.GenerateBALTest)" time="0.072" classname="fourcats.usecaseinteractor.GenerateBALTest"/>
</testsuite> <!-- Surefire test -->
