<?xml version="1.0" encoding="UTF-8"?>
<!-- Generated by org.testng.reporters.JUnitXMLReporter -->
<testsuite ignored="0" hostname="Air-di-Edoardo.homenet.telecomitalia.it" failures="0" tests="3" name="Surefire test" time="1.021" errors="0" timestamp="2020-04-13T13:00:38 CEST">
  <testcase classname="fourcats.usecaseinteractor.SuggestApiTest" name="SuggestAPITestCreationFromWrongInput on SuggestAPITestCreationFromWrongInput(fourcats.usecaseinteractor.SuggestApiTest)" time="0.844"/>
  <testcase classname="fourcats.usecaseinteractor.ModifyApiTest" name="ModifyAPITestFromWrongInput on ModifyAPITestFromWrongInput(fourcats.usecaseinteractor.ModifyApiTest)" time="0.036"/>
  <testcase classname="fourcats.usecaseinteractor.GenerateApiTest" name="GenerateAPITestCorrectCreation on GenerateAPITestCorrectCreation(fourcats.usecaseinteractor.GenerateApiTest)" time="0.002"/>
</testsuite> <!-- Surefire test -->
