<?xml version="1.0" encoding="UTF-8"?>
<!-- Generated by org.testng.reporters.JUnitXMLReporter -->
<testsuite hostname="LAPTOP-FKRVQ3CH" ignored="0" name="Surefire test" tests="93" failures="0" timestamp="2020-05-08T21:26:40 CEST" time="1.568" errors="0">
  <testcase name="testAddObjectName on testAddObjectName(fourcats.Entity.ActionTest)" time="0.012" classname="fourcats.Entity.ActionTest"/>
  <testcase name="toStringActionCorrectly on toStringActionCorrectly(fourcats.Entity.ActionTest)" time="0.011" classname="fourcats.Entity.ActionTest"/>
  <testcase name="testGettingTypeNameCorrectly on testGettingTypeNameCorrectly(fourcats.Entity.ActionTest)" time="0.011" classname="fourcats.Entity.ActionTest"/>
  <testcase name="createActionWithNameAndNullType on createActionWithNameAndNullType(fourcats.Entity.ActionTest)" time="0.011" classname="fourcats.Entity.ActionTest"/>
  <testcase name="addObjectParamCorrectly on addObjectParamCorrectly(fourcats.Entity.ActionTest)" time="0.011" classname="fourcats.Entity.ActionTest"/>
  <testcase name="testGettingNameCorrectly on testGettingNameCorrectly(fourcats.Entity.ActionTest)" time="0.011" classname="fourcats.Entity.ActionTest"/>
  <testcase name="toStringActionWithTwoParametersCorrectly on toStringActionWithTwoParametersCorrectly(fourcats.Entity.ActionTest)" time="0.011" classname="fourcats.Entity.ActionTest"/>
  <testcase name="createActionWithNameAndType on createActionWithNameAndType(fourcats.Entity.ActionTest)" time="0.011" classname="fourcats.Entity.ActionTest"/>
  <testcase name="testRequestActionByName on testRequestActionByName(fourcats.Entity.ActorTest)" time="0.001" classname="fourcats.Entity.ActorTest"/>
  <testcase name="testActorToString on testActorToString(fourcats.Entity.ActorTest)" time="0.001" classname="fourcats.Entity.ActorTest"/>
  <testcase name="testAddingOneActionCorrectly on testAddingOneActionCorrectly(fourcats.Entity.ActorTest)" time="0.001" classname="fourcats.Entity.ActorTest"/>
  <testcase name="testActorEmptyCorrectlyCreate on testActorEmptyCorrectlyCreate(fourcats.Entity.ActorTest)" time="0.001" classname="fourcats.Entity.ActorTest"/>
  <testcase name="testSettingNameOfActor on testSettingNameOfActor(fourcats.Entity.ActorTest)" time="0.001" classname="fourcats.Entity.ActorTest"/>
  <testcase name="testActorWithNameCorrectlyCreate on testActorWithNameCorrectlyCreate(fourcats.Entity.ActorTest)" time="0.002" classname="fourcats.Entity.ActorTest"/>
  <testcase name="testAddingMoreActionCorrectly on testAddingMoreActionCorrectly(fourcats.Entity.ActorTest)" time="0.002" classname="fourcats.Entity.ActorTest"/>
  <testcase name="testAddApi on testAddApi(fourcats.Entity.APITest)" time="0.27" classname="fourcats.Entity.APITest"/>
  <testcase name="testConstructor on testConstructor(fourcats.Entity.APITest)" time="0.27" classname="fourcats.Entity.APITest"/>
  <testcase name="testToString on testToString(fourcats.Entity.BALTest)" time="0.566" classname="fourcats.Entity.BALTest"/>
  <testcase name="tesAddDuplicateUserToBAL on tesAddDuplicateUserToBAL(fourcats.Entity.BALTest)" time="0.575" classname="fourcats.Entity.BALTest"/>
  <testcase name="getActors on getActors(fourcats.Entity.BALTest)" time="0.576" classname="fourcats.Entity.BALTest"/>
  <testcase name="testConstructor on testConstructor(fourcats.Entity.BALTest)" time="0.576" classname="fourcats.Entity.BALTest"/>
  <testcase name="ObjectParamSetRequiredCorrectly on ObjectParamSetRequiredCorrectly(fourcats.Entity.ObjectParamTest)" time="0.0" classname="fourcats.Entity.ObjectParamTest"/>
  <testcase name="ObjectParamSetNameCorrectly on ObjectParamSetNameCorrectly(fourcats.Entity.ObjectParamTest)" time="0.0" classname="fourcats.Entity.ObjectParamTest"/>
  <testcase name="ObjectParamSetTypeCorrectly on ObjectParamSetTypeCorrectly(fourcats.Entity.ObjectParamTest)" time="0.0" classname="fourcats.Entity.ObjectParamTest"/>
  <testcase name="ObjectParamConvertedToStringCorrectly on ObjectParamConvertedToStringCorrectly(fourcats.Entity.ObjectParamTest)" time="0.0" classname="fourcats.Entity.ObjectParamTest"/>
  <testcase name="EmptyObjectParamCorrectCreation on EmptyObjectParamCorrectCreation(fourcats.Entity.ObjectParamTest)" time="0.001" classname="fourcats.Entity.ObjectParamTest"/>
  <testcase name="ObjectParamGetTypeCorrectly on ObjectParamGetTypeCorrectly(fourcats.Entity.ObjectParamTest)" time="0.001" classname="fourcats.Entity.ObjectParamTest"/>
  <testcase name="ObjectParamCorrectCreationWthName on ObjectParamCorrectCreationWthName(fourcats.Entity.ObjectParamTest)" time="0.001" classname="fourcats.Entity.ObjectParamTest"/>
  <testcase name="testTextFromPLA on testTextFromPLA(fourcats.Entity.PLATest)" time="0.002" classname="fourcats.Entity.PLATest"/>
  <testcase name="testExtensionFromPLA on testExtensionFromPLA(fourcats.Entity.PLATest)" time="0.003" classname="fourcats.Entity.PLATest"/>
  <testcase name="testSettingTextPLA on testSettingTextPLA(fourcats.Entity.PLATest)" time="0.003" classname="fourcats.Entity.PLATest"/>
  <testcase name="testConstructor on testConstructor(fourcats.Entity.PLATest)" time="0.004" classname="fourcats.Entity.PLATest"/>
  <testcase name="gettingBalCorrectly on gettingBalCorrectly(fourcats.frameworks.BalAnalyzerImplementationTest)" time="0.215" classname="fourcats.frameworks.BalAnalyzerImplementationTest"/>
  <testcase name="correctlySettingBalFile on correctlySettingBalFile(fourcats.frameworks.BalAnalyzerImplementationTest)" time="0.221" classname="fourcats.frameworks.BalAnalyzerImplementationTest"/>
  <testcase name="createBalAnalyzerCorrectly on createBalAnalyzerCorrectly(fourcats.frameworks.BalAnalyzerImplementationTest)" time="0.223" classname="fourcats.frameworks.BalAnalyzerImplementationTest"/>
  <testcase name="removingAPINotPresent on removingAPINotPresent(fourcats.frameworks.DataKeeperTest)" time="0.002" classname="fourcats.frameworks.DataKeeperTest"/>
  <testcase name="updatingAPICorrectly on updatingAPICorrectly(fourcats.frameworks.DataKeeperTest)" time="0.001" classname="fourcats.frameworks.DataKeeperTest"/>
  <testcase name="createDatakeeperCorrectly on createDatakeeperCorrectly(fourcats.frameworks.DataKeeperTest)" time="0.001" classname="fourcats.frameworks.DataKeeperTest"/>
  <testcase name="addingAPIWithoutIdCorrectly on addingAPIWithoutIdCorrectly(fourcats.frameworks.DataKeeperTest)" time="0.001" classname="fourcats.frameworks.DataKeeperTest"/>
  <testcase name="addingAPIWithIdCorrectlyWithoutDuplicate on addingAPIWithIdCorrectlyWithoutDuplicate(fourcats.frameworks.DataKeeperTest)" time="0.002" classname="fourcats.frameworks.DataKeeperTest"/>
  <testcase name="removingAPIPresent on removingAPIPresent(fourcats.frameworks.DataKeeperTest)" time="0.002" classname="fourcats.frameworks.DataKeeperTest"/>
  <testcase name="gettingAPIWithId on gettingAPIWithId(fourcats.frameworks.DataKeeperTest)" time="0.002" classname="fourcats.frameworks.DataKeeperTest"/>
  <testcase name="gettingSizeOfAPIMap on gettingSizeOfAPIMap(fourcats.frameworks.DataKeeperTest)" time="0.002" classname="fourcats.frameworks.DataKeeperTest"/>
  <testcase name="gettingAPIMapCorrectly on gettingAPIMapCorrectly(fourcats.frameworks.DataKeeperTest)" time="0.002" classname="fourcats.frameworks.DataKeeperTest"/>
  <testcase name="writingAPITestCorrectly on writingAPITestCorrectly(fourcats.frameworks.FileSystemTest)" time="0.001" classname="fourcats.frameworks.FileSystemTest"/>
  <testcase name="loadingFileCorrectly on loadingFileCorrectly(fourcats.frameworks.FileSystemTest)" time="0.001" classname="fourcats.frameworks.FileSystemTest"/>
  <testcase name="loadingPLACorrectlyNotFound on loadingPLACorrectlyNotFound(fourcats.frameworks.FileSystemTest)" time="0.002" classname="fourcats.frameworks.FileSystemTest"/>
  <testcase name="loadingPLACorrectlyFound on loadingPLACorrectlyFound(fourcats.frameworks.FileSystemTest)" time="0.003" classname="fourcats.frameworks.FileSystemTest"/>
  <testcase name="writingAPICorrectly on writingAPICorrectly(fourcats.frameworks.RepositoryTest)" time="0.036" classname="fourcats.frameworks.RepositoryTest"/>
  <testcase name="addingAPIWithoutIdToDataKeeperCorrectly on addingAPIWithoutIdToDataKeeperCorrectly(fourcats.frameworks.RepositoryTest)" time="0.037" classname="fourcats.frameworks.RepositoryTest"/>
  <testcase name="deletingAPIWithIdFromDataKeeperCorrectly on deletingAPIWithIdFromDataKeeperCorrectly(fourcats.frameworks.RepositoryTest)" time="0.038" classname="fourcats.frameworks.RepositoryTest"/>
  <testcase name="addingAPIWithIdToDataKeeperCorrectly on addingAPIWithIdToDataKeeperCorrectly(fourcats.frameworks.RepositoryTest)" time="0.038" classname="fourcats.frameworks.RepositoryTest"/>
  <testcase name="gettingAPIWithIdFromDataKeeperCorrectly on gettingAPIWithIdFromDataKeeperCorrectly(fourcats.frameworks.RepositoryTest)" time="0.039" classname="fourcats.frameworks.RepositoryTest"/>
  <testcase name="gettingSizeFromDataKeeperCorrectly on gettingSizeFromDataKeeperCorrectly(fourcats.frameworks.RepositoryTest)" time="0.04" classname="fourcats.frameworks.RepositoryTest"/>
  <testcase name="gettingADIMapWithIdFromDataKeeperCorrectly on gettingADIMapWithIdFromDataKeeperCorrectly(fourcats.frameworks.RepositoryTest)" time="0.04" classname="fourcats.frameworks.RepositoryTest"/>
  <testcase name="updatingAPIToDataKeepeerCorrectly on updatingAPIToDataKeepeerCorrectly(fourcats.frameworks.RepositoryTest)" time="0.04" classname="fourcats.frameworks.RepositoryTest"/>
  <testcase name="loadingPLACorrectly on loadingPLACorrectly(fourcats.frameworks.RepositoryTest)" time="0.04" classname="fourcats.frameworks.RepositoryTest"/>
  <testcase name="openingFileCorrectly on openingFileCorrectly(fourcats.frameworks.RepositoryTest)" time="0.041" classname="fourcats.frameworks.RepositoryTest"/>
  <testcase name="testCreateApiSuggestion on testCreateApiSuggestion(fourcats.interfaceAdapters.ControllerTest)" time="0.026" classname="fourcats.interfaceAdapters.ControllerTest"/>
  <testcase name="testModifyApi on testModifyApi(fourcats.interfaceAdapters.ControllerTest)" time="0.024" classname="fourcats.interfaceAdapters.ControllerTest"/>
  <testcase name="testinModifyApiGui on testinModifyApiGui(fourcats.interfaceAdapters.ControllerTest)" time="0.024" classname="fourcats.interfaceAdapters.ControllerTest"/>
  <testcase name="testGenerateApi on testGenerateApi(fourcats.interfaceAdapters.ControllerTest)" time="0.025" classname="fourcats.interfaceAdapters.ControllerTest"/>
  <testcase name="createControllerCorrectly on createControllerCorrectly(fourcats.interfaceAdapters.ControllerTest)" time="0.024" classname="fourcats.interfaceAdapters.ControllerTest"/>
  <testcase name="testShowOuput on testShowOuput(fourcats.interfaceAdapters.DataPresenterTest)" time="0.0" classname="fourcats.interfaceAdapters.DataPresenterTest"/>
  <testcase name="testGetMessageToShow on testGetMessageToShow(fourcats.interfaceAdapters.DataPresenterTest)" time="0.001" classname="fourcats.interfaceAdapters.DataPresenterTest"/>
  <testcase name="GenerateAPITestCorrectCreation on GenerateAPITestCorrectCreation(fourcats.usecaseinteractor.GenerateApiTest)" time="0.015" classname="fourcats.usecaseinteractor.GenerateApiTest"/>
  <testcase name="generateAPI on generateAPI(fourcats.usecaseinteractor.GenerateApiTest)" time="0.016" classname="fourcats.usecaseinteractor.GenerateApiTest"/>
  <testcase name="testingModifyApi on testingModifyApi(fourcats.usecaseinteractor.ModifyApiTest)" time="0.007" classname="fourcats.usecaseinteractor.ModifyApiTest"/>
  <testcase name="testingCorrectlyMethodCallModifyGui on testingCorrectlyMethodCallModifyGui(fourcats.usecaseinteractor.ModifyApiTest)" time="0.008" classname="fourcats.usecaseinteractor.ModifyApiTest"/>
  <testcase name="correctlyCreatingModifyApi on correctlyCreatingModifyApi(fourcats.usecaseinteractor.ModifyApiTest)" time="0.008" classname="fourcats.usecaseinteractor.ModifyApiTest"/>
  <testcase name="ModifyAPITestFromWrongInput on ModifyAPITestFromWrongInput(fourcats.usecaseinteractor.ModifyApiTest)" time="0.009" classname="fourcats.usecaseinteractor.ModifyApiTest"/>
  <testcase name="correctlyCreatingSuggestApi on correctlyCreatingSuggestApi(fourcats.usecaseinteractor.SuggestApiTest)" time="0.006" classname="fourcats.usecaseinteractor.SuggestApiTest"/>
  <testcase name="SuggestAPITestCreationFromWrongInput on SuggestAPITestCreationFromWrongInput(fourcats.usecaseinteractor.SuggestApiTest)" time="0.006" classname="fourcats.usecaseinteractor.SuggestApiTest"/>
  <testcase name="correctlysuggestionApiCreated on correctlysuggestionApiCreated(fourcats.usecaseinteractor.SuggestApiTest)" time="0.008" classname="fourcats.usecaseinteractor.SuggestApiTest"/>
  <testcase name="gettingCurrentAnswer on gettingCurrentAnswer(fourcats.view.CLITest)" time="0.043" classname="fourcats.view.CLITest"/>
  <testcase name="testAskingModifyApi on testAskingModifyApi(fourcats.view.CLITest)" time="0.12" classname="fourcats.view.CLITest"/>
  <testcase name="testAskPathApi on testAskPathApi(fourcats.view.CLITest)" time="0.121" classname="fourcats.view.CLITest"/>
  <testcase name="readingAnotherBal on readingAnotherBal(fourcats.view.CLITest)" time="0.122" classname="fourcats.view.CLITest"/>
  <testcase name="testAskingGenerateApi on testAskingGenerateApi(fourcats.view.CLITest)" time="0.123" classname="fourcats.view.CLITest"/>
  <testcase name="readingSuggestionAPIInput on readingSuggestionAPIInput(fourcats.view.CLITest)" time="0.124" classname="fourcats.view.CLITest"/>
  <testcase name="readingBalInput on readingBalInput(fourcats.view.CLITest)" time="0.125" classname="fourcats.view.CLITest"/>
  <testcase name="readingPLAInput on readingPLAInput(fourcats.view.CLITest)" time="0.126" classname="fourcats.view.CLITest"/>
  <testcase name="testAskingForSuggestionApi on testAskingForSuggestionApi(fourcats.view.CLITest)" time="0.126" classname="fourcats.view.CLITest"/>
  <testcase name="readingSuggestionAPIInputWithNoAnswer on readingSuggestionAPIInputWithNoAnswer(fourcats.view.CLITest)" time="0.129" classname="fourcats.view.CLITest"/>
  <testcase name="testingShowOutput on testingShowOutput(fourcats.view.CLITest)" time="0.13" classname="fourcats.view.CLITest"/>
  <testcase name="testingUpdate on testingUpdate(fourcats.view.CLITest)" time="0.131" classname="fourcats.view.CLITest"/>
  <testcase name="testGenerateApi on testGenerateApi(fourcats.view.CLITest)" time="0.132" classname="fourcats.view.CLITest"/>
  <testcase name="readingModifyApi on readingModifyApi(fourcats.view.CLITest)" time="0.134" classname="fourcats.view.CLITest"/>
  <testcase name="testingConstructor on testingConstructor(fourcats.view.CLITest)" time="0.135" classname="fourcats.view.CLITest"/>
  <testcase name="readingNotGenerateApi on readingNotGenerateApi(fourcats.view.CLITest)" time="0.135" classname="fourcats.view.CLITest"/>
  <testcase name="testAskingForBal on testAskingForBal(fourcats.view.CLITest)" time="0.136" classname="fourcats.view.CLITest"/>
  <testcase name="testAskingForPLA on testAskingForPLA(fourcats.view.CLITest)" time="0.137" classname="fourcats.view.CLITest"/>
  <testcase name="testAskingAnother on testAskingAnother(fourcats.view.CLITest)" time="0.138" classname="fourcats.view.CLITest"/>
</testsuite> <!-- Surefire test -->
