<?xml version="1.0" encoding="UTF-8" standalone="yes"?><!DOCTYPE report PUBLIC "-//JACOCO//DTD Report 1.1//EN" "report.dtd"><report name="NaturalAPI_Design"><sessioninfo id="Air-di-Edoardo.homenet.telecomitalia.it-9d5c3dbe" start="1588075292966" dump="1588075374568"/><package name="fourcats/datastructure/observer"><class name="fourcats/datastructure/observer/Observer" sourcefilename="Observer.java"/><class name="fourcats/datastructure/observer/Subject" sourcefilename="Subject.java"><method name="&lt;init&gt;" desc="()V" line="9"><counter type="INSTRUCTION" missed="8" covered="0"/><counter type="LINE" missed="3" covered="0"/><counter type="COMPLEXITY" missed="1" covered="0"/><counter type="METHOD" missed="1" covered="0"/></method><method name="attach" desc="(Lfourcats/datastructure/observer/Observer;)V" line="13"><counter type="INSTRUCTION" missed="6" covered="0"/><counter type="LINE" missed="2" covered="0"/><counter type="COMPLEXITY" missed="1" covered="0"/><counter type="METHOD" missed="1" covered="0"/></method><method name="notifyObservers" desc="()V" line="16"><counter type="INSTRUCTION" missed="15" covered="0"/><counter type="BRANCH" missed="2" covered="0"/><counter type="LINE" missed="4" covered="0"/><counter type="COMPLEXITY" missed="2" covered="0"/><counter type="METHOD" missed="1" covered="0"/></method><counter type="INSTRUCTION" missed="29" covered="0"/><counter type="BRANCH" missed="2" covered="0"/><counter type="LINE" missed="9" covered="0"/><counter type="COMPLEXITY" missed="4" covered="0"/><counter type="METHOD" missed="3" covered="0"/><counter type="CLASS" missed="1" covered="0"/></class><sourcefile name="Subject.java"><line nr="9" mi="2" ci="0" mb="0" cb="0"/><line nr="10" mi="5" ci="0" mb="0" cb="0"/><line nr="11" mi="1" ci="0" mb="0" cb="0"/><line nr="13" mi="5" ci="0" mb="0" cb="0"/><line nr="14" mi="1" ci="0" mb="0" cb="0"/><line nr="16" mi="11" ci="0" mb="2" cb="0"/><line nr="17" mi="2" ci="0" mb="0" cb="0"/><line nr="18" mi="1" ci="0" mb="0" cb="0"/><line nr="19" mi="1" ci="0" mb="0" cb="0"/><counter type="INSTRUCTION" missed="29" covered="0"/><counter type="BRANCH" missed="2" covered="0"/><counter type="LINE" missed="9" covered="0"/><counter type="COMPLEXITY" missed="4" covered="0"/><counter type="METHOD" missed="3" covered="0"/><counter type="CLASS" missed="1" covered="0"/></sourcefile><sourcefile name="Observer.java"/><counter type="INSTRUCTION" missed="29" covered="0"/><counter type="BRANCH" missed="2" covered="0"/><counter type="LINE" missed="9" covered="0"/><counter type="COMPLEXITY" missed="4" covered="0"/><counter type="METHOD" missed="3" covered="0"/><counter type="CLASS" missed="1" covered="0"/></package><package name="fourcats/port"><class name="fourcats/port/CreateCustomTypeInputPort" sourcefilename="CreateCustomTypeInputPort.java"/><class name="fourcats/port/DeclineBALSuggestionInputPort" sourcefilename="DeclineBALSuggestionInputPort.java"/><class name="fourcats/port/ShowTypesOutputPort" sourcefilename="ShowTypesOutputPort.java"/><class name="fourcats/port/GenerateBALSuggestionsOutputPort" sourcefilename="GenerateBALSuggestionsOutputPort.java"/><class name="fourcats/port/GenerateBALOutputPort" sourcefilename="GenerateBALOutputPort.java"/><class name="fourcats/port/ModifyBALSuggestionInputPort" sourcefilename="ModifyBALSuggestionInputPort.java"/><class name="fourcats/port/ModifyBALSuggestionOutputPort" sourcefilename="ModifyBALSuggestionOutputPort.java"/><class name="fourcats/port/DeclineBALSuggestionOutputPort" sourcefilename="DeclineBALSuggestionOutputPort.java"/><class name="fourcats/port/ShowTypesInputPort" sourcefilename="ShowTypesInputPort.java"/><class name="fourcats/port/GenerateBALSuggestionsInputPort" sourcefilename="GenerateBALSuggestionsInputPort.java"/><class name="fourcats/port/GenerateBALInputPort" sourcefilename="GenerateBALInputPort.java"/><class name="fourcats/port/CreateCustomTypeOutputPort" sourcefilename="CreateCustomTypeOutputPort.java"/><sourcefile name="ShowTypesOutputPort.java"/><sourcefile name="ModifyBALSuggestionInputPort.java"/><sourcefile name="GenerateBALOutputPort.java"/><sourcefile name="CreateCustomTypeOutputPort.java"/><sourcefile name="GenerateBALInputPort.java"/><sourcefile name="GenerateBALSuggestionsInputPort.java"/><sourcefile name="CreateCustomTypeInputPort.java"/><sourcefile name="GenerateBALSuggestionsOutputPort.java"/><sourcefile name="ShowTypesInputPort.java"/><sourcefile name="ModifyBALSuggestionOutputPort.java"/><sourcefile name="DeclineBALSuggestionInputPort.java"/><sourcefile name="DeclineBALSuggestionOutputPort.java"/></package><package name="fourcats/interfaceadapters"><class name="fourcats/interfaceadapters/DataPresenterGUI" sourcefilename="DataPresenterGUI.java"><method name="&lt;init&gt;" desc="()V" line="32"><counter type="INSTRUCTION" missed="32" covered="0"/><counter type="LINE" missed="9" covered="0"/><counter type="COMPLEXITY" missed="1" covered="0"/><counter type="METHOD" missed="1" covered="0"/></method><method name="showSuggestionsForScenario" desc="(Ljava/util/Map;)V" line="44"><counter type="INSTRUCTION" missed="167" covered="0"/><counter type="BRANCH" missed="6" covered="0"/><counter type="LINE" missed="25" covered="0"/><counter type="COMPLEXITY" missed="4" covered="0"/><counter type="METHOD" missed="1" covered="0"/></method><method name="showErrorFileLoad" desc="()V" line="72"><counter type="INSTRUCTION" missed="6" covered="0"/><counter type="LINE" missed="3" covered="0"/><counter type="COMPLEXITY" missed="1" covered="0"/><counter type="METHOD" missed="1" covered="0"/></method><method name="getActionId" desc="()Ljava/lang/String;" line="78"><counter type="INSTRUCTION" missed="3" covered="0"/><counter type="LINE" missed="1" covered="0"/><counter type="COMPLEXITY" missed="1" covered="0"/><counter type="METHOD" missed="1" covered="0"/></method><method name="getActionName" desc="()Ljava/lang/String;" line="82"><counter type="INSTRUCTION" missed="3" covered="0"/><counter type="LINE" missed="1" covered="0"/><counter type="COMPLEXITY" missed="1" covered="0"/><counter type="METHOD" missed="1" covered="0"/></method><method name="getActionType" desc="()Ljava/lang/String;" line="86"><counter type="INSTRUCTION" missed="3" covered="0"/><counter type="LINE" missed="1" covered="0"/><counter type="COMPLEXITY" missed="1" covered="0"/><counter type="METHOD" missed="1" covered="0"/></method><method name="getMessage" desc="()Ljava/lang/String;" line="90"><counter type="INSTRUCTION" missed="3" covered="0"/><counter type="LINE" missed="1" covered="0"/><counter type="COMPLEXITY" missed="1" covered="0"/><counter type="METHOD" missed="1" covered="0"/></method><method name="getScenarioContent" desc="()Ljava/lang/String;" line="94"><counter type="INSTRUCTION" missed="3" covered="0"/><counter type="LINE" missed="1" covered="0"/><counter type="COMPLEXITY" missed="1" covered="0"/><counter type="METHOD" missed="1" covered="0"/></method><method name="getScenarioId" desc="()Ljava/lang/String;" line="98"><counter type="INSTRUCTION" missed="3" covered="0"/><counter type="LINE" missed="1" covered="0"/><counter type="COMPLEXITY" missed="1" covered="0"/><counter type="METHOD" missed="1" covered="0"/></method><method name="getActor" desc="()Ljava/lang/String;" line="102"><counter type="INSTRUCTION" missed="3" covered="0"/><counter type="LINE" missed="1" covered="0"/><counter type="COMPLEXITY" missed="1" covered="0"/><counter type="METHOD" missed="1" covered="0"/></method><method name="getSuggestionId" desc="()Ljava/lang/String;" line="106"><counter type="INSTRUCTION" missed="3" covered="0"/><counter type="LINE" missed="1" covered="0"/><counter type="COMPLEXITY" missed="1" covered="0"/><counter type="METHOD" missed="1" covered="0"/></method><method name="isSuggestionToAdd" desc="()Z" line="110"><counter type="INSTRUCTION" missed="3" covered="0"/><counter type="LINE" missed="1" covered="0"/><counter type="COMPLEXITY" missed="1" covered="0"/><counter type="METHOD" missed="1" covered="0"/></method><method name="getlTypes" desc="()Ljava/util/List;" line="114"><counter type="INSTRUCTION" missed="3" covered="0"/><counter type="LINE" missed="1" covered="0"/><counter type="COMPLEXITY" missed="1" covered="0"/><counter type="METHOD" missed="1" covered="0"/></method><method name="getlObjectId" desc="()Ljava/util/List;" line="118"><counter type="INSTRUCTION" missed="3" covered="0"/><counter type="LINE" missed="1" covered="0"/><counter type="COMPLEXITY" missed="1" covered="0"/><counter type="METHOD" missed="1" covered="0"/></method><method name="getlObjectTypes" desc="()Ljava/util/List;" line="122"><counter type="INSTRUCTION" missed="3" covered="0"/><counter type="LINE" missed="1" covered="0"/><counter type="COMPLEXITY" missed="1" covered="0"/><counter type="METHOD" missed="1" covered="0"/></method><method name="getlObjectNames" desc="()Ljava/util/List;" line="126"><counter type="INSTRUCTION" missed="3" covered="0"/><counter type="LINE" missed="1" covered="0"/><counter type="COMPLEXITY" missed="1" covered="0"/><counter type="METHOD" missed="1" covered="0"/></method><method name="isOkOperation" desc="()Z" line="130"><counter type="INSTRUCTION" missed="3" covered="0"/><counter type="LINE" missed="1" covered="0"/><counter type="COMPLEXITY" missed="1" covered="0"/><counter type="METHOD" missed="1" covered="0"/></method><method name="showDeclinedSuggestion" desc="(Ljava/util/Map;Z)V" line="135"><counter type="INSTRUCTION" missed="12" covered="0"/><counter type="BRANCH" missed="2" covered="0"/><counter type="LINE" missed="5" covered="0"/><counter type="COMPLEXITY" missed="2" covered="0"/><counter type="METHOD" missed="1" covered="0"/></method><method name="showModifiedActionName" desc="(Ljava/util/Map;Z)V" line="146"><counter type="INSTRUCTION" missed="14" covered="0"/><counter type="BRANCH" missed="2" covered="0"/><counter type="LINE" missed="6" covered="0"/><counter type="COMPLEXITY" missed="2" covered="0"/><counter type="METHOD" missed="1" covered="0"/></method><method name="showModifiedActionType" desc="(Ljava/util/Map;Z)V" line="159"><counter type="INSTRUCTION" missed="12" covered="0"/><counter type="BRANCH" missed="2" covered="0"/><counter type="LINE" missed="5" covered="0"/><counter type="COMPLEXITY" missed="2" covered="0"/><counter type="METHOD" missed="1" covered="0"/></method><method name="showModifiedObjectName" desc="(Ljava/util/Map;Z)V" line="170"><counter type="INSTRUCTION" missed="12" covered="0"/><counter type="BRANCH" missed="2" covered="0"/><counter type="LINE" missed="5" covered="0"/><counter type="COMPLEXITY" missed="2" covered="0"/><counter type="METHOD" missed="1" covered="0"/></method><method name="showModifiedObjectType" desc="(Ljava/util/Map;Z)V" line="181"><counter type="INSTRUCTION" missed="12" covered="0"/><counter type="BRANCH" missed="2" covered="0"/><counter type="LINE" missed="5" covered="0"/><counter type="COMPLEXITY" missed="2" covered="0"/><counter type="METHOD" missed="1" covered="0"/></method><method name="showAddedObject" desc="(Ljava/util/Map;Z)V" line="192"><counter type="INSTRUCTION" missed="18" covered="0"/><counter type="BRANCH" missed="2" covered="0"/><counter type="LINE" missed="7" covered="0"/><counter type="COMPLEXITY" missed="2" covered="0"/><counter type="METHOD" missed="1" covered="0"/></method><method name="showRemovedObject" desc="(Ljava/util/Map;Z)V" line="206"><counter type="INSTRUCTION" missed="12" covered="0"/><counter type="BRANCH" missed="2" covered="0"/><counter type="LINE" missed="5" covered="0"/><counter type="COMPLEXITY" missed="2" covered="0"/><counter type="METHOD" missed="1" covered="0"/></method><method name="showCustomTypeCreationStatus" desc="(Z)V" line="216"><counter type="INSTRUCTION" missed="12" covered="0"/><counter type="BRANCH" missed="2" covered="0"/><counter type="LINE" missed="5" covered="0"/><counter type="COMPLEXITY" missed="2" covered="0"/><counter type="METHOD" missed="1" covered="0"/></method><method name="showGenerationStatus" desc="(Z)V" line="227"><counter type="INSTRUCTION" missed="12" covered="0"/><counter type="BRANCH" missed="2" covered="0"/><counter type="LINE" missed="5" covered="0"/><counter type="COMPLEXITY" missed="2" covered="0"/><counter type="METHOD" missed="1" covered="0"/></method><method name="showTypes" desc="(Ljava/util/Map;)V" line="238"><counter type="INSTRUCTION" missed="42" covered="0"/><counter type="BRANCH" missed="8" covered="0"/><counter type="LINE" missed="7" covered="0"/><counter type="COMPLEXITY" missed="5" covered="0"/><counter type="METHOD" missed="1" covered="0"/></method><counter type="INSTRUCTION" missed="405" covered="0"/><counter type="BRANCH" missed="32" covered="0"/><counter type="LINE" missed="106" covered="0"/><counter type="COMPLEXITY" missed="43" covered="0"/><counter type="METHOD" missed="27" covered="0"/><counter type="CLASS" missed="1" covered="0"/></class><class name="fourcats/interfaceadapters/Controller" sourcefilename="Controller.java"><method name="&lt;init&gt;" desc="(Lfourcats/port/GenerateBALSuggestionsInputPort;Lfourcats/port/DeclineBALSuggestionInputPort;Lfourcats/port/GenerateBALInputPort;Lfourcats/port/ModifyBALSuggestionInputPort;Lfourcats/port/CreateCustomTypeInputPort;Lfourcats/port/ShowTypesInputPort;)V" line="18"><counter type="INSTRUCTION" missed="21" covered="0"/><counter type="LINE" missed="8" covered="0"/><counter type="COMPLEXITY" missed="1" covered="0"/><counter type="METHOD" missed="1" covered="0"/></method><method name="generateSuggestions" desc="(Ljava/lang/String;)V" line="28"><counter type="INSTRUCTION" missed="5" covered="0"/><counter type="LINE" missed="2" covered="0"/><counter type="COMPLEXITY" missed="1" covered="0"/><counter type="METHOD" missed="1" covered="0"/></method><method name="declineSuggestion" desc="(Ljava/lang/String;Ljava/lang/String;)V" line="32"><counter type="INSTRUCTION" missed="8" covered="0"/><counter type="LINE" missed="2" covered="0"/><counter type="COMPLEXITY" missed="1" covered="0"/><counter type="METHOD" missed="1" covered="0"/></method><method name="generateBAL" desc="(Ljava/lang/String;)V" line="36"><counter type="INSTRUCTION" missed="5" covered="0"/><counter type="LINE" missed="2" covered="0"/><counter type="COMPLEXITY" missed="1" covered="0"/><counter type="METHOD" missed="1" covered="0"/></method><method name="modifyActionName" desc="(Ljava/lang/String;Ljava/lang/String;Ljava/lang/String;)V" line="39"><counter type="INSTRUCTION" missed="9" covered="0"/><counter type="LINE" missed="2" covered="0"/><counter type="COMPLEXITY" missed="1" covered="0"/><counter type="METHOD" missed="1" covered="0"/></method><method name="modifyActionType" desc="(Ljava/lang/String;Ljava/lang/String;Ljava/lang/String;)V" line="42"><counter type="INSTRUCTION" missed="9" covered="0"/><counter type="LINE" missed="2" covered="0"/><counter type="COMPLEXITY" missed="1" covered="0"/><counter type="METHOD" missed="1" covered="0"/></method><method name="modifyObjectName" desc="(Ljava/lang/String;Ljava/lang/String;Ljava/lang/String;Ljava/lang/String;)V" line="46"><counter type="INSTRUCTION" missed="11" covered="0"/><counter type="LINE" missed="2" covered="0"/><counter type="COMPLEXITY" missed="1" covered="0"/><counter type="METHOD" missed="1" covered="0"/></method><method name="modifyObjectType" desc="(Ljava/lang/String;Ljava/lang/String;Ljava/lang/String;Ljava/lang/String;)V" line="50"><counter type="INSTRUCTION" missed="11" covered="0"/><counter type="LINE" missed="2" covered="0"/><counter type="COMPLEXITY" missed="1" covered="0"/><counter type="METHOD" missed="1" covered="0"/></method><method name="modifyObjectTypeById" desc="(Ljava/lang/String;Ljava/lang/String;Ljava/lang/String;Ljava/lang/String;)V" line="54"><counter type="INSTRUCTION" missed="12" covered="0"/><counter type="LINE" missed="2" covered="0"/><counter type="COMPLEXITY" missed="1" covered="0"/><counter type="METHOD" missed="1" covered="0"/></method><method name="createCustomType" desc="(Ljava/lang/String;Ljava/util/Map;)V" line="57"><counter type="INSTRUCTION" missed="6" covered="0"/><counter type="LINE" missed="2" covered="0"/><counter type="COMPLEXITY" missed="1" covered="0"/><counter type="METHOD" missed="1" covered="0"/></method><method name="showTypes" desc="()V" line="61"><counter type="INSTRUCTION" missed="4" covered="0"/><counter type="LINE" missed="2" covered="0"/><counter type="COMPLEXITY" missed="1" covered="0"/><counter type="METHOD" missed="1" covered="0"/></method><method name="modifyActionTypeById" desc="(Ljava/lang/String;Ljava/lang/String;Ljava/lang/String;)V" line="65"><counter type="INSTRUCTION" missed="10" covered="0"/><counter type="LINE" missed="2" covered="0"/><counter type="COMPLEXITY" missed="1" covered="0"/><counter type="METHOD" missed="1" covered="0"/></method><method name="addObject" desc="(Ljava/lang/String;Ljava/lang/String;Ljava/lang/String;Ljava/lang/String;)V" line="68"><counter type="INSTRUCTION" missed="11" covered="0"/><counter type="LINE" missed="2" covered="0"/><counter type="COMPLEXITY" missed="1" covered="0"/><counter type="METHOD" missed="1" covered="0"/></method><method name="removeObject" desc="(Ljava/lang/String;Ljava/lang/String;Ljava/lang/String;)V" line="71"><counter type="INSTRUCTION" missed="10" covered="0"/><counter type="LINE" missed="2" covered="0"/><counter type="COMPLEXITY" missed="1" covered="0"/><counter type="METHOD" missed="1" covered="0"/></method><counter type="INSTRUCTION" missed="132" covered="0"/><counter type="LINE" missed="34" covered="0"/><counter type="COMPLEXITY" missed="14" covered="0"/><counter type="METHOD" missed="14" covered="0"/><counter type="CLASS" missed="1" covered="0"/></class><class name="fourcats/interfaceadapters/DataPresenter" sourcefilename="DataPresenter.java"><method name="&lt;init&gt;" desc="()V" line="11"><counter type="INSTRUCTION" missed="3" covered="0"/><counter type="LINE" missed="1" covered="0"/><counter type="COMPLEXITY" missed="1" covered="0"/><counter type="METHOD" missed="1" covered="0"/></method><method name="showSuggestionsForScenario" desc="(Ljava/util/Map;)V" line="18"><counter type="INSTRUCTION" missed="68" covered="0"/><counter type="BRANCH" missed="4" covered="0"/><counter type="LINE" missed="9" covered="0"/><counter type="COMPLEXITY" missed="3" covered="0"/><counter type="METHOD" missed="1" covered="0"/></method><method name="showErrorFileLoad" desc="()V" line="30"><counter type="INSTRUCTION" missed="4" covered="0"/><counter type="LINE" missed="2" covered="0"/><counter type="COMPLEXITY" missed="1" covered="0"/><counter type="METHOD" missed="1" covered="0"/></method><method name="showDeclinedSuggestion" desc="(Ljava/util/Map;Z)V" line="37"><counter type="INSTRUCTION" missed="17" covered="0"/><counter type="BRANCH" missed="2" covered="0"/><counter type="LINE" missed="7" covered="0"/><counter type="COMPLEXITY" missed="2" covered="0"/><counter type="METHOD" missed="1" covered="0"/></method><method name="getDataToShow" desc="()Ljava/lang/String;" line="50"><counter type="INSTRUCTION" missed="3" covered="0"/><counter type="LINE" missed="1" covered="0"/><counter type="COMPLEXITY" missed="1" covered="0"/><counter type="METHOD" missed="1" covered="0"/></method><method name="showGenerationStatus" desc="(Z)V" line="55"><counter type="INSTRUCTION" missed="12" covered="0"/><counter type="BRANCH" missed="2" covered="0"/><counter type="LINE" missed="5" covered="0"/><counter type="COMPLEXITY" missed="2" covered="0"/><counter type="METHOD" missed="1" covered="0"/></method><method name="showModifiedActionName" desc="(Ljava/util/Map;Z)V" line="66"><counter type="INSTRUCTION" missed="17" covered="0"/><counter type="BRANCH" missed="2" covered="0"/><counter type="LINE" missed="7" covered="0"/><counter type="COMPLEXITY" missed="2" covered="0"/><counter type="METHOD" missed="1" covered="0"/></method><method name="showModifiedActionType" desc="(Ljava/util/Map;Z)V" line="80"><counter type="INSTRUCTION" missed="17" covered="0"/><counter type="BRANCH" missed="2" covered="0"/><counter type="LINE" missed="7" covered="0"/><counter type="COMPLEXITY" missed="2" covered="0"/><counter type="METHOD" missed="1" covered="0"/></method><method name="showModifiedObjectName" desc="(Ljava/util/Map;Z)V" line="93"><counter type="INSTRUCTION" missed="17" covered="0"/><counter type="BRANCH" missed="2" covered="0"/><counter type="LINE" missed="7" covered="0"/><counter type="COMPLEXITY" missed="2" covered="0"/><counter type="METHOD" missed="1" covered="0"/></method><method name="showModifiedObjectType" desc="(Ljava/util/Map;Z)V" line="106"><counter type="INSTRUCTION" missed="17" covered="0"/><counter type="BRANCH" missed="2" covered="0"/><counter type="LINE" missed="7" covered="0"/><counter type="COMPLEXITY" missed="2" covered="0"/><counter type="METHOD" missed="1" covered="0"/></method><method name="showAddedObject" desc="(Ljava/util/Map;Z)V" line="119"><counter type="INSTRUCTION" missed="17" covered="0"/><counter type="BRANCH" missed="2" covered="0"/><counter type="LINE" missed="7" covered="0"/><counter type="COMPLEXITY" missed="2" covered="0"/><counter type="METHOD" missed="1" covered="0"/></method><method name="showRemovedObject" desc="(Ljava/util/Map;Z)V" line="133"><counter type="INSTRUCTION" missed="17" covered="0"/><counter type="BRANCH" missed="2" covered="0"/><counter type="LINE" missed="7" covered="0"/><counter type="COMPLEXITY" missed="2" covered="0"/><counter type="METHOD" missed="1" covered="0"/></method><method name="showTypes" desc="(Ljava/util/Map;)V" line="146"><counter type="INSTRUCTION" missed="44" covered="0"/><counter type="BRANCH" missed="4" covered="0"/><counter type="LINE" missed="8" covered="0"/><counter type="COMPLEXITY" missed="3" covered="0"/><counter type="METHOD" missed="1" covered="0"/></method><method name="showCustomTypeCreationStatus" desc="(Z)V" line="160"><counter type="INSTRUCTION" missed="12" covered="0"/><counter type="BRANCH" missed="2" covered="0"/><counter type="LINE" missed="5" covered="0"/><counter type="COMPLEXITY" missed="2" covered="0"/><counter type="METHOD" missed="1" covered="0"/></method><counter type="INSTRUCTION" missed="265" covered="0"/><counter type="BRANCH" missed="26" covered="0"/><counter type="LINE" missed="80" covered="0"/><counter type="COMPLEXITY" missed="27" covered="0"/><counter type="METHOD" missed="14" covered="0"/><counter type="CLASS" missed="1" covered="0"/></class><sourcefile name="DataPresenterGUI.java"><line nr="32" mi="2" ci="0" mb="0" cb="0"/><line nr="33" mi="3" ci="0" mb="0" cb="0"/><line nr="34" mi="3" ci="0" mb="0" cb="0"/><line nr="35" mi="3" ci="0" mb="0" cb="0"/><line nr="36" mi="5" ci="0" mb="0" cb="0"/><line nr="37" mi="5" ci="0" mb="0" cb="0"/><line nr="38" mi="5" ci="0" mb="0" cb="0"/><line nr="39" mi="5" ci="0" mb="0" cb="0"/><line nr="40" mi="1" ci="0" mb="0" cb="0"/><line nr="44" mi="3" ci="0" mb="0" cb="0"/><line nr="45" mi="11" ci="0" mb="2" cb="0"/><line nr="46" mi="16" ci="0" mb="0" cb="0"/><line nr="47" mi="11" ci="0" mb="0" cb="0"/><line nr="48" mi="6" ci="0" mb="0" cb="0"/><line nr="49" mi="14" ci="0" mb="2" cb="0"/><line nr="50" mi="2" ci="0" mb="0" cb="0"/><line nr="51" mi="11" ci="0" mb="0" cb="0"/><line nr="52" mi="6" ci="0" mb="0" cb="0"/><line nr="53" mi="13" ci="0" mb="0" cb="0"/><line nr="54" mi="11" ci="0" mb="0" cb="0"/><line nr="55" mi="13" ci="0" mb="2" cb="0"/><line nr="56" mi="12" ci="0" mb="0" cb="0"/><line nr="57" mi="13" ci="0" mb="0" cb="0"/><line nr="58" mi="6" ci="0" mb="0" cb="0"/><line nr="59" mi="1" ci="0" mb="0" cb="0"/><line nr="60" mi="1" ci="0" mb="0" cb="0"/><line nr="61" mi="2" ci="0" mb="0" cb="0"/><line nr="62" mi="3" ci="0" mb="0" cb="0"/><line nr="63" mi="3" ci="0" mb="0" cb="0"/><line nr="64" mi="3" ci="0" mb="0" cb="0"/><line nr="65" mi="1" ci="0" mb="0" cb="0"/><line nr="66" mi="1" ci="0" mb="0" cb="0"/><line nr="67" mi="3" ci="0" mb="0" cb="0"/><line nr="68" mi="1" ci="0" mb="0" cb="0"/><line nr="72" mi="3" ci="0" mb="0" cb="0"/><line nr="74" mi="2" ci="0" mb="0" cb="0"/><line nr="75" mi="1" ci="0" mb="0" cb="0"/><line nr="78" mi="3" ci="0" mb="0" cb="0"/><line nr="82" mi="3" ci="0" mb="0" cb="0"/><line nr="86" mi="3" ci="0" mb="0" cb="0"/><line nr="90" mi="3" ci="0" mb="0" cb="0"/><line nr="94" mi="3" ci="0" mb="0" cb="0"/><line nr="98" mi="3" ci="0" mb="0" cb="0"/><line nr="102" mi="3" ci="0" mb="0" cb="0"/><line nr="106" mi="3" ci="0" mb="0" cb="0"/><line nr="110" mi="3" ci="0" mb="0" cb="0"/><line nr="114" mi="3" ci="0" mb="0" cb="0"/><line nr="118" mi="3" ci="0" mb="0" cb="0"/><line nr="122" mi="3" ci="0" mb="0" cb="0"/><line nr="126" mi="3" ci="0" mb="0" cb="0"/><line nr="130" mi="3" ci="0" mb="0" cb="0"/><line nr="135" mi="2" ci="0" mb="2" cb="0"/><line nr="136" mi="4" ci="0" mb="0" cb="0"/><line nr="139" mi="3" ci="0" mb="0" cb="0"/><line nr="141" mi="2" ci="0" mb="0" cb="0"/><line nr="142" mi="1" ci="0" mb="0" cb="0"/><line nr="146" mi="2" ci="0" mb="2" cb="0"/><line nr="147" mi="3" ci="0" mb="0" cb="0"/><line nr="148" mi="3" ci="0" mb="0" cb="0"/><line nr="151" mi="3" ci="0" mb="0" cb="0"/><line nr="152" mi="2" ci="0" mb="0" cb="0"/><line nr="155" mi="1" ci="0" mb="0" cb="0"/><line nr="159" mi="2" ci="0" mb="2" cb="0"/><line nr="160" mi="3" ci="0" mb="0" cb="0"/><line nr="161" mi="3" ci="0" mb="0" cb="0"/><line nr="164" mi="3" ci="0" mb="0" cb="0"/><line nr="166" mi="1" ci="0" mb="0" cb="0"/><line nr="170" mi="2" ci="0" mb="2" cb="0"/><line nr="171" mi="4" ci="0" mb="0" cb="0"/><line nr="174" mi="3" ci="0" mb="0" cb="0"/><line nr="176" mi="2" ci="0" mb="0" cb="0"/><line nr="177" mi="1" ci="0" mb="0" cb="0"/><line nr="181" mi="2" ci="0" mb="2" cb="0"/><line nr="182" mi="4" ci="0" mb="0" cb="0"/><line nr="185" mi="3" ci="0" mb="0" cb="0"/><line nr="187" mi="2" ci="0" mb="0" cb="0"/><line nr="188" mi="1" ci="0" mb="0" cb="0"/><line nr="192" mi="2" ci="0" mb="2" cb="0"/><line nr="193" mi="3" ci="0" mb="0" cb="0"/><line nr="194" mi="4" ci="0" mb="0" cb="0"/><line nr="197" mi="3" ci="0" mb="0" cb="0"/><line nr="199" mi="3" ci="0" mb="0" cb="0"/><line nr="201" mi="2" ci="0" mb="0" cb="0"/><line nr="202" mi="1" ci="0" mb="0" cb="0"/><line nr="206" mi="2" ci="0" mb="2" cb="0"/><line nr="207" mi="4" ci="0" mb="0" cb="0"/><line nr="209" mi="3" ci="0" mb="0" cb="0"/><line nr="211" mi="2" ci="0" mb="0" cb="0"/><line nr="212" mi="1" ci="0" mb="0" cb="0"/><line nr="216" mi="2" ci="0" mb="2" cb="0"/><line nr="217" mi="4" ci="0" mb="0" cb="0"/><line nr="220" mi="3" ci="0" mb="0" cb="0"/><line nr="222" mi="2" ci="0" mb="0" cb="0"/><line nr="223" mi="1" ci="0" mb="0" cb="0"/><line nr="227" mi="2" ci="0" mb="2" cb="0"/><line nr="228" mi="4" ci="0" mb="0" cb="0"/><line nr="231" mi="3" ci="0" mb="0" cb="0"/><line nr="233" mi="2" ci="0" mb="0" cb="0"/><line nr="234" mi="1" ci="0" mb="0" cb="0"/><line nr="238" mi="9" ci="0" mb="4" cb="0"/><line nr="239" mi="11" ci="0" mb="2" cb="0"/><line nr="240" mi="8" ci="0" mb="2" cb="0"/><line nr="241" mi="8" ci="0" mb="0" cb="0"/><line nr="242" mi="2" ci="0" mb="0" cb="0"/><line nr="246" mi="3" ci="0" mb="0" cb="0"/><line nr="249" mi="1" ci="0" mb="0" cb="0"/><counter type="INSTRUCTION" missed="405" covered="0"/><counter type="BRANCH" missed="32" covered="0"/><counter type="LINE" missed="106" covered="0"/><counter type="COMPLEXITY" missed="43" covered="0"/><counter type="METHOD" missed="27" covered="0"/><counter type="CLASS" missed="1" covered="0"/></sourcefile><sourcefile name="DataPresenter.java"><line nr="11" mi="3" ci="0" mb="0" cb="0"/><line nr="18" mi="11" ci="0" mb="2" cb="0"/><line nr="19" mi="20" ci="0" mb="0" cb="0"/><line nr="20" mi="2" ci="0" mb="0" cb="0"/><line nr="21" mi="14" ci="0" mb="2" cb="0"/><line nr="22" mi="16" ci="0" mb="0" cb="0"/><line nr="23" mi="2" ci="0" mb="0" cb="0"/><line nr="24" mi="1" ci="0" mb="0" cb="0"/><line nr="25" mi="1" ci="0" mb="0" cb="0"/><line nr="26" mi="1" ci="0" mb="0" cb="0"/><line nr="30" mi="3" ci="0" mb="0" cb="0"/><line nr="32" mi="1" ci="0" mb="0" cb="0"/><line nr="37" mi="2" ci="0" mb="2" cb="0"/><line nr="38" mi="3" ci="0" mb="0" cb="0"/><line nr="39" mi="2" ci="0" mb="0" cb="0"/><line nr="40" mi="4" ci="0" mb="0" cb="0"/><line nr="43" mi="3" ci="0" mb="0" cb="0"/><line nr="44" mi="2" ci="0" mb="0" cb="0"/><line nr="47" mi="1" ci="0" mb="0" cb="0"/><line nr="50" mi="3" ci="0" mb="0" cb="0"/><line nr="55" mi="2" ci="0" mb="2" cb="0"/><line nr="56" mi="4" ci="0" mb="0" cb="0"/><line nr="59" mi="3" ci="0" mb="0" cb="0"/><line nr="61" mi="2" ci="0" mb="0" cb="0"/><line nr="62" mi="1" ci="0" mb="0" cb="0"/><line nr="66" mi="2" ci="0" mb="2" cb="0"/><line nr="67" mi="3" ci="0" mb="0" cb="0"/><line nr="68" mi="2" ci="0" mb="0" cb="0"/><line nr="69" mi="4" ci="0" mb="0" cb="0"/><line nr="72" mi="3" ci="0" mb="0" cb="0"/><line nr="73" mi="2" ci="0" mb="0" cb="0"/><line nr="76" mi="1" ci="0" mb="0" cb="0"/><line nr="80" mi="2" ci="0" mb="2" cb="0"/><line nr="81" mi="3" ci="0" mb="0" cb="0"/><line nr="82" mi="2" ci="0" mb="0" cb="0"/><line nr="83" mi="4" ci="0" mb="0" cb="0"/><line nr="86" mi="3" ci="0" mb="0" cb="0"/><line nr="87" mi="2" ci="0" mb="0" cb="0"/><line nr="89" mi="1" ci="0" mb="0" cb="0"/><line nr="93" mi="2" ci="0" mb="2" cb="0"/><line nr="94" mi="3" ci="0" mb="0" cb="0"/><line nr="95" mi="2" ci="0" mb="0" cb="0"/><line nr="96" mi="4" ci="0" mb="0" cb="0"/><line nr="99" mi="3" ci="0" mb="0" cb="0"/><line nr="100" mi="2" ci="0" mb="0" cb="0"/><line nr="102" mi="1" ci="0" mb="0" cb="0"/><line nr="106" mi="2" ci="0" mb="2" cb="0"/><line nr="107" mi="3" ci="0" mb="0" cb="0"/><line nr="108" mi="2" ci="0" mb="0" cb="0"/><line nr="109" mi="4" ci="0" mb="0" cb="0"/><line nr="112" mi="3" ci="0" mb="0" cb="0"/><line nr="113" mi="2" ci="0" mb="0" cb="0"/><line nr="115" mi="1" ci="0" mb="0" cb="0"/><line nr="119" mi="2" ci="0" mb="2" cb="0"/><line nr="120" mi="3" ci="0" mb="0" cb="0"/><line nr="121" mi="2" ci="0" mb="0" cb="0"/><line nr="122" mi="4" ci="0" mb="0" cb="0"/><line nr="125" mi="3" ci="0" mb="0" cb="0"/><line nr="127" mi="2" ci="0" mb="0" cb="0"/><line nr="129" mi="1" ci="0" mb="0" cb="0"/><line nr="133" mi="2" ci="0" mb="2" cb="0"/><line nr="134" mi="3" ci="0" mb="0" cb="0"/><line nr="135" mi="2" ci="0" mb="0" cb="0"/><line nr="136" mi="4" ci="0" mb="0" cb="0"/><line nr="139" mi="3" ci="0" mb="0" cb="0"/><line nr="140" mi="2" ci="0" mb="0" cb="0"/><line nr="142" mi="1" ci="0" mb="0" cb="0"/><line nr="146" mi="3" ci="0" mb="2" cb="0"/><line nr="147" mi="11" ci="0" mb="2" cb="0"/><line nr="148" mi="20" ci="0" mb="0" cb="0"/><line nr="149" mi="2" ci="0" mb="0" cb="0"/><line nr="150" mi="2" ci="0" mb="0" cb="0"/><line nr="153" mi="3" ci="0" mb="0" cb="0"/><line nr="154" mi="2" ci="0" mb="0" cb="0"/><line nr="156" mi="1" ci="0" mb="0" cb="0"/><line nr="160" mi="2" ci="0" mb="2" cb="0"/><line nr="161" mi="4" ci="0" mb="0" cb="0"/><line nr="164" mi="3" ci="0" mb="0" cb="0"/><line nr="166" mi="2" ci="0" mb="0" cb="0"/><line nr="167" mi="1" ci="0" mb="0" cb="0"/><counter type="INSTRUCTION" missed="265" covered="0"/><counter type="BRANCH" missed="26" covered="0"/><counter type="LINE" missed="80" covered="0"/><counter type="COMPLEXITY" missed="27" covered="0"/><counter type="METHOD" missed="14" covered="0"/><counter type="CLASS" missed="1" covered="0"/></sourcefile><sourcefile name="Controller.java"><line nr="18" mi="2" ci="0" mb="0" cb="0"/><line nr="19" mi="3" ci="0" mb="0" cb="0"/><line nr="20" mi="3" ci="0" mb="0" cb="0"/><line nr="21" mi="3" ci="0" mb="0" cb="0"/><line nr="22" mi="3" ci="0" mb="0" cb="0"/><line nr="23" mi="3" ci="0" mb="0" cb="0"/><line nr="24" mi="3" ci="0" mb="0" cb="0"/><line nr="25" mi="1" ci="0" mb="0" cb="0"/><line nr="28" mi="4" ci="0" mb="0" cb="0"/><line nr="29" mi="1" ci="0" mb="0" cb="0"/><line nr="32" mi="7" ci="0" mb="0" cb="0"/><line nr="33" mi="1" ci="0" mb="0" cb="0"/><line nr="36" mi="4" ci="0" mb="0" cb="0"/><line nr="37" mi="1" ci="0" mb="0" cb="0"/><line nr="39" mi="8" ci="0" mb="0" cb="0"/><line nr="40" mi="1" ci="0" mb="0" cb="0"/><line nr="42" mi="8" ci="0" mb="0" cb="0"/><line nr="43" mi="1" ci="0" mb="0" cb="0"/><line nr="46" mi="10" ci="0" mb="0" cb="0"/><line nr="47" mi="1" ci="0" mb="0" cb="0"/><line nr="50" mi="10" ci="0" mb="0" cb="0"/><line nr="51" mi="1" ci="0" mb="0" cb="0"/><line nr="54" mi="11" ci="0" mb="0" cb="0"/><line nr="55" mi="1" ci="0" mb="0" cb="0"/><line nr="57" mi="5" ci="0" mb="0" cb="0"/><line nr="58" mi="1" ci="0" mb="0" cb="0"/><line nr="61" mi="3" ci="0" mb="0" cb="0"/><line nr="62" mi="1" ci="0" mb="0" cb="0"/><line nr="65" mi="9" ci="0" mb="0" cb="0"/><line nr="66" mi="1" ci="0" mb="0" cb="0"/><line nr="68" mi="10" ci="0" mb="0" cb="0"/><line nr="69" mi="1" ci="0" mb="0" cb="0"/><line nr="71" mi="9" ci="0" mb="0" cb="0"/><line nr="72" mi="1" ci="0" mb="0" cb="0"/><counter type="INSTRUCTION" missed="132" covered="0"/><counter type="LINE" missed="34" covered="0"/><counter type="COMPLEXITY" missed="14" covered="0"/><counter type="METHOD" missed="14" covered="0"/><counter type="CLASS" missed="1" covered="0"/></sourcefile><counter type="INSTRUCTION" missed="802" covered="0"/><counter type="BRANCH" missed="58" covered="0"/><counter type="LINE" missed="220" covered="0"/><counter type="COMPLEXITY" missed="84" covered="0"/><counter type="METHOD" missed="55" covered="0"/><counter type="CLASS" missed="3" covered="0"/></package><package name="fourcats"><class name="fourcats/App" sourcefilename="App.java"><method name="&lt;init&gt;" desc="()V" line="13"><counter type="INSTRUCTION" missed="3" covered="0"/><counter type="LINE" missed="1" covered="0"/><counter type="COMPLEXITY" missed="1" covered="0"/><counter type="METHOD" missed="1" covered="0"/></method><method name="main" desc="([Ljava/lang/String;)V" line="15"><counter type="INSTRUCTION" missed="79" covered="0"/><counter type="LINE" missed="14" covered="0"/><counter type="COMPLEXITY" missed="1" covered="0"/><counter type="METHOD" missed="1" covered="0"/></method><counter type="INSTRUCTION" missed="82" covered="0"/><counter type="LINE" missed="15" covered="0"/><counter type="COMPLEXITY" missed="2" covered="0"/><counter type="METHOD" missed="2" covered="0"/><counter type="CLASS" missed="1" covered="0"/></class><sourcefile name="App.java"><line nr="13" mi="3" ci="0" mb="0" cb="0"/><line nr="15" mi="10" ci="0" mb="0" cb="0"/><line nr="16" mi="4" ci="0" mb="0" cb="0"/><line nr="19" mi="4" ci="0" mb="0" cb="0"/><line nr="20" mi="4" ci="0" mb="0" cb="0"/><line nr="22" mi="7" ci="0" mb="0" cb="0"/><line nr="23" mi="7" ci="0" mb="0" cb="0"/><line nr="24" mi="6" ci="0" mb="0" cb="0"/><line nr="25" mi="6" ci="0" mb="0" cb="0"/><line nr="26" mi="6" ci="0" mb="0" cb="0"/><line nr="27" mi="6" ci="0" mb="0" cb="0"/><line nr="29" mi="10" ci="0" mb="0" cb="0"/><line nr="33" mi="6" ci="0" mb="0" cb="0"/><line nr="34" mi="2" ci="0" mb="0" cb="0"/><line nr="45" mi="1" ci="0" mb="0" cb="0"/><counter type="INSTRUCTION" missed="82" covered="0"/><counter type="LINE" missed="15" covered="0"/><counter type="COMPLEXITY" missed="2" covered="0"/><counter type="METHOD" missed="2" covered="0"/><counter type="CLASS" missed="1" covered="0"/></sourcefile><counter type="INSTRUCTION" missed="82" covered="0"/><counter type="LINE" missed="15" covered="0"/><counter type="COMPLEXITY" missed="2" covered="0"/><counter type="METHOD" missed="2" covered="0"/><counter type="CLASS" missed="1" covered="0"/></package><package name="fourcats/datastructure"><class name="fourcats/datastructure/BlackList" sourcefilename="BlackList.java"><method name="&lt;init&gt;" desc="()V" line="9"><counter type="INSTRUCTION" missed="55" covered="0"/><counter type="LINE" missed="4" covered="0"/><counter type="COMPLEXITY" missed="1" covered="0"/><counter type="METHOD" missed="1" covered="0"/></method><method name="&lt;init&gt;" desc="(Ljava/util/List;)V" line="13"><counter type="INSTRUCTION" missed="13" covered="0"/><counter type="LINE" missed="4" covered="0"/><counter type="COMPLEXITY" missed="1" covered="0"/><counter type="METHOD" missed="1" covered="0"/></method><method name="addTerm" desc="(Ljava/lang/String;)V" line="18"><counter type="INSTRUCTION" missed="6" covered="0"/><counter type="LINE" missed="2" covered="0"/><counter type="COMPLEXITY" missed="1" covered="0"/><counter type="METHOD" missed="1" covered="0"/></method><method name="addTerms" desc="(Ljava/util/List;)V" line="22"><counter type="INSTRUCTION" missed="6" covered="0"/><counter type="LINE" missed="2" covered="0"/><counter type="COMPLEXITY" missed="1" covered="0"/><counter type="METHOD" missed="1" covered="0"/></method><method name="contains" desc="(Ljava/lang/String;)Z" line="25"><counter type="INSTRUCTION" missed="5" covered="0"/><counter type="LINE" missed="1" covered="0"/><counter type="COMPLEXITY" missed="1" covered="0"/><counter type="METHOD" missed="1" covered="0"/></method><counter type="INSTRUCTION" missed="85" covered="0"/><counter type="LINE" missed="13" covered="0"/><counter type="COMPLEXITY" missed="5" covered="0"/><counter type="METHOD" missed="5" covered="0"/><counter type="CLASS" missed="1" covered="0"/></class><class name="fourcats/datastructure/WordTag" sourcefilename="WordTag.java"><method name="&lt;init&gt;" desc="(Ljava/lang/String;Ljava/lang/String;Ljava/lang/String;)V" line="8"><counter type="INSTRUCTION" missed="0" covered="12"/><counter type="LINE" missed="0" covered="5"/><counter type="COMPLEXITY" missed="0" covered="1"/><counter type="METHOD" missed="0" covered="1"/></method><method name="getValue" desc="()Ljava/lang/String;" line="14"><counter type="INSTRUCTION" missed="3" covered="0"/><counter type="LINE" missed="1" covered="0"/><counter type="COMPLEXITY" missed="1" covered="0"/><counter type="METHOD" missed="1" covered="0"/></method><method name="getTag" desc="()Ljava/lang/String;" line="15"><counter type="INSTRUCTION" missed="0" covered="3"/><counter type="LINE" missed="0" covered="1"/><counter type="COMPLEXITY" missed="0" covered="1"/><counter type="METHOD" missed="0" covered="1"/></method><method name="getLemma" desc="()Ljava/lang/String;" line="16"><counter type="INSTRUCTION" missed="0" covered="3"/><counter type="LINE" missed="0" covered="1"/><counter type="COMPLEXITY" missed="0" covered="1"/><counter type="METHOD" missed="0" covered="1"/></method><method name="toString" desc="()Ljava/lang/String;" line="19"><counter type="INSTRUCTION" missed="0" covered="22"/><counter type="LINE" missed="0" covered="1"/><counter type="COMPLEXITY" missed="0" covered="1"/><counter type="METHOD" missed="0" covered="1"/></method><counter type="INSTRUCTION" missed="3" covered="40"/><counter type="LINE" missed="1" covered="8"/><counter type="COMPLEXITY" missed="1" covered="4"/><counter type="METHOD" missed="1" covered="4"/><counter type="CLASS" missed="0" covered="1"/></class><class name="fourcats/datastructure/WordCounter" sourcefilename="WordCounter.java"><method name="&lt;init&gt;" desc="(Ljava/lang/String;Ljava/lang/Integer;)V" line="7"><counter type="INSTRUCTION" missed="0" covered="9"/><counter type="LINE" missed="0" covered="4"/><counter type="COMPLEXITY" missed="0" covered="1"/><counter type="METHOD" missed="0" covered="1"/></method><method name="&lt;init&gt;" desc="(Ljava/lang/String;)V" line="13"><counter type="INSTRUCTION" missed="0" covered="6"/><counter type="LINE" missed="0" covered="2"/><counter type="COMPLEXITY" missed="0" covered="1"/><counter type="METHOD" missed="0" covered="1"/></method><method name="incrementCounter" desc="()V" line="17"><counter type="INSTRUCTION" missed="0" covered="14"/><counter type="LINE" missed="0" covered="2"/><counter type="COMPLEXITY" missed="0" covered="1"/><counter type="METHOD" missed="0" covered="1"/></method><method name="decrementCounter" desc="()V" line="21"><counter type="INSTRUCTION" missed="0" covered="18"/><counter type="BRANCH" missed="0" covered="2"/><counter type="LINE" missed="0" covered="3"/><counter type="COMPLEXITY" missed="0" covered="2"/><counter type="METHOD" missed="0" covered="1"/></method><method name="getWord" desc="()Ljava/lang/String;" line="26"><counter type="INSTRUCTION" missed="0" covered="3"/><counter type="LINE" missed="0" covered="1"/><counter type="COMPLEXITY" missed="0" covered="1"/><counter type="METHOD" missed="0" covered="1"/></method><method name="getCount" desc="()Ljava/lang/Integer;" line="27"><counter type="INSTRUCTION" missed="0" covered="3"/><counter type="LINE" missed="0" covered="1"/><counter type="COMPLEXITY" missed="0" covered="1"/><counter type="METHOD" missed="0" covered="1"/></method><method name="compareTo" desc="(Lfourcats/datastructure/WordCounter;)I" line="30"><counter type="INSTRUCTION" missed="19" covered="0"/><counter type="BRANCH" missed="4" covered="0"/><counter type="LINE" missed="3" covered="0"/><counter type="COMPLEXITY" missed="3" covered="0"/><counter type="METHOD" missed="1" covered="0"/></method><method name="toString" desc="()Ljava/lang/String;" line="39"><counter type="INSTRUCTION" missed="0" covered="17"/><counter type="LINE" missed="0" covered="1"/><counter type="COMPLEXITY" missed="0" covered="1"/><counter type="METHOD" missed="0" covered="1"/></method><counter type="INSTRUCTION" missed="19" covered="70"/><counter type="BRANCH" missed="4" covered="2"/><counter type="LINE" missed="3" covered="14"/><counter type="COMPLEXITY" missed="3" covered="8"/><counter type="METHOD" missed="1" covered="7"/><counter type="CLASS" missed="0" covered="1"/></class><class name="fourcats/datastructure/Dependency" sourcefilename="Dependency.java"><method name="&lt;init&gt;" desc="(Ljava/lang/String;Ljava/lang/String;Ljava/lang/String;)V" line="8"><counter type="INSTRUCTION" missed="0" covered="12"/><counter type="LINE" missed="0" covered="5"/><counter type="COMPLEXITY" missed="0" covered="1"/><counter type="METHOD" missed="0" covered="1"/></method><method name="getGov" desc="()Ljava/lang/String;" line="14"><counter type="INSTRUCTION" missed="0" covered="3"/><counter type="LINE" missed="0" covered="1"/><counter type="COMPLEXITY" missed="0" covered="1"/><counter type="METHOD" missed="0" covered="1"/></method><method name="getDep" desc="()Ljava/lang/String;" line="15"><counter type="INSTRUCTION" missed="0" covered="3"/><counter type="LINE" missed="0" covered="1"/><counter type="COMPLEXITY" missed="0" covered="1"/><counter type="METHOD" missed="0" covered="1"/></method><method name="getRelation" desc="()Ljava/lang/String;" line="16"><counter type="INSTRUCTION" missed="0" covered="3"/><counter type="LINE" missed="0" covered="1"/><counter type="COMPLEXITY" missed="0" covered="1"/><counter type="METHOD" missed="0" covered="1"/></method><counter type="INSTRUCTION" missed="0" covered="21"/><counter type="LINE" missed="0" covered="8"/><counter type="COMPLEXITY" missed="0" covered="4"/><counter type="METHOD" missed="0" covered="4"/><counter type="CLASS" missed="0" covered="1"/></class><class name="fourcats/datastructure/AnalyzedData" sourcefilename="AnalyzedData.java"><method name="&lt;init&gt;" desc="()V" line="10"><counter type="INSTRUCTION" missed="0" covered="13"/><counter type="LINE" missed="0" covered="4"/><counter type="COMPLEXITY" missed="0" covered="1"/><counter type="METHOD" missed="0" covered="1"/></method><method name="addDependency" desc="(Ljava/lang/String;Ljava/lang/String;Ljava/lang/String;)V" line="16"><counter type="INSTRUCTION" missed="0" covered="11"/><counter type="LINE" missed="0" covered="2"/><counter type="COMPLEXITY" missed="0" covered="1"/><counter type="METHOD" missed="0" covered="1"/></method><method name="addLemmaData" desc="(Ljava/lang/String;Ljava/lang/String;Ljava/lang/String;)V" line="20"><counter type="INSTRUCTION" missed="0" covered="11"/><counter type="LINE" missed="0" covered="2"/><counter type="COMPLEXITY" missed="0" covered="1"/><counter type="METHOD" missed="0" covered="1"/></method><method name="getDependenciesList" desc="()Ljava/util/List;" line="24"><counter type="INSTRUCTION" missed="0" covered="3"/><counter type="LINE" missed="0" covered="1"/><counter type="COMPLEXITY" missed="0" covered="1"/><counter type="METHOD" missed="0" covered="1"/></method><method name="getTaggedData" desc="()Ljava/util/List;" line="27"><counter type="INSTRUCTION" missed="0" covered="3"/><counter type="LINE" missed="0" covered="1"/><counter type="COMPLEXITY" missed="0" covered="1"/><counter type="METHOD" missed="0" covered="1"/></method><method name="toString" desc="()Ljava/lang/String;" line="30"><counter type="INSTRUCTION" missed="0" covered="71"/><counter type="BRANCH" missed="0" covered="4"/><counter type="LINE" missed="0" covered="9"/><counter type="COMPLEXITY" missed="0" covered="3"/><counter type="METHOD" missed="0" covered="1"/></method><counter type="INSTRUCTION" missed="0" covered="112"/><counter type="BRANCH" missed="0" covered="4"/><counter type="LINE" missed="0" covered="19"/><counter type="COMPLEXITY" missed="0" covered="8"/><counter type="METHOD" missed="0" covered="6"/><counter type="CLASS" missed="0" covered="1"/></class><sourcefile name="WordTag.java"><line nr="8" mi="0" ci="2" mb="0" cb="0"/><line nr="9" mi="0" ci="3" mb="0" cb="0"/><line nr="10" mi="0" ci="3" mb="0" cb="0"/><line nr="11" mi="0" ci="3" mb="0" cb="0"/><line nr="12" mi="0" ci="1" mb="0" cb="0"/><line nr="14" mi="3" ci="0" mb="0" cb="0"/><line nr="15" mi="0" ci="3" mb="0" cb="0"/><line nr="16" mi="0" ci="3" mb="0" cb="0"/><line nr="19" mi="0" ci="22" mb="0" cb="0"/><counter type="INSTRUCTION" missed="3" covered="40"/><counter type="LINE" missed="1" covered="8"/><counter type="COMPLEXITY" missed="1" covered="4"/><counter type="METHOD" missed="1" covered="4"/><counter type="CLASS" missed="0" covered="1"/></sourcefile><sourcefile name="Dependency.java"><line nr="8" mi="0" ci="2" mb="0" cb="0"/><line nr="9" mi="0" ci="3" mb="0" cb="0"/><line nr="10" mi="0" ci="3" mb="0" cb="0"/><line nr="11" mi="0" ci="3" mb="0" cb="0"/><line nr="12" mi="0" ci="1" mb="0" cb="0"/><line nr="14" mi="0" ci="3" mb="0" cb="0"/><line nr="15" mi="0" ci="3" mb="0" cb="0"/><line nr="16" mi="0" ci="3" mb="0" cb="0"/><counter type="INSTRUCTION" missed="0" covered="21"/><counter type="LINE" missed="0" covered="8"/><counter type="COMPLEXITY" missed="0" covered="4"/><counter type="METHOD" missed="0" covered="4"/><counter type="CLASS" missed="0" covered="1"/></sourcefile><sourcefile name="AnalyzedData.java"><line nr="10" mi="0" ci="2" mb="0" cb="0"/><line nr="11" mi="0" ci="5" mb="0" cb="0"/><line nr="12" mi="0" ci="5" mb="0" cb="0"/><line nr="13" mi="0" ci="1" mb="0" cb="0"/><line nr="16" mi="0" ci="10" mb="0" cb="0"/><line nr="17" mi="0" ci="1" mb="0" cb="0"/><line nr="20" mi="0" ci="10" mb="0" cb="0"/><line nr="21" mi="0" ci="1" mb="0" cb="0"/><line nr="24" mi="0" ci="3" mb="0" cb="0"/><line nr="27" mi="0" ci="3" mb="0" cb="0"/><line nr="30" mi="0" ci="2" mb="0" cb="0"/><line nr="31" mi="0" ci="11" mb="0" cb="2"/><line nr="32" mi="0" ci="12" mb="0" cb="0"/><line nr="33" mi="0" ci="1" mb="0" cb="0"/><line nr="34" mi="0" ci="9" mb="0" cb="0"/><line nr="35" mi="0" ci="11" mb="0" cb="2"/><line nr="36" mi="0" ci="22" mb="0" cb="0"/><line nr="37" mi="0" ci="1" mb="0" cb="0"/><line nr="38" mi="0" ci="2" mb="0" cb="0"/><counter type="INSTRUCTION" missed="0" covered="112"/><counter type="BRANCH" missed="0" covered="4"/><counter type="LINE" missed="0" covered="19"/><counter type="COMPLEXITY" missed="0" covered="8"/><counter type="METHOD" missed="0" covered="6"/><counter type="CLASS" missed="0" covered="1"/></sourcefile><sourcefile name="BlackList.java"><line nr="9" mi="2" ci="0" mb="0" cb="0"/><line nr="10" mi="5" ci="0" mb="0" cb="0"/><line nr="11" mi="47" ci="0" mb="0" cb="0"/><line nr="12" mi="1" ci="0" mb="0" cb="0"/><line nr="13" mi="2" ci="0" mb="0" cb="0"/><line nr="14" mi="5" ci="0" mb="0" cb="0"/><line nr="15" mi="5" ci="0" mb="0" cb="0"/><line nr="16" mi="1" ci="0" mb="0" cb="0"/><line nr="18" mi="5" ci="0" mb="0" cb="0"/><line nr="19" mi="1" ci="0" mb="0" cb="0"/><line nr="22" mi="5" ci="0" mb="0" cb="0"/><line nr="23" mi="1" ci="0" mb="0" cb="0"/><line nr="25" mi="5" ci="0" mb="0" cb="0"/><counter type="INSTRUCTION" missed="85" covered="0"/><counter type="LINE" missed="13" covered="0"/><counter type="COMPLEXITY" missed="5" covered="0"/><counter type="METHOD" missed="5" covered="0"/><counter type="CLASS" missed="1" covered="0"/></sourcefile><sourcefile name="WordCounter.java"><line nr="7" mi="0" ci="2" mb="0" cb="0"/><line nr="8" mi="0" ci="3" mb="0" cb="0"/><line nr="9" mi="0" ci="3" mb="0" cb="0"/><line nr="10" mi="0" ci="1" mb="0" cb="0"/><line nr="13" mi="0" ci="5" mb="0" cb="0"/><line nr="14" mi="0" ci="1" mb="0" cb="0"/><line nr="17" mi="0" ci="13" mb="0" cb="0"/><line nr="18" mi="0" ci="1" mb="0" cb="0"/><line nr="21" mi="0" ci="4" mb="0" cb="2"/><line nr="22" mi="0" ci="13" mb="0" cb="0"/><line nr="24" mi="0" ci="1" mb="0" cb="0"/><line nr="26" mi="0" ci="3" mb="0" cb="0"/><line nr="27" mi="0" ci="3" mb="0" cb="0"/><line nr="30" mi="9" ci="0" mb="2" cb="0"/><line nr="31" mi="8" ci="0" mb="2" cb="0"/><line nr="32" mi="2" ci="0" mb="0" cb="0"/><line nr="39" mi="0" ci="17" mb="0" cb="0"/><counter type="INSTRUCTION" missed="19" covered="70"/><counter type="BRANCH" missed="4" covered="2"/><counter type="LINE" missed="3" covered="14"/><counter type="COMPLEXITY" missed="3" covered="8"/><counter type="METHOD" missed="1" covered="7"/><counter type="CLASS" missed="0" covered="1"/></sourcefile><counter type="INSTRUCTION" missed="107" covered="243"/><counter type="BRANCH" missed="4" covered="6"/><counter type="LINE" missed="17" covered="49"/><counter type="COMPLEXITY" missed="9" covered="24"/><counter type="METHOD" missed="7" covered="21"/><counter type="CLASS" missed="1" covered="4"/></package><package name="fourcats/frameworks"><class name="fourcats/frameworks/StanfordNlp" sourcefilename="StanfordNlp.java"><method name="&lt;init&gt;" desc="()V" line="25"><counter type="INSTRUCTION" missed="0" covered="25"/><counter type="LINE" missed="0" covered="6"/><counter type="COMPLEXITY" missed="0" covered="1"/><counter type="METHOD" missed="0" covered="1"/></method><method name="parseDocumentContent" desc="(Ljava/lang/String;)Lfourcats/datastructure/AnalyzedData;" line="34"><counter type="INSTRUCTION" missed="0" covered="84"/><counter type="BRANCH" missed="0" covered="6"/><counter type="LINE" missed="0" covered="15"/><counter type="COMPLEXITY" missed="0" covered="4"/><counter type="METHOD" missed="0" covered="1"/></method><counter type="INSTRUCTION" missed="0" covered="109"/><counter type="BRANCH" missed="0" covered="6"/><counter type="LINE" missed="0" covered="21"/><counter type="COMPLEXITY" missed="0" covered="5"/><counter type="METHOD" missed="0" covered="2"/><counter type="CLASS" missed="0" covered="1"/></class><class name="fourcats/frameworks/DataKeeper" sourcefilename="DataKeeper.java"><method name="&lt;init&gt;" desc="()V" line="11"><counter type="INSTRUCTION" missed="69" covered="0"/><counter type="BRANCH" missed="2" covered="0"/><counter type="LINE" missed="9" covered="0"/><counter type="COMPLEXITY" missed="2" covered="0"/><counter type="METHOD" missed="1" covered="0"/></method><method name="addScenarioToMap" desc="(Lfourcats/entities/Scenario;)V" line="28"><counter type="INSTRUCTION" missed="10" covered="0"/><counter type="LINE" missed="2" covered="0"/><counter type="COMPLEXITY" missed="1" covered="0"/><counter type="METHOD" missed="1" covered="0"/></method><method name="getScenarioMap" desc="()Ljava/util/Map;" line="32"><counter type="INSTRUCTION" missed="3" covered="0"/><counter type="LINE" missed="1" covered="0"/><counter type="COMPLEXITY" missed="1" covered="0"/><counter type="METHOD" missed="1" covered="0"/></method><method name="getTypeMap" desc="()Ljava/util/Map;" line="35"><counter type="INSTRUCTION" missed="3" covered="0"/><counter type="LINE" missed="1" covered="0"/><counter type="COMPLEXITY" missed="1" covered="0"/><counter type="METHOD" missed="1" covered="0"/></method><method name="removeAction" desc="(II)V" line="41"><counter type="INSTRUCTION" missed="16" covered="0"/><counter type="LINE" missed="5" covered="0"/><counter type="COMPLEXITY" missed="1" covered="0"/><counter type="METHOD" missed="1" covered="0"/></method><method name="clearScenariosMap" desc="()V" line="49"><counter type="INSTRUCTION" missed="4" covered="0"/><counter type="LINE" missed="2" covered="0"/><counter type="COMPLEXITY" missed="1" covered="0"/><counter type="METHOD" missed="1" covered="0"/></method><method name="updateActionName" desc="(IILjava/lang/String;)V" line="54"><counter type="INSTRUCTION" missed="18" covered="0"/><counter type="LINE" missed="5" covered="0"/><counter type="COMPLEXITY" missed="1" covered="0"/><counter type="METHOD" missed="1" covered="0"/></method><method name="updateActionType" desc="(IILjava/lang/String;)V" line="62"><counter type="INSTRUCTION" missed="53" covered="0"/><counter type="BRANCH" missed="4" covered="0"/><counter type="LINE" missed="12" covered="0"/><counter type="COMPLEXITY" missed="3" covered="0"/><counter type="METHOD" missed="1" covered="0"/></method><method name="updateObjectName" desc="(IIILjava/lang/String;)V" line="83"><counter type="INSTRUCTION" missed="22" covered="0"/><counter type="LINE" missed="5" covered="0"/><counter type="COMPLEXITY" missed="1" covered="0"/><counter type="METHOD" missed="1" covered="0"/></method><method name="updateObjectType" desc="(IIILjava/lang/String;)V" line="91"><counter type="INSTRUCTION" missed="61" covered="0"/><counter type="BRANCH" missed="4" covered="0"/><counter type="LINE" missed="12" covered="0"/><counter type="COMPLEXITY" missed="3" covered="0"/><counter type="METHOD" missed="1" covered="0"/></method><method name="addCustomType" desc="(Ljava/lang/String;Ljava/util/Map;)V" line="111"><counter type="INSTRUCTION" missed="49" covered="0"/><counter type="BRANCH" missed="4" covered="0"/><counter type="LINE" missed="7" covered="0"/><counter type="COMPLEXITY" missed="3" covered="0"/><counter type="METHOD" missed="1" covered="0"/></method><method name="updateObjectTypeById" desc="(IIII)V" line="126"><counter type="INSTRUCTION" missed="38" covered="0"/><counter type="BRANCH" missed="2" covered="0"/><counter type="LINE" missed="7" covered="0"/><counter type="COMPLEXITY" missed="2" covered="0"/><counter type="METHOD" missed="1" covered="0"/></method><method name="updateActionTypeById" desc="(III)V" line="139"><counter type="INSTRUCTION" missed="34" covered="0"/><counter type="BRANCH" missed="2" covered="0"/><counter type="LINE" missed="7" covered="0"/><counter type="COMPLEXITY" missed="2" covered="0"/><counter type="METHOD" missed="1" covered="0"/></method><method name="addObject" desc="(IILjava/lang/String;I)V" line="151"><counter type="INSTRUCTION" missed="58" covered="0"/><counter type="BRANCH" missed="4" covered="0"/><counter type="LINE" missed="9" covered="0"/><counter type="COMPLEXITY" missed="3" covered="0"/><counter type="METHOD" missed="1" covered="0"/></method><method name="removeObject" desc="(III)V" line="166"><counter type="INSTRUCTION" missed="18" covered="0"/><counter type="LINE" missed="5" covered="0"/><counter type="COMPLEXITY" missed="1" covered="0"/><counter type="METHOD" missed="1" covered="0"/></method><counter type="INSTRUCTION" missed="456" covered="0"/><counter type="BRANCH" missed="22" covered="0"/><counter type="LINE" missed="89" covered="0"/><counter type="COMPLEXITY" missed="26" covered="0"/><counter type="METHOD" missed="15" covered="0"/><counter type="CLASS" missed="1" covered="0"/></class><class name="fourcats/frameworks/BalAnalyzerImplementation" sourcefilename="BalAnalyzerImplementation.java"><method name="&lt;init&gt;" desc="()V" line="10"><counter type="INSTRUCTION" missed="3" covered="0"/><counter type="LINE" missed="1" covered="0"/><counter type="COMPLEXITY" missed="1" covered="0"/><counter type="METHOD" missed="1" covered="0"/></method><method name="createJsonFromBAL" desc="(Lfourcats/entities/BAL;)Ljava/lang/String;" line="16"><counter type="INSTRUCTION" missed="20" covered="0"/><counter type="LINE" missed="8" covered="0"/><counter type="COMPLEXITY" missed="1" covered="0"/><counter type="METHOD" missed="1" covered="0"/></method><counter type="INSTRUCTION" missed="23" covered="0"/><counter type="LINE" missed="9" covered="0"/><counter type="COMPLEXITY" missed="2" covered="0"/><counter type="METHOD" missed="2" covered="0"/><counter type="CLASS" missed="1" covered="0"/></class><class name="fourcats/frameworks/FileSystemAccess" sourcefilename="FileSystemAccess.java"><method name="&lt;init&gt;" desc="()V" line="9"><counter type="INSTRUCTION" missed="3" covered="0"/><counter type="LINE" missed="1" covered="0"/><counter type="COMPLEXITY" missed="1" covered="0"/><counter type="METHOD" missed="1" covered="0"/></method><method name="readFile" desc="(Ljava/lang/String;)Ljava/lang/String;" line="14"><counter type="INSTRUCTION" missed="46" covered="0"/><counter type="BRANCH" missed="2" covered="0"/><counter type="LINE" missed="9" covered="0"/><counter type="COMPLEXITY" missed="2" covered="0"/><counter type="METHOD" missed="1" covered="0"/></method><method name="writeFile" desc="(Ljava/lang/String;Ljava/lang/String;)V" line="31"><counter type="INSTRUCTION" missed="31" covered="0"/><counter type="LINE" missed="8" covered="0"/><counter type="COMPLEXITY" missed="1" covered="0"/><counter type="METHOD" missed="1" covered="0"/></method><method name="loadBdl" desc="(Ljava/lang/String;)Lfourcats/entities/Bdl;" line="48"><counter type="INSTRUCTION" missed="19" covered="0"/><counter type="LINE" missed="5" covered="0"/><counter type="COMPLEXITY" missed="1" covered="0"/><counter type="METHOD" missed="1" covered="0"/></method><method name="readBdlNouns" desc="(Ljava/lang/String;Lfourcats/entities/Bdl;)V" line="57"><counter type="INSTRUCTION" missed="42" covered="0"/><counter type="BRANCH" missed="2" covered="0"/><counter type="LINE" missed="8" covered="0"/><counter type="COMPLEXITY" missed="2" covered="0"/><counter type="METHOD" missed="1" covered="0"/></method><method name="readBdlVerbs" desc="(Ljava/lang/String;Lfourcats/entities/Bdl;)V" line="68"><counter type="INSTRUCTION" missed="42" covered="0"/><counter type="BRANCH" missed="2" covered="0"/><counter type="LINE" missed="8" covered="0"/><counter type="COMPLEXITY" missed="2" covered="0"/><counter type="METHOD" missed="1" covered="0"/></method><method name="readBdlPredicates" desc="(Ljava/lang/String;Lfourcats/entities/Bdl;)V" line="79"><counter type="INSTRUCTION" missed="42" covered="0"/><counter type="BRANCH" missed="2" covered="0"/><counter type="LINE" missed="8" covered="0"/><counter type="COMPLEXITY" missed="2" covered="0"/><counter type="METHOD" missed="1" covered="0"/></method><counter type="INSTRUCTION" missed="225" covered="0"/><counter type="BRANCH" missed="8" covered="0"/><counter type="LINE" missed="47" covered="0"/><counter type="COMPLEXITY" missed="11" covered="0"/><counter type="METHOD" missed="7" covered="0"/><counter type="CLASS" missed="1" covered="0"/></class><class name="fourcats/frameworks/Repository" sourcefilename="Repository.java"><method name="&lt;init&gt;" desc="(Lfourcats/frameworks/DataKeeper;Lfourcats/interfaceaccess/PersistentMemoryAccess;)V" line="16"><counter type="INSTRUCTION" missed="9" covered="0"/><counter type="LINE" missed="4" covered="0"/><counter type="COMPLEXITY" missed="1" covered="0"/><counter type="METHOD" missed="1" covered="0"/></method><method name="read" desc="(Ljava/lang/String;)Ljava/lang/String;" line="24"><counter type="INSTRUCTION" missed="5" covered="0"/><counter type="LINE" missed="1" covered="0"/><counter type="COMPLEXITY" missed="1" covered="0"/><counter type="METHOD" missed="1" covered="0"/></method><method name="createScenario" desc="(Lfourcats/entities/Scenario;)V" line="29"><counter type="INSTRUCTION" missed="5" covered="0"/><counter type="LINE" missed="2" covered="0"/><counter type="COMPLEXITY" missed="1" covered="0"/><counter type="METHOD" missed="1" covered="0"/></method><method name="deleteSuggestion" desc="(II)V" line="35"><counter type="INSTRUCTION" missed="6" covered="0"/><counter type="LINE" missed="2" covered="0"/><counter type="COMPLEXITY" missed="1" covered="0"/><counter type="METHOD" missed="1" covered="0"/></method><method name="readScenarios" desc="()Ljava/util/Map;" line="40"><counter type="INSTRUCTION" missed="4" covered="0"/><counter type="LINE" missed="1" covered="0"/><counter type="COMPLEXITY" missed="1" covered="0"/><counter type="METHOD" missed="1" covered="0"/></method><method name="readTypes" desc="()Ljava/util/Map;" line="45"><counter type="INSTRUCTION" missed="4" covered="0"/><counter type="LINE" missed="1" covered="0"/><counter type="COMPLEXITY" missed="1" covered="0"/><counter type="METHOD" missed="1" covered="0"/></method><method name="deleteScenarios" desc="()V" line="50"><counter type="INSTRUCTION" missed="4" covered="0"/><counter type="LINE" missed="2" covered="0"/><counter type="COMPLEXITY" missed="1" covered="0"/><counter type="METHOD" missed="1" covered="0"/></method><method name="createBAL" desc="(Ljava/lang/String;Ljava/lang/String;)V" line="55"><counter type="INSTRUCTION" missed="6" covered="0"/><counter type="LINE" missed="2" covered="0"/><counter type="COMPLEXITY" missed="1" covered="0"/><counter type="METHOD" missed="1" covered="0"/></method><method name="updateActionName" desc="(IILjava/lang/String;)V" line="60"><counter type="INSTRUCTION" missed="7" covered="0"/><counter type="LINE" missed="2" covered="0"/><counter type="COMPLEXITY" missed="1" covered="0"/><counter type="METHOD" missed="1" covered="0"/></method><method name="updateActionType" desc="(IILjava/lang/String;)V" line="65"><counter type="INSTRUCTION" missed="7" covered="0"/><counter type="LINE" missed="2" covered="0"/><counter type="COMPLEXITY" missed="1" covered="0"/><counter type="METHOD" missed="1" covered="0"/></method><method name="updateObjectName" desc="(IIILjava/lang/String;)V" line="70"><counter type="INSTRUCTION" missed="8" covered="0"/><counter type="LINE" missed="2" covered="0"/><counter type="COMPLEXITY" missed="1" covered="0"/><counter type="METHOD" missed="1" covered="0"/></method><method name="updateObjectType" desc="(IIILjava/lang/String;)V" line="75"><counter type="INSTRUCTION" missed="8" covered="0"/><counter type="LINE" missed="2" covered="0"/><counter type="COMPLEXITY" missed="1" covered="0"/><counter type="METHOD" missed="1" covered="0"/></method><method name="createCustomType" desc="(Ljava/lang/String;Ljava/util/Map;)V" line="80"><counter type="INSTRUCTION" missed="6" covered="0"/><counter type="LINE" missed="2" covered="0"/><counter type="COMPLEXITY" missed="1" covered="0"/><counter type="METHOD" missed="1" covered="0"/></method><method name="updateObjectTypeById" desc="(IIII)V" line="85"><counter type="INSTRUCTION" missed="8" covered="0"/><counter type="LINE" missed="2" covered="0"/><counter type="COMPLEXITY" missed="1" covered="0"/><counter type="METHOD" missed="1" covered="0"/></method><method name="updateActionTypeById" desc="(III)V" line="90"><counter type="INSTRUCTION" missed="7" covered="0"/><counter type="LINE" missed="2" covered="0"/><counter type="COMPLEXITY" missed="1" covered="0"/><counter type="METHOD" missed="1" covered="0"/></method><method name="createObject" desc="(IILjava/lang/String;I)V" line="95"><counter type="INSTRUCTION" missed="8" covered="0"/><counter type="LINE" missed="2" covered="0"/><counter type="COMPLEXITY" missed="1" covered="0"/><counter type="METHOD" missed="1" covered="0"/></method><method name="deleteObject" desc="(III)V" line="100"><counter type="INSTRUCTION" missed="7" covered="0"/><counter type="LINE" missed="2" covered="0"/><counter type="COMPLEXITY" missed="1" covered="0"/><counter type="METHOD" missed="1" covered="0"/></method><counter type="INSTRUCTION" missed="109" covered="0"/><counter type="LINE" missed="33" covered="0"/><counter type="COMPLEXITY" missed="17" covered="0"/><counter type="METHOD" missed="17" covered="0"/><counter type="CLASS" missed="1" covered="0"/></class><sourcefile name="Repository.java"><line nr="16" mi="2" ci="0" mb="0" cb="0"/><line nr="17" mi="3" ci="0" mb="0" cb="0"/><line nr="18" mi="3" ci="0" mb="0" cb="0"/><line nr="19" mi="1" ci="0" mb="0" cb="0"/><line nr="24" mi="5" ci="0" mb="0" cb="0"/><line nr="29" mi="4" ci="0" mb="0" cb="0"/><line nr="30" mi="1" ci="0" mb="0" cb="0"/><line nr="35" mi="5" ci="0" mb="0" cb="0"/><line nr="36" mi="1" ci="0" mb="0" cb="0"/><line nr="40" mi="4" ci="0" mb="0" cb="0"/><line nr="45" mi="4" ci="0" mb="0" cb="0"/><line nr="50" mi="3" ci="0" mb="0" cb="0"/><line nr="51" mi="1" ci="0" mb="0" cb="0"/><line nr="55" mi="5" ci="0" mb="0" cb="0"/><line nr="56" mi="1" ci="0" mb="0" cb="0"/><line nr="60" mi="6" ci="0" mb="0" cb="0"/><line nr="61" mi="1" ci="0" mb="0" cb="0"/><line nr="65" mi="6" ci="0" mb="0" cb="0"/><line nr="66" mi="1" ci="0" mb="0" cb="0"/><line nr="70" mi="7" ci="0" mb="0" cb="0"/><line nr="71" mi="1" ci="0" mb="0" cb="0"/><line nr="75" mi="7" ci="0" mb="0" cb="0"/><line nr="76" mi="1" ci="0" mb="0" cb="0"/><line nr="80" mi="5" ci="0" mb="0" cb="0"/><line nr="81" mi="1" ci="0" mb="0" cb="0"/><line nr="85" mi="7" ci="0" mb="0" cb="0"/><line nr="86" mi="1" ci="0" mb="0" cb="0"/><line nr="90" mi="6" ci="0" mb="0" cb="0"/><line nr="91" mi="1" ci="0" mb="0" cb="0"/><line nr="95" mi="7" ci="0" mb="0" cb="0"/><line nr="96" mi="1" ci="0" mb="0" cb="0"/><line nr="100" mi="6" ci="0" mb="0" cb="0"/><line nr="101" mi="1" ci="0" mb="0" cb="0"/><counter type="INSTRUCTION" missed="109" covered="0"/><counter type="LINE" missed="33" covered="0"/><counter type="COMPLEXITY" missed="17" covered="0"/><counter type="METHOD" missed="17" covered="0"/><counter type="CLASS" missed="1" covered="0"/></sourcefile><sourcefile name="BalAnalyzerImplementation.java"><line nr="10" mi="3" ci="0" mb="0" cb="0"/><line nr="16" mi="4" ci="0" mb="0" cb="0"/><line nr="17" mi="4" ci="0" mb="0" cb="0"/><line nr="19" mi="2" ci="0" mb="0" cb="0"/><line nr="21" mi="4" ci="0" mb="0" cb="0"/><line nr="22" mi="1" ci="0" mb="0" cb="0"/><line nr="23" mi="2" ci="0" mb="0" cb="0"/><line nr="24" mi="1" ci="0" mb="0" cb="0"/><line nr="25" mi="2" ci="0" mb="0" cb="0"/><counter type="INSTRUCTION" missed="23" covered="0"/><counter type="LINE" missed="9" covered="0"/><counter type="COMPLEXITY" missed="2" covered="0"/><counter type="METHOD" missed="2" covered="0"/><counter type="CLASS" missed="1" covered="0"/></sourcefile><sourcefile name="DataKeeper.java"><line nr="11" mi="5" ci="0" mb="0" cb="0"/><line nr="16" mi="2" ci="0" mb="0" cb="0"/><line nr="17" mi="5" ci="0" mb="0" cb="0"/><line nr="18" mi="5" ci="0" mb="0" cb="0"/><line nr="20" mi="27" ci="0" mb="0" cb="0"/><line nr="21" mi="11" ci="0" mb="2" cb="0"/><line nr="22" mi="12" ci="0" mb="0" cb="0"/><line nr="23" mi="1" ci="0" mb="0" cb="0"/><line nr="25" mi="1" ci="0" mb="0" cb="0"/><line nr="28" mi="9" ci="0" mb="0" cb="0"/><line nr="29" mi="1" ci="0" mb="0" cb="0"/><line nr="32" mi="3" ci="0" mb="0" cb="0"/><line nr="35" mi="3" ci="0" mb="0" cb="0"/><line nr="41" mi="11" ci="0" mb="0" cb="0"/><line nr="43" mi="1" ci="0" mb="0" cb="0"/><line nr="44" mi="2" ci="0" mb="0" cb="0"/><line nr="45" mi="1" ci="0" mb="0" cb="0"/><line nr="46" mi="1" ci="0" mb="0" cb="0"/><line nr="49" mi="3" ci="0" mb="0" cb="0"/><line nr="50" mi="1" ci="0" mb="0" cb="0"/><line nr="54" mi="13" ci="0" mb="0" cb="0"/><line nr="56" mi="1" ci="0" mb="0" cb="0"/><line nr="57" mi="2" ci="0" mb="0" cb="0"/><line nr="58" mi="1" ci="0" mb="0" cb="0"/><line nr="59" mi="1" ci="0" mb="0" cb="0"/><line nr="62" mi="12" ci="0" mb="2" cb="0"/><line nr="63" mi="5" ci="0" mb="2" cb="0"/><line nr="65" mi="13" ci="0" mb="0" cb="0"/><line nr="66" mi="1" ci="0" mb="0" cb="0"/><line nr="68" mi="1" ci="0" mb="0" cb="0"/><line nr="69" mi="2" ci="0" mb="0" cb="0"/><line nr="72" mi="1" ci="0" mb="0" cb="0"/><line nr="74" mi="13" ci="0" mb="0" cb="0"/><line nr="76" mi="1" ci="0" mb="0" cb="0"/><line nr="77" mi="2" ci="0" mb="0" cb="0"/><line nr="78" mi="1" ci="0" mb="0" cb="0"/><line nr="79" mi="1" ci="0" mb="0" cb="0"/><line nr="83" mi="17" ci="0" mb="0" cb="0"/><line nr="85" mi="1" ci="0" mb="0" cb="0"/><line nr="86" mi="2" ci="0" mb="0" cb="0"/><line nr="87" mi="1" ci="0" mb="0" cb="0"/><line nr="88" mi="1" ci="0" mb="0" cb="0"/><line nr="91" mi="12" ci="0" mb="2" cb="0"/><line nr="92" mi="5" ci="0" mb="2" cb="0"/><line nr="94" mi="17" ci="0" mb="0" cb="0"/><line nr="95" mi="1" ci="0" mb="0" cb="0"/><line nr="97" mi="1" ci="0" mb="0" cb="0"/><line nr="98" mi="2" ci="0" mb="0" cb="0"/><line nr="101" mi="1" ci="0" mb="0" cb="0"/><line nr="103" mi="17" ci="0" mb="0" cb="0"/><line nr="105" mi="1" ci="0" mb="0" cb="0"/><line nr="106" mi="2" ci="0" mb="0" cb="0"/><line nr="107" mi="1" ci="0" mb="0" cb="0"/><line nr="108" mi="1" ci="0" mb="0" cb="0"/><line nr="111" mi="12" ci="0" mb="2" cb="0"/><line nr="112" mi="5" ci="0" mb="2" cb="0"/><line nr="113" mi="13" ci="0" mb="0" cb="0"/><line nr="114" mi="1" ci="0" mb="0" cb="0"/><line nr="117" mi="4" ci="0" mb="0" cb="0"/><line nr="120" mi="13" ci="0" mb="0" cb="0"/><line nr="122" mi="1" ci="0" mb="0" cb="0"/><line nr="126" mi="6" ci="0" mb="2" cb="0"/><line nr="127" mi="23" ci="0" mb="0" cb="0"/><line nr="130" mi="4" ci="0" mb="0" cb="0"/><line nr="132" mi="1" ci="0" mb="0" cb="0"/><line nr="133" mi="2" ci="0" mb="0" cb="0"/><line nr="134" mi="1" ci="0" mb="0" cb="0"/><line nr="135" mi="1" ci="0" mb="0" cb="0"/><line nr="139" mi="6" ci="0" mb="2" cb="0"/><line nr="140" mi="19" ci="0" mb="0" cb="0"/><line nr="143" mi="4" ci="0" mb="0" cb="0"/><line nr="145" mi="1" ci="0" mb="0" cb="0"/><line nr="146" mi="2" ci="0" mb="0" cb="0"/><line nr="147" mi="1" ci="0" mb="0" cb="0"/><line nr="148" mi="1" ci="0" mb="0" cb="0"/><line nr="151" mi="21" ci="0" mb="2" cb="0"/><line nr="152" mi="5" ci="0" mb="2" cb="0"/><line nr="153" mi="4" ci="0" mb="0" cb="0"/><line nr="155" mi="1" ci="0" mb="0" cb="0"/><line nr="157" mi="22" ci="0" mb="0" cb="0"/><line nr="159" mi="1" ci="0" mb="0" cb="0"/><line nr="160" mi="2" ci="0" mb="0" cb="0"/><line nr="161" mi="1" ci="0" mb="0" cb="0"/><line nr="162" mi="1" ci="0" mb="0" cb="0"/><line nr="166" mi="13" ci="0" mb="0" cb="0"/><line nr="168" mi="1" ci="0" mb="0" cb="0"/><line nr="169" mi="2" ci="0" mb="0" cb="0"/><line nr="170" mi="1" ci="0" mb="0" cb="0"/><line nr="171" mi="1" ci="0" mb="0" cb="0"/><counter type="INSTRUCTION" missed="456" covered="0"/><counter type="BRANCH" missed="22" covered="0"/><counter type="LINE" missed="89" covered="0"/><counter type="COMPLEXITY" missed="26" covered="0"/><counter type="METHOD" missed="15" covered="0"/><counter type="CLASS" missed="1" covered="0"/></sourcefile><sourcefile name="StanfordNlp.java"><line nr="25" mi="0" ci="2" mb="0" cb="0"/><line nr="26" mi="0" ci="5" mb="0" cb="0"/><line nr="27" mi="0" ci="6" mb="0" cb="0"/><line nr="28" mi="0" ci="7" mb="0" cb="0"/><line nr="29" mi="0" ci="4" mb="0" cb="0"/><line nr="30" mi="0" ci="1" mb="0" cb="0"/><line nr="34" mi="0" ci="4" mb="0" cb="0"/><line nr="36" mi="0" ci="5" mb="0" cb="0"/><line nr="37" mi="0" ci="4" mb="0" cb="0"/><line nr="39" mi="0" ci="5" mb="0" cb="0"/><line nr="41" mi="0" ci="10" mb="0" cb="2"/><line nr="42" mi="0" ci="5" mb="0" cb="0"/><line nr="43" mi="0" ci="3" mb="0" cb="0"/><line nr="44" mi="0" ci="10" mb="0" cb="2"/><line nr="45" mi="0" ci="11" mb="0" cb="0"/><line nr="46" mi="0" ci="1" mb="0" cb="0"/><line nr="48" mi="0" ci="13" mb="0" cb="2"/><line nr="49" mi="0" ci="9" mb="0" cb="0"/><line nr="50" mi="0" ci="1" mb="0" cb="0"/><line nr="51" mi="0" ci="1" mb="0" cb="0"/><line nr="53" mi="0" ci="2" mb="0" cb="0"/><counter type="INSTRUCTION" missed="0" covered="109"/><counter type="BRANCH" missed="0" covered="6"/><counter type="LINE" missed="0" covered="21"/><counter type="COMPLEXITY" missed="0" covered="5"/><counter type="METHOD" missed="0" covered="2"/><counter type="CLASS" missed="0" covered="1"/></sourcefile><sourcefile name="FileSystemAccess.java"><line nr="9" mi="3" ci="0" mb="0" cb="0"/><line nr="14" mi="9" ci="0" mb="0" cb="0"/><line nr="15" mi="4" ci="0" mb="0" cb="0"/><line nr="16" mi="8" ci="0" mb="0" cb="0"/><line nr="17" mi="5" ci="0" mb="2" cb="0"/><line nr="18" mi="12" ci="0" mb="0" cb="0"/><line nr="21" mi="1" ci="0" mb="0" cb="0"/><line nr="23" mi="4" ci="0" mb="0" cb="0"/><line nr="24" mi="1" ci="0" mb="0" cb="0"/><line nr="25" mi="2" ci="0" mb="0" cb="0"/><line nr="31" mi="14" ci="0" mb="0" cb="0"/><line nr="32" mi="4" ci="0" mb="0" cb="0"/><line nr="33" mi="5" ci="0" mb="0" cb="0"/><line nr="34" mi="3" ci="0" mb="0" cb="0"/><line nr="37" mi="1" ci="0" mb="0" cb="0"/><line nr="38" mi="2" ci="0" mb="0" cb="0"/><line nr="39" mi="1" ci="0" mb="0" cb="0"/><line nr="41" mi="1" ci="0" mb="0" cb="0"/><line nr="48" mi="5" ci="0" mb="0" cb="0"/><line nr="49" mi="4" ci="0" mb="0" cb="0"/><line nr="50" mi="4" ci="0" mb="0" cb="0"/><line nr="51" mi="4" ci="0" mb="0" cb="0"/><line nr="53" mi="2" ci="0" mb="0" cb="0"/><line nr="57" mi="2" ci="0" mb="0" cb="0"/><line nr="58" mi="11" ci="0" mb="0" cb="0"/><line nr="59" mi="8" ci="0" mb="0" cb="0"/><line nr="60" mi="5" ci="0" mb="2" cb="0"/><line nr="61" mi="4" ci="0" mb="0" cb="0"/><line nr="62" mi="10" ci="0" mb="0" cb="0"/><line nr="63" mi="1" ci="0" mb="0" cb="0"/><line nr="65" mi="1" ci="0" mb="0" cb="0"/><line nr="68" mi="2" ci="0" mb="0" cb="0"/><line nr="69" mi="11" ci="0" mb="0" cb="0"/><line nr="70" mi="8" ci="0" mb="0" cb="0"/><line nr="71" mi="5" ci="0" mb="2" cb="0"/><line nr="72" mi="4" ci="0" mb="0" cb="0"/><line nr="73" mi="10" ci="0" mb="0" cb="0"/><line nr="74" mi="1" ci="0" mb="0" cb="0"/><line nr="76" mi="1" ci="0" mb="0" cb="0"/><line nr="79" mi="2" ci="0" mb="0" cb="0"/><line nr="80" mi="11" ci="0" mb="0" cb="0"/><line nr="81" mi="8" ci="0" mb="0" cb="0"/><line nr="82" mi="5" ci="0" mb="2" cb="0"/><line nr="83" mi="4" ci="0" mb="0" cb="0"/><line nr="84" mi="10" ci="0" mb="0" cb="0"/><line nr="85" mi="1" ci="0" mb="0" cb="0"/><line nr="87" mi="1" ci="0" mb="0" cb="0"/><counter type="INSTRUCTION" missed="225" covered="0"/><counter type="BRANCH" missed="8" covered="0"/><counter type="LINE" missed="47" covered="0"/><counter type="COMPLEXITY" missed="11" covered="0"/><counter type="METHOD" missed="7" covered="0"/><counter type="CLASS" missed="1" covered="0"/></sourcefile><counter type="INSTRUCTION" missed="813" covered="109"/><counter type="BRANCH" missed="30" covered="6"/><counter type="LINE" missed="178" covered="21"/><counter type="COMPLEXITY" missed="56" covered="5"/><counter type="METHOD" missed="41" covered="2"/><counter type="CLASS" missed="4" covered="1"/></package><package name="fourcats/view"><class name="fourcats/view/SuggestionWidget" sourcefilename="SuggestionWidget.java"><method name="&lt;init&gt;" desc="(Ljavax/swing/JPanel;Lfourcats/interfaceadapters/Controller;Lfourcats/interfaceadapters/DataPresenterGUI;)V" line="22"><counter type="INSTRUCTION" missed="124" covered="0"/><counter type="LINE" missed="22" covered="0"/><counter type="COMPLEXITY" missed="1" covered="0"/><counter type="METHOD" missed="1" covered="0"/></method><method name="addObjects" desc="(Lfourcats/interfaceadapters/Controller;Lfourcats/interfaceadapters/DataPresenterGUI;Ljavax/swing/Box;)V" line="102"><counter type="INSTRUCTION" missed="38" covered="0"/><counter type="BRANCH" missed="2" covered="0"/><counter type="LINE" missed="6" covered="0"/><counter type="COMPLEXITY" missed="2" covered="0"/><counter type="METHOD" missed="1" covered="0"/></method><method name="lambda$new$2" desc="(Lfourcats/interfaceadapters/Controller;Ljava/awt/event/ItemEvent;)V" line="67"><counter type="INSTRUCTION" missed="27" covered="0"/><counter type="BRANCH" missed="4" covered="0"/><counter type="LINE" missed="5" covered="0"/><counter type="COMPLEXITY" missed="3" covered="0"/><counter type="METHOD" missed="1" covered="0"/></method><method name="lambda$new$1" desc="(Lfourcats/interfaceadapters/Controller;Ljavax/swing/JPanel;Ljava/awt/event/ActionEvent;)V" line="58"><counter type="INSTRUCTION" missed="18" covered="0"/><counter type="BRANCH" missed="2" covered="0"/><counter type="LINE" missed="4" covered="0"/><counter type="COMPLEXITY" missed="2" covered="0"/><counter type="METHOD" missed="1" covered="0"/></method><method name="lambda$new$0" desc="(Lfourcats/interfaceadapters/Controller;Lfourcats/interfaceadapters/DataPresenterGUI;Ljavax/swing/Box;Ljava/awt/event/ActionEvent;)V" line="45"><counter type="INSTRUCTION" missed="43" covered="0"/><counter type="BRANCH" missed="4" covered="0"/><counter type="LINE" missed="7" covered="0"/><counter type="COMPLEXITY" missed="3" covered="0"/><counter type="METHOD" missed="1" covered="0"/></method><counter type="INSTRUCTION" missed="250" covered="0"/><counter type="BRANCH" missed="12" covered="0"/><counter type="LINE" missed="44" covered="0"/><counter type="COMPLEXITY" missed="11" covered="0"/><counter type="METHOD" missed="5" covered="0"/><counter type="CLASS" missed="1" covered="0"/></class><class name="fourcats/view/SuggestionGenerated" sourcefilename="SuggestionGenerated.java"><method name="&lt;init&gt;" desc="(Ljava/lang/String;Lfourcats/interfaceadapters/Controller;Lfourcats/interfaceadapters/DataPresenterGUI;)V" line="27"><counter type="INSTRUCTION" missed="111" covered="0"/><counter type="LINE" missed="23" covered="0"/><counter type="COMPLEXITY" missed="1" covered="0"/><counter type="METHOD" missed="1" covered="0"/></method><method name="createAndShowGUI" desc="()V" line="68"><counter type="INSTRUCTION" missed="26" covered="0"/><counter type="LINE" missed="7" covered="0"/><counter type="COMPLEXITY" missed="1" covered="0"/><counter type="METHOD" missed="1" covered="0"/></method><method name="initScenario" desc="()V" line="77"><counter type="INSTRUCTION" missed="135" covered="0"/><counter type="BRANCH" missed="2" covered="0"/><counter type="LINE" missed="25" covered="0"/><counter type="COMPLEXITY" missed="2" covered="0"/><counter type="METHOD" missed="1" covered="0"/></method><method name="update" desc="()V" line="115"><counter type="INSTRUCTION" missed="24" covered="0"/><counter type="BRANCH" missed="4" covered="0"/><counter type="LINE" missed="5" covered="0"/><counter type="COMPLEXITY" missed="3" covered="0"/><counter type="METHOD" missed="1" covered="0"/></method><method name="lambda$new$0" desc="(Lfourcats/interfaceadapters/DataPresenterGUI;Ljava/awt/event/ActionEvent;)V" line="57"><counter type="INSTRUCTION" missed="16" covered="0"/><counter type="LINE" missed="7" covered="0"/><counter type="COMPLEXITY" missed="1" covered="0"/><counter type="METHOD" missed="1" covered="0"/></method><counter type="INSTRUCTION" missed="312" covered="0"/><counter type="BRANCH" missed="6" covered="0"/><counter type="LINE" missed="67" covered="0"/><counter type="COMPLEXITY" missed="8" covered="0"/><counter type="METHOD" missed="5" covered="0"/><counter type="CLASS" missed="1" covered="0"/></class><class name="fourcats/view/ScenarioWidget" sourcefilename="ScenarioWidget.java"><method name="&lt;init&gt;" desc="(Ljavax/swing/JPanel;Ljava/lang/String;Ljava/lang/String;Ljava/lang/String;)V" line="13"><counter type="INSTRUCTION" missed="83" covered="0"/><counter type="LINE" missed="13" covered="0"/><counter type="COMPLEXITY" missed="1" covered="0"/><counter type="METHOD" missed="1" covered="0"/></method><counter type="INSTRUCTION" missed="83" covered="0"/><counter type="LINE" missed="13" covered="0"/><counter type="COMPLEXITY" missed="1" covered="0"/><counter type="METHOD" missed="1" covered="0"/><counter type="CLASS" missed="1" covered="0"/></class><class name="fourcats/view/GUI_Design" sourcefilename="GUI_Design.java"><method name="&lt;init&gt;" desc="(Lfourcats/interfaceadapters/Controller;Lfourcats/interfaceadapters/DataPresenterGUI;)V" line="22"><counter type="INSTRUCTION" missed="36" covered="0"/><counter type="LINE" missed="10" covered="0"/><counter type="COMPLEXITY" missed="1" covered="0"/><counter type="METHOD" missed="1" covered="0"/></method><method name="createAndShowGUI" desc="()V" line="56"><counter type="INSTRUCTION" missed="32" covered="0"/><counter type="LINE" missed="7" covered="0"/><counter type="COMPLEXITY" missed="1" covered="0"/><cou
[...]
ccess/RepositoryAccess;Lfourcats/interfaceaccess/TextAnalyzer;Lfourcats/port/GenerateBALSuggestionsOutputPort;)V" line="23"><counter type="INSTRUCTION" missed="0" covered="12"/><counter type="LINE" missed="0" covered="5"/><counter type="COMPLEXITY" missed="0" covered="1"/><counter type="METHOD" missed="0" covered="1"/></method><method name="generateSuggestions" desc="(Ljava/lang/String;)V" line="32"><counter type="INSTRUCTION" missed="86" covered="17"/><counter type="BRANCH" missed="7" covered="1"/><counter type="LINE" missed="17" covered="7"/><counter type="COMPLEXITY" missed="4" covered="1"/><counter type="METHOD" missed="0" covered="1"/></method><method name="generateAction" desc="(Ljava/lang/String;)Ljava/util/List;" line="65"><counter type="INSTRUCTION" missed="58" covered="0"/><counter type="BRANCH" missed="2" covered="0"/><counter type="LINE" missed="16" covered="0"/><counter type="COMPLEXITY" missed="2" covered="0"/><counter type="METHOD" missed="1" covered="0"/></method><method name="generateObject" desc="(Ljava/lang/String;)Lfourcats/entities/ObjectParam;" line="92"><counter type="INSTRUCTION" missed="12" covered="0"/><counter type="LINE" missed="2" covered="0"/><counter type="COMPLEXITY" missed="1" covered="0"/><counter type="METHOD" missed="1" covered="0"/></method><method name="extractScenarioName" desc="(Ljava/lang/String;)Ljava/lang/String;" line="98"><counter type="INSTRUCTION" missed="24" covered="0"/><counter type="BRANCH" missed="2" covered="0"/><counter type="LINE" missed="6" covered="0"/><counter type="COMPLEXITY" missed="2" covered="0"/><counter type="METHOD" missed="1" covered="0"/></method><method name="extractActorName" desc="(Ljava/lang/String;)Ljava/lang/String;" line="111"><counter type="INSTRUCTION" missed="30" covered="0"/><counter type="BRANCH" missed="4" covered="0"/><counter type="LINE" missed="8" covered="0"/><counter type="COMPLEXITY" missed="3" covered="0"/><counter type="METHOD" missed="1" covered="0"/></method><method name="lambda$generateAction$1" desc="(Lfourcats/datastructure/Dependency;)Ljava/lang/String;" line="77"><counter type="INSTRUCTION" missed="13" covered="0"/><counter type="LINE" missed="1" covered="0"/><counter type="COMPLEXITY" missed="1" covered="0"/><counter type="METHOD" missed="1" covered="0"/></method><method name="lambda$generateAction$0" desc="(Lfourcats/datastructure/Dependency;)Z" line="76"><counter type="INSTRUCTION" missed="5" covered="0"/><counter type="LINE" missed="1" covered="0"/><counter type="COMPLEXITY" missed="1" covered="0"/><counter type="METHOD" missed="1" covered="0"/></method><counter type="INSTRUCTION" missed="228" covered="29"/><counter type="BRANCH" missed="15" covered="1"/><counter type="LINE" missed="49" covered="12"/><counter type="COMPLEXITY" missed="14" covered="2"/><counter type="METHOD" missed="6" covered="2"/><counter type="CLASS" missed="0" covered="1"/></class><class name="fourcats/usecaseinteractor/ModifyBALSuggestion" sourcefilename="ModifyBALSuggestion.java"><method name="&lt;init&gt;" desc="(Lfourcats/interfaceaccess/RepositoryAccess;Lfourcats/port/ModifyBALSuggestionOutputPort;)V" line="11"><counter type="INSTRUCTION" missed="9" covered="0"/><counter type="LINE" missed="4" covered="0"/><counter type="COMPLEXITY" missed="1" covered="0"/><counter type="METHOD" missed="1" covered="0"/></method><method name="modifyActionType" desc="(IILjava/lang/String;)V" line="18"><counter type="INSTRUCTION" missed="23" covered="0"/><counter type="LINE" missed="6" covered="0"/><counter type="COMPLEXITY" missed="1" covered="0"/><counter type="METHOD" missed="1" covered="0"/></method><method name="modifyActionTypeById" desc="(III)V" line="29"><counter type="INSTRUCTION" missed="23" covered="0"/><counter type="LINE" missed="6" covered="0"/><counter type="COMPLEXITY" missed="1" covered="0"/><counter type="METHOD" missed="1" covered="0"/></method><method name="modifyActionName" desc="(IILjava/lang/String;)V" line="40"><counter type="INSTRUCTION" missed="23" covered="0"/><counter type="LINE" missed="6" covered="0"/><counter type="COMPLEXITY" missed="1" covered="0"/><counter type="METHOD" missed="1" covered="0"/></method><method name="modifyObjectType" desc="(IIILjava/lang/String;)V" line="51"><counter type="INSTRUCTION" missed="24" covered="0"/><counter type="LINE" missed="6" covered="0"/><counter type="COMPLEXITY" missed="1" covered="0"/><counter type="METHOD" missed="1" covered="0"/></method><method name="modifyObjectTypeById" desc="(IIII)V" line="63"><counter type="INSTRUCTION" missed="24" covered="0"/><counter type="LINE" missed="6" covered="0"/><counter type="COMPLEXITY" missed="1" covered="0"/><counter type="METHOD" missed="1" covered="0"/></method><method name="modifyObjectName" desc="(IIILjava/lang/String;)V" line="74"><counter type="INSTRUCTION" missed="24" covered="0"/><counter type="LINE" missed="6" covered="0"/><counter type="COMPLEXITY" missed="1" covered="0"/><counter type="METHOD" missed="1" covered="0"/></method><method name="addObject" desc="(IILjava/lang/String;I)V" line="85"><counter type="INSTRUCTION" missed="24" covered="0"/><counter type="LINE" missed="6" covered="0"/><counter type="COMPLEXITY" missed="1" covered="0"/><counter type="METHOD" missed="1" covered="0"/></method><method name="removeObject" desc="(III)V" line="96"><counter type="INSTRUCTION" missed="23" covered="0"/><counter type="LINE" missed="6" covered="0"/><counter type="COMPLEXITY" missed="1" covered="0"/><counter type="METHOD" missed="1" covered="0"/></method><counter type="INSTRUCTION" missed="197" covered="0"/><counter type="LINE" missed="52" covered="0"/><counter type="COMPLEXITY" missed="9" covered="0"/><counter type="METHOD" missed="9" covered="0"/><counter type="CLASS" missed="1" covered="0"/></class><class name="fourcats/usecaseinteractor/ShowTypes" sourcefilename="ShowTypes.java"><method name="&lt;init&gt;" desc="(Lfourcats/interfaceaccess/RepositoryAccess;Lfourcats/port/ShowTypesOutputPort;)V" line="11"><counter type="INSTRUCTION" missed="9" covered="0"/><counter type="LINE" missed="4" covered="0"/><counter type="COMPLEXITY" missed="1" covered="0"/><counter type="METHOD" missed="1" covered="0"/></method><method name="showTypes" desc="()V" line="18"><counter type="INSTRUCTION" missed="7" covered="0"/><counter type="LINE" missed="2" covered="0"/><counter type="COMPLEXITY" missed="1" covered="0"/><counter type="METHOD" missed="1" covered="0"/></method><counter type="INSTRUCTION" missed="16" covered="0"/><counter type="LINE" missed="6" covered="0"/><counter type="COMPLEXITY" missed="2" covered="0"/><counter type="METHOD" missed="2" covered="0"/><counter type="CLASS" missed="1" covered="0"/></class><class name="fourcats/usecaseinteractor/DeclineBALSuggestion" sourcefilename="DeclineBALSuggestion.java"><method name="&lt;init&gt;" desc="(Lfourcats/interfaceaccess/RepositoryAccess;Lfourcats/port/DeclineBALSuggestionOutputPort;)V" line="11"><counter type="INSTRUCTION" missed="0" covered="9"/><counter type="LINE" missed="0" covered="4"/><counter type="COMPLEXITY" missed="0" covered="1"/><counter type="METHOD" missed="0" covered="1"/></method><method name="declineSuggestion" desc="(II)V" line="17"><counter type="INSTRUCTION" missed="8" covered="14"/><counter type="LINE" missed="2" covered="4"/><counter type="COMPLEXITY" missed="0" covered="1"/><counter type="METHOD" missed="0" covered="1"/></method><counter type="INSTRUCTION" missed="8" covered="23"/><counter type="LINE" missed="2" covered="8"/><counter type="COMPLEXITY" missed="0" covered="2"/><counter type="METHOD" missed="0" covered="2"/><counter type="CLASS" missed="0" covered="1"/></class><class name="fourcats/usecaseinteractor/CreateCustomType" sourcefilename="CreateCustomType.java"><method name="&lt;init&gt;" desc="(Lfourcats/interfaceaccess/RepositoryAccess;Lfourcats/port/CreateCustomTypeOutputPort;)V" line="14"><counter type="INSTRUCTION" missed="9" covered="0"/><counter type="LINE" missed="4" covered="0"/><counter type="COMPLEXITY" missed="1" covered="0"/><counter type="METHOD" missed="1" covered="0"/></method><method name="createType" desc="(Ljava/lang/String;Ljava/util/Map;)V" line="22"><counter type="INSTRUCTION" missed="16" covered="0"/><counter type="LINE" missed="6" covered="0"/><counter type="COMPLEXITY" missed="1" covered="0"/><counter type="METHOD" missed="1" covered="0"/></method><counter type="INSTRUCTION" missed="25" covered="0"/><counter type="LINE" missed="10" covered="0"/><counter type="COMPLEXITY" missed="2" covered="0"/><counter type="METHOD" missed="2" covered="0"/><counter type="CLASS" missed="1" covered="0"/></class><class name="fourcats/usecaseinteractor/GenerateBAL" sourcefilename="GenerateBAL.java"><method name="&lt;init&gt;" desc="(Lfourcats/interfaceaccess/RepositoryAccess;Lfourcats/port/GenerateBALOutputPort;Lfourcats/interfaceaccess/BalAnalyzer;)V" line="20"><counter type="INSTRUCTION" missed="0" covered="12"/><counter type="LINE" missed="0" covered="5"/><counter type="COMPLEXITY" missed="0" covered="1"/><counter type="METHOD" missed="0" covered="1"/></method><method name="generateBAL" desc="(Ljava/lang/String;)V" line="27"><counter type="INSTRUCTION" missed="55" covered="37"/><counter type="BRANCH" missed="7" covered="1"/><counter type="LINE" missed="14" covered="9"/><counter type="COMPLEXITY" missed="4" covered="1"/><counter type="METHOD" missed="0" covered="1"/></method><counter type="INSTRUCTION" missed="55" covered="49"/><counter type="BRANCH" missed="7" covered="1"/><counter type="LINE" missed="14" covered="14"/><counter type="COMPLEXITY" missed="4" covered="2"/><counter type="METHOD" missed="0" covered="2"/><counter type="CLASS" missed="0" covered="1"/></class><sourcefile name="GenerateBALSuggestions.java"><line nr="23" mi="0" ci="2" mb="0" cb="0"/><line nr="24" mi="0" ci="3" mb="0" cb="0"/><line nr="25" mi="0" ci="3" mb="0" cb="0"/><line nr="26" mi="0" ci="3" mb="0" cb="0"/><line nr="27" mi="0" ci="1" mb="0" cb="0"/><line nr="32" mi="0" ci="4" mb="0" cb="0"/><line nr="34" mi="0" ci="2" mb="0" cb="0"/><line nr="35" mi="0" ci="2" mb="0" cb="0"/><line nr="38" mi="0" ci="5" mb="0" cb="0"/><line nr="40" mi="1" ci="0" mb="0" cb="0"/><line nr="41" mi="3" ci="0" mb="0" cb="0"/><line nr="42" mi="1" ci="0" mb="0" cb="0"/><line nr="43" mi="0" ci="1" mb="0" cb="0"/><line nr="44" mi="0" ci="2" mb="1" cb="1"/><line nr="45" mi="4" ci="0" mb="0" cb="0"/><line nr="46" mi="15" ci="0" mb="2" cb="0"/><line nr="47" mi="4" ci="0" mb="0" cb="0"/><line nr="48" mi="4" ci="0" mb="0" cb="0"/><line nr="49" mi="10" ci="0" mb="2" cb="0"/><line nr="50" mi="6" ci="0" mb="0" cb="0"/><line nr="51" mi="1" ci="0" mb="0" cb="0"/><line nr="52" mi="1" ci="0" mb="0" cb="0"/><line nr="54" mi="14" ci="0" mb="0" cb="0"/><line nr="55" mi="1" ci="0" mb="0" cb="0"/><line nr="56" mi="10" ci="0" mb="2" cb="0"/><line nr="57" mi="4" ci="0" mb="0" cb="0"/><line nr="58" mi="1" ci="0" mb="0" cb="0"/><line nr="59" mi="6" ci="0" mb="0" cb="0"/><line nr="62" mi="0" ci="1" mb="0" cb="0"/><line nr="65" mi="4" ci="0" mb="0" cb="0"/><line nr="67" mi="5" ci="0" mb="0" cb="0"/><line nr="71" mi="2" ci="0" mb="0" cb="0"/><line nr="72" mi="2" ci="0" mb="0" cb="0"/><line nr="74" mi="2" ci="0" mb="0" cb="0"/><line nr="75" mi="2" ci="0" mb="0" cb="0"/><line nr="76" mi="7" ci="0" mb="0" cb="0"/><line nr="77" mi="14" ci="0" mb="0" cb="0"/><line nr="78" mi="4" ci="0" mb="0" cb="0"/><line nr="80" mi="10" ci="0" mb="2" cb="0"/><line nr="81" mi="5" ci="0" mb="0" cb="0"/><line nr="82" mi="6" ci="0" mb="0" cb="0"/><line nr="83" mi="6" ci="0" mb="0" cb="0"/><line nr="84" mi="4" ci="0" mb="0" cb="0"/><line nr="85" mi="1" ci="0" mb="0" cb="0"/><line nr="86" mi="2" ci="0" mb="0" cb="0"/><line nr="92" mi="4" ci="0" mb="0" cb="0"/><line nr="93" mi="8" ci="0" mb="0" cb="0"/><line nr="98" mi="2" ci="0" mb="0" cb="0"/><line nr="99" mi="2" ci="0" mb="0" cb="0"/><line nr="100" mi="5" ci="0" mb="2" cb="0"/><line nr="101" mi="5" ci="0" mb="0" cb="0"/><line nr="103" mi="4" ci="0" mb="0" cb="0"/><line nr="104" mi="6" ci="0" mb="0" cb="0"/><line nr="111" mi="2" ci="0" mb="0" cb="0"/><line nr="112" mi="2" ci="0" mb="0" cb="0"/><line nr="113" mi="5" ci="0" mb="2" cb="0"/><line nr="114" mi="6" ci="0" mb="0" cb="0"/><line nr="115" mi="4" ci="0" mb="0" cb="0"/><line nr="116" mi="3" ci="0" mb="2" cb="0"/><line nr="117" mi="6" ci="0" mb="0" cb="0"/><line nr="119" mi="2" ci="0" mb="0" cb="0"/><counter type="INSTRUCTION" missed="228" covered="29"/><counter type="BRANCH" missed="15" covered="1"/><counter type="LINE" missed="49" covered="12"/><counter type="COMPLEXITY" missed="14" covered="2"/><counter type="METHOD" missed="6" covered="2"/><counter type="CLASS" missed="0" covered="1"/></sourcefile><sourcefile name="DeclineBALSuggestion.java"><line nr="11" mi="0" ci="2" mb="0" cb="0"/><line nr="12" mi="0" ci="3" mb="0" cb="0"/><line nr="13" mi="0" ci="3" mb="0" cb="0"/><line nr="14" mi="0" ci="1" mb="0" cb="0"/><line nr="17" mi="0" ci="5" mb="0" cb="0"/><line nr="18" mi="0" ci="7" mb="0" cb="0"/><line nr="20" mi="1" ci="0" mb="0" cb="0"/><line nr="21" mi="7" ci="0" mb="0" cb="0"/><line nr="22" mi="0" ci="1" mb="0" cb="0"/><line nr="23" mi="0" ci="1" mb="0" cb="0"/><counter type="INSTRUCTION" missed="8" covered="23"/><counter type="LINE" missed="2" covered="8"/><counter type="COMPLEXITY" missed="0" covered="2"/><counter type="METHOD" missed="0" covered="2"/><counter type="CLASS" missed="0" covered="1"/></sourcefile><sourcefile name="ModifyBALSuggestion.java"><line nr="11" mi="2" ci="0" mb="0" cb="0"/><line nr="12" mi="3" ci="0" mb="0" cb="0"/><line nr="13" mi="3" ci="0" mb="0" cb="0"/><line nr="14" mi="1" ci="0" mb="0" cb="0"/><line nr="18" mi="6" ci="0" mb="0" cb="0"/><line nr="19" mi="7" ci="0" mb="0" cb="0"/><line nr="21" mi="1" ci="0" mb="0" cb="0"/><line nr="22" mi="7" ci="0" mb="0" cb="0"/><line nr="23" mi="1" ci="0" mb="0" cb="0"/><line nr="24" mi="1" ci="0" mb="0" cb="0"/><line nr="29" mi="6" ci="0" mb="0" cb="0"/><line nr="30" mi="7" ci="0" mb="0" cb="0"/><line nr="32" mi="1" ci="0" mb="0" cb="0"/><line nr="33" mi="7" ci="0" mb="0" cb="0"/><line nr="34" mi="1" ci="0" mb="0" cb="0"/><line nr="35" mi="1" ci="0" mb="0" cb="0"/><line nr="40" mi="6" ci="0" mb="0" cb="0"/><line nr="41" mi="7" ci="0" mb="0" cb="0"/><line nr="43" mi="1" ci="0" mb="0" cb="0"/><line nr="44" mi="7" ci="0" mb="0" cb="0"/><line nr="45" mi="1" ci="0" mb="0" cb="0"/><line nr="46" mi="1" ci="0" mb="0" cb="0"/><line nr="51" mi="7" ci="0" mb="0" cb="0"/><line nr="52" mi="7" ci="0" mb="0" cb="0"/><line nr="54" mi="1" ci="0" mb="0" cb="0"/><line nr="55" mi="7" ci="0" mb="0" cb="0"/><line nr="56" mi="1" ci="0" mb="0" cb="0"/><line nr="58" mi="1" ci="0" mb="0" cb="0"/><line nr="63" mi="7" ci="0" mb="0" cb="0"/><line nr="64" mi="7" ci="0" mb="0" cb="0"/><line nr="66" mi="1" ci="0" mb="0" cb="0"/><line nr="67" mi="7" ci="0" mb="0" cb="0"/><line nr="68" mi="1" ci="0" mb="0" cb="0"/><line nr="69" mi="1" ci="0" mb="0" cb="0"/><line nr="74" mi="7" ci="0" mb="0" cb="0"/><line nr="75" mi="7" ci="0" mb="0" cb="0"/><line nr="77" mi="1" ci="0" mb="0" cb="0"/><line nr="78" mi="7" ci="0" mb="0" cb="0"/><line nr="79" mi="1" ci="0" mb="0" cb="0"/><line nr="80" mi="1" ci="0" mb="0" cb="0"/><line nr="85" mi="7" ci="0" mb="0" cb="0"/><line nr="86" mi="7" ci="0" mb="0" cb="0"/><line nr="88" mi="1" ci="0" mb="0" cb="0"/><line nr="89" mi="7" ci="0" mb="0" cb="0"/><line nr="90" mi="1" ci="0" mb="0" cb="0"/><line nr="91" mi="1" ci="0" mb="0" cb="0"/><line nr="96" mi="6" ci="0" mb="0" cb="0"/><line nr="97" mi="7" ci="0" mb="0" cb="0"/><line nr="99" mi="1" ci="0" mb="0" cb="0"/><line nr="100" mi="7" ci="0" mb="0" cb="0"/><line nr="101" mi="1" ci="0" mb="0" cb="0"/><line nr="102" mi="1" ci="0" mb="0" cb="0"/><counter type="INSTRUCTION" missed="197" covered="0"/><counter type="LINE" missed="52" covered="0"/><counter type="COMPLEXITY" missed="9" covered="0"/><counter type="METHOD" missed="9" covered="0"/><counter type="CLASS" missed="1" covered="0"/></sourcefile><sourcefile name="GenerateBAL.java"><line nr="20" mi="0" ci="2" mb="0" cb="0"/><line nr="21" mi="0" ci="3" mb="0" cb="0"/><line nr="22" mi="0" ci="3" mb="0" cb="0"/><line nr="23" mi="0" ci="3" mb="0" cb="0"/><line nr="24" mi="0" ci="1" mb="0" cb="0"/><line nr="27" mi="0" ci="4" mb="0" cb="0"/><line nr="28" mi="4" ci="9" mb="1" cb="1"/><line nr="29" mi="2" ci="0" mb="0" cb="0"/><line nr="30" mi="2" ci="0" mb="0" cb="0"/><line nr="31" mi="10" ci="0" mb="2" cb="0"/><line nr="32" mi="6" ci="0" mb="2" cb="0"/><line nr="33" mi="4" ci="0" mb="0" cb="0"/><line nr="34" mi="5" ci="0" mb="0" cb="0"/><line nr="35" mi="2" ci="0" mb="0" cb="0"/><line nr="37" mi="1" ci="0" mb="0" cb="0"/><line nr="38" mi="1" ci="0" mb="0" cb="0"/><line nr="39" mi="2" ci="0" mb="2" cb="0"/><line nr="40" mi="10" ci="0" mb="0" cb="0"/><line nr="43" mi="1" ci="0" mb="0" cb="0"/><line nr="44" mi="0" ci="5" mb="0" cb="0"/><line nr="47" mi="0" ci="5" mb="0" cb="0"/><line nr="48" mi="0" ci="5" mb="0" cb="0"/><line nr="49" mi="0" ci="3" mb="0" cb="0"/><line nr="50" mi="0" ci="4" mb="0" cb="0"/><line nr="52" mi="1" ci="0" mb="0" cb="0"/><line nr="53" mi="4" ci="0" mb="0" cb="0"/><line nr="54" mi="0" ci="1" mb="0" cb="0"/><line nr="57" mi="0" ci="1" mb="0" cb="0"/><counter type="INSTRUCTION" missed="55" covered="49"/><counter type="BRANCH" missed="7" covered="1"/><counter type="LINE" missed="14" covered="14"/><counter type="COMPLEXITY" missed="4" covered="2"/><counter type="METHOD" missed="0" covered="2"/><counter type="CLASS" missed="0" covered="1"/></sourcefile><sourcefile name="ShowTypes.java"><line nr="11" mi="2" ci="0" mb="0" cb="0"/><line nr="12" mi="3" ci="0" mb="0" cb="0"/><line nr="13" mi="3" ci="0" mb="0" cb="0"/><line nr="14" mi="1" ci="0" mb="0" cb="0"/><line nr="18" mi="6" ci="0" mb="0" cb="0"/><line nr="19" mi="1" ci="0" mb="0" cb="0"/><counter type="INSTRUCTION" missed="16" covered="0"/><counter type="LINE" missed="6" covered="0"/><counter type="COMPLEXITY" missed="2" covered="0"/><counter type="METHOD" missed="2" covered="0"/><counter type="CLASS" missed="1" covered="0"/></sourcefile><sourcefile name="CreateCustomType.java"><line nr="14" mi="2" ci="0" mb="0" cb="0"/><line nr="15" mi="3" ci="0" mb="0" cb="0"/><line nr="16" mi="3" ci="0" mb="0" cb="0"/><line nr="17" mi="1" ci="0" mb="0" cb="0"/><line nr="22" mi="5" ci="0" mb="0" cb="0"/><line nr="23" mi="4" ci="0" mb="0" cb="0"/><line nr="25" mi="1" ci="0" mb="0" cb="0"/><line nr="26" mi="4" ci="0" mb="0" cb="0"/><line nr="27" mi="1" ci="0" mb="0" cb="0"/><line nr="28" mi="1" ci="0" mb="0" cb="0"/><counter type="INSTRUCTION" missed="25" covered="0"/><counter type="LINE" missed="10" covered="0"/><counter type="COMPLEXITY" missed="2" covered="0"/><counter type="METHOD" missed="2" covered="0"/><counter type="CLASS" missed="1" covered="0"/></sourcefile><counter type="INSTRUCTION" missed="529" covered="101"/><counter type="BRANCH" missed="22" covered="2"/><counter type="LINE" missed="133" covered="34"/><counter type="COMPLEXITY" missed="31" covered="6"/><counter type="METHOD" missed="19" covered="6"/><counter type="CLASS" missed="3" covered="3"/></package><package name="fourcats/interfaceaccess"><class name="fourcats/interfaceaccess/BalAnalyzer" sourcefilename="BalAnalyzer.java"/><class name="fourcats/interfaceaccess/RepositoryAccess" sourcefilename="RepositoryAccess.java"/><class name="fourcats/interfaceaccess/TextAnalyzer" sourcefilename="TextAnalyzer.java"/><class name="fourcats/interfaceaccess/PersistentMemoryAccess" sourcefilename="PersistentMemoryAccess.java"/><sourcefile name="PersistentMemoryAccess.java"/><sourcefile name="BalAnalyzer.java"/><sourcefile name="TextAnalyzer.java"/><sourcefile name="RepositoryAccess.java"/></package><counter type="INSTRUCTION" missed="4503" covered="911"/><counter type="BRANCH" missed="229" covered="55"/><counter type="LINE" missed="1068" covered="219"/><counter type="COMPLEXITY" missed="334" covered="81"/><counter type="METHOD" missed="209" covered="59"/><counter type="CLASS" missed="27" covered="12"/></report>