<?xml version="1.0" encoding="UTF-8"?>
<testng-results skipped="0" failed="0" ignored="0" total="152" passed="152">
  <reporter-output>
  </reporter-output>
  <suite name="Surefire suite" duration-ms="1952" started-at="2020-05-10T21:08:22 CEST" finished-at="2020-05-10T21:08:23 CEST">
    <groups>
    </groups>
    <test name="Surefire test" duration-ms="1952" started-at="2020-05-10T21:08:22 CEST" finished-at="2020-05-10T21:08:23 CEST">
      <class name="fourcats.usecaseinteractor.ModifyApiTest">
        <test-method status="PASS" signature="correctlyCreatingModifyApi()" name="correctlyCreatingModifyApi" duration-ms="11" started-at="2020-05-10T21:08:23 CEST" finished-at="2020-05-10T21:08:23 CEST">
          <reporter-output>
          </reporter-output>
        </test-method> <!-- correctlyCreatingModifyApi -->
        <test-method status="PASS" signature="testingCorrectlyMethodCallModifyGui()" name="testingCorrectlyMethodCallModifyGui" duration-ms="11" started-at="2020-05-10T21:08:23 CEST" finished-at="2020-05-10T21:08:23 CEST">
          <reporter-output>
          </reporter-output>
        </test-method> <!-- testingCorrectlyMethodCallModifyGui -->
        <test-method status="PASS" signature="testingModifyApi()" name="testingModifyApi" duration-ms="10" started-at="2020-05-10T21:08:23 CEST" finished-at="2020-05-10T21:08:23 CEST">
          <reporter-output>
          </reporter-output>
        </test-method> <!-- testingModifyApi -->
      </class> <!-- fourcats.usecaseinteractor.ModifyApiTest -->
      <class name="fourcats.frameworks.DataKeeperTest">
        <test-method status="PASS" signature="addingAPIWithIdCorrectlyWithoutDuplicate()" name="addingAPIWithIdCorrectlyWithoutDuplicate" duration-ms="4" started-at="2020-05-10T21:08:23 CEST" finished-at="2020-05-10T21:08:23 CEST">
          <reporter-output>
          </reporter-output>
        </test-method> <!-- addingAPIWithIdCorrectlyWithoutDuplicate -->
        <test-method status="PASS" signature="isClassNamePresentTest()" name="isClassNamePresentTest" duration-ms="5" started-at="2020-05-10T21:08:23 CEST" finished-at="2020-05-10T21:08:23 CEST">
          <reporter-output>
          </reporter-output>
        </test-method> <!-- isClassNamePresentTest -->
        <test-method status="PASS" signature="isClassNameNotPresentTest()" name="isClassNameNotPresentTest" duration-ms="3" started-at="2020-05-10T21:08:23 CEST" finished-at="2020-05-10T21:08:23 CEST">
          <reporter-output>
          </reporter-output>
        </test-method> <!-- isClassNameNotPresentTest -->
        <test-method status="PASS" signature="isCoupleBalPlaNOTPresentTest()" name="isCoupleBalPlaNOTPresentTest" duration-ms="4" started-at="2020-05-10T21:08:23 CEST" finished-at="2020-05-10T21:08:23 CEST">
          <reporter-output>
          </reporter-output>
        </test-method> <!-- isCoupleBalPlaNOTPresentTest -->
        <test-method status="PASS" signature="gettingAPIWithId()" name="gettingAPIWithId" duration-ms="5" started-at="2020-05-10T21:08:23 CEST" finished-at="2020-05-10T21:08:23 CEST">
          <reporter-output>
          </reporter-output>
        </test-method> <!-- gettingAPIWithId -->
        <test-method status="PASS" signature="createDatakeeperCorrectly()" name="createDatakeeperCorrectly" duration-ms="4" started-at="2020-05-10T21:08:23 CEST" finished-at="2020-05-10T21:08:23 CEST">
          <reporter-output>
          </reporter-output>
        </test-method> <!-- createDatakeeperCorrectly -->
        <test-method status="PASS" signature="removingAPINotPresent()" name="removingAPINotPresent" duration-ms="2" started-at="2020-05-10T21:08:23 CEST" finished-at="2020-05-10T21:08:23 CEST">
          <reporter-output>
          </reporter-output>
        </test-method> <!-- removingAPINotPresent -->
        <test-method status="PASS" signature="addingAPIWithoutIdCorrectly()" name="addingAPIWithoutIdCorrectly" duration-ms="4" started-at="2020-05-10T21:08:23 CEST" finished-at="2020-05-10T21:08:23 CEST">
          <reporter-output>
          </reporter-output>
        </test-method> <!-- addingAPIWithoutIdCorrectly -->
        <test-method status="PASS" signature="updatingAPICorrectly()" name="updatingAPICorrectly" duration-ms="3" started-at="2020-05-10T21:08:23 CEST" finished-at="2020-05-10T21:08:23 CEST">
          <reporter-output>
          </reporter-output>
        </test-method> <!-- updatingAPICorrectly -->
        <test-method status="PASS" signature="removingAPIPresent()" name="removingAPIPresent" duration-ms="5" started-at="2020-05-10T21:08:23 CEST" finished-at="2020-05-10T21:08:23 CEST">
          <reporter-output>
          </reporter-output>
        </test-method> <!-- removingAPIPresent -->
        <test-method status="PASS" signature="isAPIPresentTest()" name="isAPIPresentTest" duration-ms="5" started-at="2020-05-10T21:08:23 CEST" finished-at="2020-05-10T21:08:23 CEST">
          <reporter-output>
          </reporter-output>
        </test-method> <!-- isAPIPresentTest -->
        <test-method status="PASS" signature="addCoupleBlaPlaTestWithSameBal()" name="addCoupleBlaPlaTestWithSameBal" duration-ms="6" started-at="2020-05-10T21:08:23 CEST" finished-at="2020-05-10T21:08:23 CEST">
          <reporter-output>
          </reporter-output>
        </test-method> <!-- addCoupleBlaPlaTestWithSameBal -->
        <test-method status="PASS" signature="updatingAPIWithSame()" name="updatingAPIWithSame" duration-ms="5" started-at="2020-05-10T21:08:23 CEST" finished-at="2020-05-10T21:08:23 CEST">
          <reporter-output>
          </reporter-output>
        </test-method> <!-- updatingAPIWithSame -->
        <test-method status="PASS" signature="isAPINotPresentTest()" name="isAPINotPresentTest" duration-ms="5" started-at="2020-05-10T21:08:23 CEST" finished-at="2020-05-10T21:08:23 CEST">
          <reporter-output>
          </reporter-output>
        </test-method> <!-- isAPINotPresentTest -->
        <test-method status="PASS" signature="gettingAPIMapCorrectly()" name="gettingAPIMapCorrectly" duration-ms="6" started-at="2020-05-10T21:08:23 CEST" finished-at="2020-05-10T21:08:23 CEST">
          <reporter-output>
          </reporter-output>
        </test-method> <!-- gettingAPIMapCorrectly -->
        <test-method status="PASS" signature="isCoupleBalPlaPresentTest()" name="isCoupleBalPlaPresentTest" duration-ms="4" started-at="2020-05-10T21:08:23 CEST" finished-at="2020-05-10T21:08:23 CEST">
          <reporter-output>
          </reporter-output>
        </test-method> <!-- isCoupleBalPlaPresentTest -->
        <test-method status="PASS" signature="addCoupleBlaPlaTest()" name="addCoupleBlaPlaTest" duration-ms="4" started-at="2020-05-10T21:08:23 CEST" finished-at="2020-05-10T21:08:23 CEST">
          <reporter-output>
          </reporter-output>
        </test-method> <!-- addCoupleBlaPlaTest -->
        <test-method status="PASS" signature="gettingSizeOfAPIMap()" name="gettingSizeOfAPIMap" duration-ms="4" started-at="2020-05-10T21:08:23 CEST" finished-at="2020-05-10T21:08:23 CEST">
          <reporter-output>
          </reporter-output>
        </test-method> <!-- gettingSizeOfAPIMap -->
      </class> <!-- fourcats.frameworks.DataKeeperTest -->
      <class name="fourcats.usecaseinteractor.GenerateApiTest">
        <test-method status="PASS" signature="generateAPI() throws java.lang.Exception" name="generateAPI" duration-ms="10" started-at="2020-05-10T21:08:23 CEST" finished-at="2020-05-10T21:08:23 CEST">
          <reporter-output>
          </reporter-output>
        </test-method> <!-- generateAPI -->
        <test-method status="PASS" signature="GenerateAPITestCorrectCreation()" name="GenerateAPITestCorrectCreation" duration-ms="9" started-at="2020-05-10T21:08:23 CEST" finished-at="2020-05-10T21:08:23 CEST">
          <reporter-output>
          </reporter-output>
        </test-method> <!-- GenerateAPITestCorrectCreation -->
      </class> <!-- fourcats.usecaseinteractor.GenerateApiTest -->
      <class name="fourcats.Entity.APITest">
        <test-method status="PASS" signature="testConstructor()" name="testConstructor" duration-ms="320" started-at="2020-05-10T21:08:22 CEST" finished-at="2020-05-10T21:08:22 CEST">
          <reporter-output>
          </reporter-output>
        </test-method> <!-- testConstructor -->
        <test-method status="PASS" signature="setTextCorrectly()" name="setTextCorrectly" duration-ms="319" started-at="2020-05-10T21:08:22 CEST" finished-at="2020-05-10T21:08:22 CEST">
          <reporter-output>
          </reporter-output>
        </test-method> <!-- setTextCorrectly -->
        <test-method status="PASS" signature="getTextCorrectly()" name="getTextCorrectly" duration-ms="317" started-at="2020-05-10T21:08:22 CEST" finished-at="2020-05-10T21:08:22 CEST">
          <reporter-output>
          </reporter-output>
        </test-method> <!-- getTextCorrectly -->
        <test-method status="PASS" signature="getFileNameCorrectly()" name="getFileNameCorrectly" duration-ms="318" started-at="2020-05-10T21:08:22 CEST" finished-at="2020-05-10T21:08:22 CEST">
          <reporter-output>
          </reporter-output>
        </test-method> <!-- getFileNameCorrectly -->
        <test-method status="PASS" signature="setFileNameCorrectly()" name="setFileNameCorrectly" duration-ms="319" started-at="2020-05-10T21:08:22 CEST" finished-at="2020-05-10T21:08:22 CEST">
          <reporter-output>
          </reporter-output>
        </test-method> <!-- setFileNameCorrectly -->
      </class> <!-- fourcats.Entity.APITest -->
      <class name="fourcats.usecaseinteractor.CreatePlaTest">
        <test-method status="PASS" signature="testingCorrectlyMethodCallModifyGui()" name="testingCorrectlyMethodCallModifyGui" duration-ms="25" started-at="2020-05-10T21:08:23 CEST" finished-at="2020-05-10T21:08:23 CEST">
          <reporter-output>
          </reporter-output>
        </test-method> <!-- testingCorrectlyMethodCallModifyGui -->
        <test-method status="PASS" signature="correctlyCreatingModifyApi()" name="correctlyCreatingModifyApi" duration-ms="26" started-at="2020-05-10T21:08:23 CEST" finished-at="2020-05-10T21:08:23 CEST">
          <reporter-output>
          </reporter-output>
        </test-method> <!-- correctlyCreatingModifyApi -->
      </class> <!-- fourcats.usecaseinteractor.CreatePlaTest -->
      <class name="fourcats.usecaseinteractor.SuggestApiTest">
        <test-method status="PASS" signature="correctlyCreatingSuggestApi()" name="correctlyCreatingSuggestApi" duration-ms="6" started-at="2020-05-10T21:08:23 CEST" finished-at="2020-05-10T21:08:23 CEST">
          <reporter-output>
          </reporter-output>
        </test-method> <!-- correctlyCreatingSuggestApi -->
        <test-method status="PASS" signature="SuggestAPITestCreationFromWrongInput()" name="SuggestAPITestCreationFromWrongInput" duration-ms="7" started-at="2020-05-10T21:08:23 CEST" finished-at="2020-05-10T21:08:23 CEST">
          <reporter-output>
          </reporter-output>
        </test-method> <!-- SuggestAPITestCreationFromWrongInput -->
        <test-method status="PASS" signature="correctlysuggestionApiCreated()" name="correctlysuggestionApiCreated" duration-ms="9" started-at="2020-05-10T21:08:23 CEST" finished-at="2020-05-10T21:08:23 CEST">
          <reporter-output>
          </reporter-output>
        </test-method> <!-- correctlysuggestionApiCreated -->
      </class> <!-- fourcats.usecaseinteractor.SuggestApiTest -->
      <class name="fourcats.frameworks.FileSystemTest">
        <test-method status="PASS" signature="loadingPLACorrectlyFound()" name="loadingPLACorrectlyFound" duration-ms="2" started-at="2020-05-10T21:08:23 CEST" finished-at="2020-05-10T21:08:23 CEST">
          <reporter-output>
          </reporter-output>
        </test-method> <!-- loadingPLACorrectlyFound -->
        <test-method status="PASS" signature="writingAPITestCorrectly()" name="writingAPITestCorrectly" duration-ms="1" started-at="2020-05-10T21:08:23 CEST" finished-at="2020-05-10T21:08:23 CEST">
          <reporter-output>
          </reporter-output>
        </test-method> <!-- writingAPITestCorrectly -->
        <test-method status="PASS" signature="loadingPLACorrectlyNotFound()" name="loadingPLACorrectlyNotFound" duration-ms="2" started-at="2020-05-10T21:08:23 CEST" finished-at="2020-05-10T21:08:23 CEST">
          <reporter-output>
          </reporter-output>
        </test-method> <!-- loadingPLACorrectlyNotFound -->
        <test-method status="PASS" signature="loadingFileCorrectly()" name="loadingFileCorrectly" duration-ms="1" started-at="2020-05-10T21:08:23 CEST" finished-at="2020-05-10T21:08:23 CEST">
          <reporter-output>
          </reporter-output>
        </test-method> <!-- loadingFileCorrectly -->
        <test-method status="PASS" signature="writingPLATestCorrectly()" name="writingPLATestCorrectly" duration-ms="3" started-at="2020-05-10T21:08:23 CEST" finished-at="2020-05-10T21:08:23 CEST">
          <reporter-output>
          </reporter-output>
        </test-method> <!-- writingPLATestCorrectly -->
      </class> <!-- fourcats.frameworks.FileSystemTest -->
      <class name="fourcats.interfaceAdapters.DataPresenterTest">
        <test-method status="PASS" signature="testShowOuput()" name="testShowOuput" duration-ms="2" started-at="2020-05-10T21:08:23 CEST" finished-at="2020-05-10T21:08:23 CEST">
          <reporter-output>
          </reporter-output>
        </test-method> <!-- testShowOuput -->
        <test-method status="PASS" signature="testingGettingMessage()" name="testingGettingMessage" duration-ms="2" started-at="2020-05-10T21:08:23 CEST" finished-at="2020-05-10T21:08:23 CEST">
          <reporter-output>
          </reporter-output>
        </test-method> <!-- testingGettingMessage -->
        <test-method status="PASS" signature="testGetMessageToShow()" name="testGetMessageToShow" duration-ms="3" started-at="2020-05-10T21:08:23 CEST" finished-at="2020-05-10T21:08:23 CEST">
          <reporter-output>
          </reporter-output>
        </test-method> <!-- testGetMessageToShow -->
        <test-method status="PASS" signature="testingShowGenerationMessage()" name="testingShowGenerationMessage" duration-ms="3" started-at="2020-05-10T21:08:23 CEST" finished-at="2020-05-10T21:08:23 CEST">
          <reporter-output>
          </reporter-output>
        </test-method> <!-- testingShowGenerationMessage -->
      </class> <!-- fourcats.interfaceAdapters.DataPresenterTest -->
      <class name="fourcats.interfaceAdapters.ControllerTest">
        <test-method status="PASS" signature="testingCreatePla()" name="testingCreatePla" duration-ms="72" started-at="2020-05-10T21:08:23 CEST" finished-at="2020-05-10T21:08:23 CEST">
          <reporter-output>
          </reporter-output>
        </test-method> <!-- testingCreatePla -->
        <test-method status="PASS" signature="testGenerateApi() throws java.lang.Exception" name="testGenerateApi" duration-ms="69" started-at="2020-05-10T21:08:23 CEST" finished-at="2020-05-10T21:08:23 CEST">
          <reporter-output>
          </reporter-output>
        </test-method> <!-- testGenerateApi -->
        <test-method status="PASS" signature="testingModifyApiGui()" name="testingModifyApiGui" duration-ms="67" started-at="2020-05-10T21:08:23 CEST" finished-at="2020-05-10T21:08:23 CEST">
          <reporter-output>
          </reporter-output>
        </test-method> <!-- testingModifyApiGui -->
        <test-method status="PASS" signature="testModifyApi()" name="testModifyApi" duration-ms="61" started-at="2020-05-10T21:08:23 CEST" finished-at="2020-05-10T21:08:23 CEST">
          <reporter-output>
          </reporter-output>
        </test-method> <!-- testModifyApi -->
        <test-method status="PASS" signature="testLoadingPla()" name="testLoadingPla" duration-ms="65" started-at="2020-05-10T21:08:23 CEST" finished-at="2020-05-10T21:08:23 CEST">
          <reporter-output>
          </reporter-output>
        </test-method> <!-- testLoadingPla -->
        <test-method status="PASS" signature="createControllerCorrectly()" name="createControllerCorrectly" duration-ms="70" started-at="2020-05-10T21:08:23 CEST" finished-at="2020-05-10T21:08:23 CEST">
          <reporter-output>
          </reporter-output>
        </test-method> <!-- createControllerCorrectly -->
        <test-method status="PASS" signature="testModifyPla()" name="testModifyPla" duration-ms="63" started-at="2020-05-10T21:08:23 CEST" finished-at="2020-05-10T21:08:23 CEST">
          <reporter-output>
          </reporter-output>
        </test-method> <!-- testModifyPla -->
        <test-method status="PASS" signature="testCreateApiSuggestion()" name="testCreateApiSuggestion" duration-ms="60" started-at="2020-05-10T21:08:23 CEST" finished-at="2020-05-10T21:08:23 CEST">
          <reporter-output>
          </reporter-output>
        </test-method> <!-- testCreateApiSuggestion -->
      </class> <!-- fourcats.interfaceAdapters.ControllerTest -->
      <class name="fourcats.usecaseinteractor.ModifyPlaTest">
        <test-method status="PASS" signature="correctlyCreatingModifyApi()" name="correctlyCreatingModifyApi" duration-ms="13" started-at="2020-05-10T21:08:23 CEST" finished-at="2020-05-10T21:08:23 CEST">
          <reporter-output>
          </reporter-output>
        </test-method> <!-- correctlyCreatingModifyApi -->
        <test-method status="PASS" signature="testingLoadingPlaCorrectly()" name="testingLoadingPlaCorrectly" duration-ms="14" started-at="2020-05-10T21:08:23 CEST" finished-at="2020-05-10T21:08:23 CEST">
          <reporter-output>
          </reporter-output>
        </test-method> <!-- testingLoadingPlaCorrectly -->
        <test-method status="PASS" signature="testingModify()" name="testingModify" duration-ms="12" started-at="2020-05-10T21:08:23 CEST" finished-at="2020-05-10T21:08:23 CEST">
          <reporter-output>
          </reporter-output>
        </test-method> <!-- testingModify -->
      </class> <!-- fourcats.usecaseinteractor.ModifyPlaTest -->
      <class name="fourcats.Entity.ObjectParamTest">
        <test-method status="PASS" signature="EmptyObjectParamCorrectCreation()" name="EmptyObjectParamCorrectCreation" duration-ms="1" started-at="2020-05-10T21:08:23 CEST" finished-at="2020-05-10T21:08:23 CEST">
          <reporter-output>
          </reporter-output>
        </test-method> <!-- EmptyObjectParamCorrectCreation -->
        <test-method status="PASS" signature="ObjectParamSetTypeCorrectly()" name="ObjectParamSetTypeCorrectly" duration-ms="1" started-at="2020-05-10T21:08:23 CEST" finished-at="2020-05-10T21:08:23 CEST">
          <reporter-output>
          </reporter-output>
        </test-method> <!-- ObjectParamSetTypeCorrectly -->
        <test-method status="PASS" signature="setTypeCorrectly()" name="setTypeCorrectly" duration-ms="0" started-at="2020-05-10T21:08:23 CEST" finished-at="2020-05-10T21:08:23 CEST">
          <reporter-output>
          </reporter-output>
        </test-method> <!-- setTypeCorrectly -->
        <test-method status="PASS" signature="ObjectParamGetTypeCorrectly()" name="ObjectParamGetTypeCorrectly" duration-ms="1" started-at="2020-05-10T21:08:23 CEST" finished-at="2020-05-10T21:08:23 CEST">
          <reporter-output>
          </reporter-output>
        </test-method> <!-- ObjectParamGetTypeCorrectly -->
        <test-method status="PASS" signature="ObjectParamConvertedToStringCorrectly()" name="ObjectParamConvertedToStringCorrectly" duration-ms="1" started-at="2020-05-10T21:08:23 CEST" finished-at="2020-05-10T21:08:23 CEST">
          <reporter-output>
          </reporter-output>
        </test-method> <!-- ObjectParamConvertedToStringCorrectly -->
        <test-method status="PASS" signature="ObjectParamSetRequiredCorrectly()" name="ObjectParamSetRequiredCorrectly" duration-ms="0" started-at="2020-05-10T21:08:23 CEST" finished-at="2020-05-10T21:08:23 CEST">
          <reporter-output>
          </reporter-output>
        </test-method> <!-- ObjectParamSetRequiredCorrectly -->
        <test-method status="PASS" signature="ObjectParamCorrectCreationWthName()" name="ObjectParamCorrectCreationWthName" duration-ms="1" started-at="2020-05-10T21:08:23 CEST" finished-at="2020-05-10T21:08:23 CEST">
          <reporter-output>
          </reporter-output>
        </test-method> <!-- ObjectParamCorrectCreationWthName -->
        <test-method status="PASS" signature="ObjectParamSetNameCorrectly()" name="ObjectParamSetNameCorrectly" duration-ms="0" started-at="2020-05-10T21:08:23 CEST" finished-at="2020-05-10T21:08:23 CEST">
          <reporter-output>
          </reporter-output>
        </test-method> <!-- ObjectParamSetNameCorrectly -->
      </class> <!-- fourcats.Entity.ObjectParamTest -->
      <class name="fourcats.Entity.PLATest">
        <test-method status="PASS" signature="getTestClassCorrectly()" name="getTestClassCorrectly" duration-ms="6" started-at="2020-05-10T21:08:23 CEST" finished-at="2020-05-10T21:08:23 CEST">
          <reporter-output>
          </reporter-output>
        </test-method> <!-- getTestClassCorrectly -->
        <test-method status="PASS" signature="testConstructor()" name="testConstructor" duration-ms="5" started-at="2020-05-10T21:08:23 CEST" finished-at="2020-05-10T21:08:23 CEST">
          <reporter-output>
          </reporter-output>
        </test-method> <!-- testConstructor -->
        <test-method status="PASS" signature="testExtensionFromPLA()" name="testExtensionFromPLA" duration-ms="4" started-at="2020-05-10T21:08:23 CEST" finished-at="2020-05-10T21:08:23 CEST">
          <reporter-output>
          </reporter-output>
        </test-method> <!-- testExtensionFromPLA -->
        <test-method status="PASS" signature="testTextFromPLA()" name="testTextFromPLA" duration-ms="2" started-at="2020-05-10T21:08:23 CEST" finished-at="2020-05-10T21:08:23 CEST">
          <reporter-output>
          </reporter-output>
        </test-method> <!-- testTextFromPLA -->
        <test-method status="PASS" signature="getCustomBodyCorrectly()" name="getCustomBodyCorrectly" duration-ms="4" started-at="2020-05-10T21:08:23 CEST" finished-at="2020-05-10T21:08:23 CEST">
          <reporter-output>
          </reporter-output>
        </test-method> <!-- getCustomBodyCorrectly -->
        <test-method status="PASS" signature="getCustomClassCorrectly()" name="getCustomClassCorrectly" duration-ms="3" started-at="2020-05-10T21:08:23 CEST" finished-at="2020-05-10T21:08:23 CEST">
          <reporter-output>
          </reporter-output>
        </test-method> <!-- getCustomClassCorrectly -->
        <test-method status="PASS" signature="testSettingTextPLA()" name="testSettingTextPLA" duration-ms="5" started-at="2020-05-10T21:08:23 CEST" finished-at="2020-05-10T21:08:23 CEST">
          <reporter-output>
          </reporter-output>
        </test-method> <!-- testSettingTextPLA -->
      </class> <!-- fourcats.Entity.PLATest -->
      <class name="fourcats.Entity.TypeTest">
        <test-method status="PASS" signature="gettingNameCorrectly()" name="gettingNameCorrectly" duration-ms="4" started-at="2020-05-10T21:08:23 CEST" finished-at="2020-05-10T21:08:23 CEST">
          <reporter-output>
          </reporter-output>
        </test-method> <!-- gettingNameCorrectly -->
        <test-method status="PASS" signature="testingToStringCorrectly()" name="testingToStringCorrectly" duration-ms="5" started-at="2020-05-10T21:08:23 CEST" finished-at="2020-05-10T21:08:23 CEST">
          <reporter-output>
          </reporter-output>
        </test-method> <!-- testingToStringCorrectly -->
        <test-method status="PASS" signature="addingAttributeCorrectly()" name="addingAttributeCorrectly" duration-ms="6" started-at="2020-05-10T21:08:23 CEST" finished-at="2020-05-10T21:08:23 CEST">
          <reporter-output>
          </reporter-output>
        </test-method> <!-- addingAttributeCorrectly -->
        <test-method status="PASS" signature="testConstructorStringCorrectly()" name="testConstructorStringCorrectly" duration-ms="5" started-at="2020-05-10T21:08:23 CEST" finished-at="2020-05-10T21:08:23 CEST">
          <reporter-output>
          </reporter-output>
        </test-method> <!-- testConstructorStringCorrectly -->
        <test-method status="PASS" signature="testGettingAttributesCorrectly()" name="testGettingAttributesCorrectly" duration-ms="4" started-at="2020-05-10T21:08:23 CEST" finished-at="2020-05-10T21:08:23 CEST">
          <reporter-output>
          </reporter-output>
        </test-method> <!-- testGettingAttributesCorrectly -->
        <test-method status="PASS" signature="testConstructorStringAndMapCorrectly()" name="testConstructorStringAndMapCorrectly" duration-ms="4" started-at="2020-05-10T21:08:23 CEST" finished-at="2020-05-10T21:08:23 CEST">
          <reporter-output>
          </reporter-output>
        </test-method> <!-- testConstructorStringAndMapCorrectly -->
        <test-method status="PASS" signature="settingNameCorrectly()" name="settingNameCorrectly" duration-ms="6" started-at="2020-05-10T21:08:23 CEST" finished-at="2020-05-10T21:08:23 CEST">
          <reporter-output>
          </reporter-output>
        </test-method> <!-- settingNameCorrectly -->
      </class> <!-- fourcats.Entity.TypeTest -->
      <class name="fourcats.Entity.ActorTest">
        <test-method status="PASS" signature="testRequestActionByName()" name="testRequestActionByName" duration-ms="1" started-at="2020-05-10T21:08:22 CEST" finished-at="2020-05-10T21:08:22 CEST">
          <reporter-output>
          </reporter-output>
        </test-method> <!-- testRequestActionByName -->
        <test-method status="PASS" signature="testActorToString()" name="testActorToString" duration-ms="1" started-at="2020-05-10T21:08:22 CEST" finished-at="2020-05-10T21:08:22 CEST">
          <reporter-output>
          </reporter-output>
        </test-method> <!-- testActorToString -->
        <test-method status="PASS" signature="testAddingOneActionCorrectly()" name="testAddingOneActionCorrectly" duration-ms="1" started-at="2020-05-10T21:08:22 CEST" finished-at="2020-05-10T21:08:22 CEST">
          <reporter-output>
          </reporter-output>
        </test-method> <!-- testAddingOneActionCorrectly -->
        <test-method status="PASS" signature="testActorEmptyCorrectlyCreate()" name="testActorEmptyCorrectlyCreate" duration-ms="1" started-at="2020-05-10T21:08:22 CEST" finished-at="2020-05-10T21:08:22 CEST">
          <reporter-output>
          </reporter-output>
        </test-method> <!-- testActorEmptyCorrectlyCreate -->
        <test-method status="PASS" signature="testAddingMoreActionCorrectly()" name="testAddingMoreActionCorrectly" duration-ms="1" started-at="2020-05-10T21:08:22 CEST" finished-at="2020-05-10T21:08:22 CEST">
          <reporter-output>
          </reporter-output>
        </test-method> <!-- testAddingMoreActionCorrectly -->
        <test-method status="PASS" signature="testActorWithNameCorrectlyCreate()" name="testActorWithNameCorrectlyCreate" duration-ms="1" started-at="2020-05-10T21:08:22 CEST" finished-at="2020-05-10T21:08:22 CEST">
          <reporter-output>
          </reporter-output>
        </test-method> <!-- testActorWithNameCorrectlyCreate -->
        <test-method status="PASS" signature="testSettingNameOfActor()" name="testSettingNameOfActor" duration-ms="1" started-at="2020-05-10T21:08:22 CEST" finished-at="2020-05-10T21:08:22 CEST">
          <reporter-output>
          </reporter-output>
        </test-method> <!-- testSettingNameOfActor -->
      </class> <!-- fourcats.Entity.ActorTest -->
      <class name="fourcats.frameworks.RepositoryTest">
        <test-method status="PASS" signature="isThisClassNamePresentInDataKeeperCorrectly()" name="isThisClassNamePresentInDataKeeperCorrectly" duration-ms="54" started-at="2020-05-10T21:08:23 CEST" finished-at="2020-05-10T21:08:23 CEST">
          <reporter-output>
          </reporter-output>
        </test-method> <!-- isThisClassNamePresentInDataKeeperCorrectly -->
        <test-method status="PASS" signature="gettingADIMapWithIdFromDataKeeperCorrectly()" name="gettingADIMapWithIdFromDataKeeperCorrectly" duration-ms="54" started-at="2020-05-10T21:08:23 CEST" finished-at="2020-05-10T21:08:23 CEST">
          <reporter-output>
          </reporter-output>
        </test-method> <!-- gettingADIMapWithIdFromDataKeeperCorrectly -->
        <test-method status="PASS" signature="gettingSizeFromDataKeeperCorrectly()" name="gettingSizeFromDataKeeperCorrectly" duration-ms="50" started-at="2020-05-10T21:08:23 CEST" finished-at="2020-05-10T21:08:23 CEST">
          <reporter-output>
          </reporter-output>
        </test-method> <!-- gettingSizeFromDataKeeperCorrectly -->
        <test-method status="PASS" signature="isThisAPIPresentInDataKeeperCorrectly()" name="isThisAPIPresentInDataKeeperCorrectly" duration-ms="49" started-at="2020-05-10T21:08:23 CEST" finished-at="2020-05-10T21:08:23 CEST">
          <reporter-output>
          </reporter-output>
        </test-method> <!-- isThisAPIPresentInDataKeeperCorrectly -->
        <test-method status="PASS" signature="deletingAPIWithIdFromDataKeeperCorrectly()" name="deletingAPIWithIdFromDataKeeperCorrectly" duration-ms="46" started-at="2020-05-10T21:08:23 CEST" finished-at="2020-05-10T21:08:23 CEST">
          <reporter-output>
          </reporter-output>
        </test-method> <!-- deletingAPIWithIdFromDataKeeperCorrectly -->
        <test-method status="PASS" signature="isCoupleBalPlaPresentInDataKeepeerCorrectly()" name="isCoupleBalPlaPresentInDataKeepeerCorrectly" duration-ms="53" started-at="2020-05-10T21:08:23 CEST" finished-at="2020-05-10T21:08:23 CEST">
          <reporter-output>
          </reporter-output>
        </test-method> <!-- isCoupleBalPlaPresentInDataKeepeerCorrectly -->
        <test-method status="PASS" signature="writingAPICorrectly()" name="writingAPICorrectly" duration-ms="44" started-at="2020-05-10T21:08:23 CEST" finished-at="2020-05-10T21:08:23 CEST">
          <reporter-output>
          </reporter-output>
        </test-method> <!-- writingAPICorrectly -->
        <test-method status="PASS" signature="addingAPIWithIdToDataKeeperCorrectly()" name="addingAPIWithIdToDataKeeperCorrectly" duration-ms="46" started-at="2020-05-10T21:08:23 CEST" finished-at="2020-05-10T21:08:23 CEST">
          <reporter-output>
          </reporter-output>
        </test-method> <!-- addingAPIWithIdToDataKeeperCorrectly -->
        <test-method status="PASS" signature="gettingAPIWithIdFromDataKeeperCorrectly()" name="gettingAPIWithIdFromDataKeeperCorrectly" duration-ms="47" started-at="2020-05-10T21:08:23 CEST" finished-at="2020-05-10T21:08:23 CEST">
          <reporter-output>
          </reporter-output>
        </test-method> <!-- gettingAPIWithIdFromDataKeeperCorrectly -->
        <test-method status="PASS" signature="addingAPIWithoutIdToDataKeeperCorrectly()" name="addingAPIWithoutIdToDataKeeperCorrectly" duration-ms="45" started-at="2020-05-10T21:08:23 CEST" finished-at="2020-05-10T21:08:23 CEST">
          <reporter-output>
          </reporter-output>
        </test-method> <!-- addingAPIWithoutIdToDataKeeperCorrectly -->
        <test-method status="PASS" signature="addingCoupleBalPlaToDataKeeperCorrectly()" name="addingCoupleBalPlaToDataKeeperCorrectly" duration-ms="51" started-at="2020-05-10T21:08:23 CEST" finished-at="2020-05-10T21:08:23 CEST">
          <reporter-output>
          </reporter-output>
        </test-method> <!-- addingCoupleBalPlaToDataKeeperCorrectly -->
        <test-method status="PASS" signature="writingPLAToFileSystemCorrectly()" name="writingPLAToFileSystemCorrectly" duration-ms="56" started-at="2020-05-10T21:08:23 CEST" finished-at="2020-05-10T21:08:23 CEST">
          <reporter-output>
          </reporter-output>
        </test-method> <!-- writingPLAToFileSystemCorrectly -->
        <test-method status="PASS" signature="loadingPLACorrectly()" name="loadingPLACorrectly" duration-ms="55" started-at="2020-05-10T21:08:23 CEST" finished-at="2020-05-10T21:08:23 CEST">
          <reporter-output>
          </reporter-output>
        </test-method> <!-- loadingPLACorrectly -->
        <test-method status="PASS" signature="openingFileCorrectly()" name="openingFileCorrectly" duration-ms="55" started-at="2020-05-10T21:08:23 CEST" finished-at="2020-05-10T21:08:23 CEST">
          <reporter-output>
          </reporter-output>
        </test-method> <!-- openingFileCorrectly -->
        <test-method status="PASS" signature="updatingAPIToDataKeepeerCorrectly()" name="updatingAPIToDataKeepeerCorrectly" duration-ms="54" started-at="2020-05-10T21:08:23 CEST" finished-at="2020-05-10T21:08:23 CEST">
          <reporter-output>
          </reporter-output>
        </test-method> <!-- updatingAPIToDataKeepeerCorrectly -->
      </class> <!-- fourcats.frameworks.RepositoryTest -->
      <class name="fourcats.Entity.ActionTest">
        <test-method status="PASS" signature="createActionWithNameAndTypeNullAndScenarioAndStep()" name="createActionWithNameAndTypeNullAndScenarioAndStep" duration-ms="13" started-at="2020-05-10T21:08:22 CEST" finished-at="2020-05-10T21:08:22 CEST">
          <reporter-output>
          </reporter-output>
        </test-method> <!-- createActionWithNameAndTypeNullAndScenarioAndStep -->
        <test-method status="PASS" signature="toStringActionCorrectly()" name="toStringActionCorrectly" duration-ms="13" started-at="2020-05-10T21:08:22 CEST" finished-at="2020-05-10T21:08:22 CEST">
          <reporter-output>
          </reporter-output>
        </test-method> <!-- toStringActionCorrectly -->
        <test-method status="PASS" signature="addObjectParamCorrectly()" name="addObjectParamCorrectly" duration-ms="14" started-at="2020-05-10T21:08:22 CEST" finished-at="2020-05-10T21:08:22 CEST">
          <reporter-output>
          </reporter-output>
        </test-method> <!-- addObjectParamCorrectly -->
        <test-method status="PASS" signature="testGettingTypeNameCorrectly()" name="testGettingTypeNameCorrectly" duration-ms="14" started-at="2020-05-10T21:08:22 CEST" finished-at="2020-05-10T21:08:22 CEST">
          <reporter-output>
          </reporter-output>
        </test-method> <!-- testGettingTypeNameCorrectly -->
        <test-method status="PASS" signature="testAddObjectParamWithString()" name="testAddObjectParamWithString" duration-ms="14" started-at="2020-05-10T21:08:22 CEST" finished-at="2020-05-10T21:08:22 CEST">
          <reporter-output>
          </reporter-output>
        </test-method> <!-- testAddObjectParamWithString -->
        <test-method status="PASS" signature="createActionWithNameAndTypeAndScenarioAndStep()" name="createActionWithNameAndTypeAndScenarioAndStep" duration-ms="12" started-at="2020-05-10T21:08:22 CEST" finished-at="2020-05-10T21:08:22 CEST">
          <reporter-output>
          </reporter-output>
        </test-method> <!-- createActionWithNameAndTypeAndScenarioAndStep -->
        <test-method status="PASS" signature="setTypeCorrectly()" name="setTypeCorrectly" duration-ms="13" started-at="2020-05-10T21:08:22 CEST" finished-at="2020-05-10T21:08:22 CEST">
          <reporter-output>
          </reporter-output>
        </test-method> <!-- setTypeCorrectly -->
        <test-method status="PASS" signature="createActionWithNameAndTypeNotStringAndScenarioAndStep()" name="createActionWithNameAndTypeNotStringAndScenarioAndStep" duration-ms="14" started-at="2020-05-10T21:08:22 CEST" finished-at="2020-05-10T21:08:22 CEST">
          <reporter-output>
          </reporter-output>
        </test-method> <!-- createActionWithNameAndTypeNotStringAndScenarioAndStep -->
        <test-method status="PASS" signature="createActionWithNameAndNullType()" name="createActionWithNameAndNullType" duration-ms="14" started-at="2020-05-10T21:08:22 CEST" finished-at="2020-05-10T21:08:22 CEST">
          <reporter-output>
          </reporter-output>
        </test-method> <!-- createActionWithNameAndNullType -->
        <test-method status="PASS" signature="testRemoveObjectParamWithId()" name="testRemoveObjectParamWithId" duration-ms="14" started-at="2020-05-10T21:08:22 CEST" finished-at="2020-05-10T21:08:22 CEST">
          <reporter-output>
          </reporter-output>
        </test-method> <!-- testRemoveObjectParamWithId -->
        <test-method status="PASS" signature="testAddObjectName()" name="testAddObjectName" duration-ms="13" started-at="2020-05-10T21:08:22 CEST" finished-at="2020-05-10T21:08:22 CEST">
          <reporter-output>
          </reporter-output>
        </test-method> <!-- testAddObjectName -->
        <test-method status="PASS" signature="testGettingNameCorrectly()" name="testGettingNameCorrectly" duration-ms="13" started-at="2020-05-10T21:08:22 CEST" finished-at="2020-05-10T21:08:22 CEST">
          <reporter-output>
          </reporter-output>
        </test-method> <!-- testGettingNameCorrectly -->
        <test-method status="PASS" signature="toStringActionWithTwoParametersCorrectly()" name="toStringActionWithTwoParametersCorrectly" duration-ms="14" started-at="2020-05-10T21:08:22 CEST" finished-at="2020-05-10T21:08:22 CEST">
          <reporter-output>
          </reporter-output>
        </test-method> <!-- toStringActionWithTwoParametersCorrectly -->
        <test-method status="PASS" signature="getScenarioCorrectly()" name="getScenarioCorrectly" duration-ms="14" started-at="2020-05-10T21:08:22 CEST" finished-at="2020-05-10T21:08:22 CEST">
          <reporter-output>
          </reporter-output>
        </test-method> <!-- getScenarioCorrectly -->
        <test-method status="PASS" signature="createActionWithNameAndType()" name="createActionWithNameAndType" duration-ms="15" started-at="2020-05-10T21:08:22 CEST" finished-at="2020-05-10T21:08:22 CEST">
          <reporter-output>
          </reporter-output>
        </test-method> <!-- createActionWithNameAndType -->
        <test-method status="PASS" signature="createActionWithNameAndTypeNotString()" name="createActionWithNameAndTypeNotString" duration-ms="15" started-at="2020-05-10T21:08:22 CEST" finished-at="2020-05-10T21:08:22 CEST">
          <reporter-output>
          </reporter-output>
        </test-method> <!-- createActionWithNameAndTypeNotString -->
        <test-method status="PASS" signature="getStepCorrectly()" name="getStepCorrectly" duration-ms="14" started-at="2020-05-10T21:08:22 CEST" finished-at="2020-05-10T21:08:22 CEST">
          <reporter-output>
          </reporter-output>
        </test-method> <!-- getStepCorrectly -->
      </class> <!-- fourcats.Entity.ActionTest -->
      <class name="fourcats.interfaceAdapters.DataPresenterGuiTest">
        <test-method status="PASS" signature="testShowModifyPla()" name="testShowModifyPla" duration-ms="2" started-at="2020-05-10T21:08:23 CEST" finished-at="2020-05-10T21:08:23 CEST">
          <reporter-output>
          </reporter-output>
        </test-method> <!-- testShowModifyPla -->
        <test-method status="PASS" signature="testingCostructCorrectly()" name="testingCostructCorrectly" duration-ms="3" started-at="2020-05-10T21:08:23 CEST" finished-at="2020-05-10T21:08:23 CEST">
          <reporter-output>
          </reporter-output>
        </test-method> <!-- testingCostructCorrectly -->
        <test-method status="PASS" signature="testShowOutputMap()" name="testShowOutputMap" duration-ms="2" started-at="2020-05-10T21:08:23 CEST" finished-at="2020-05-10T21:08:23 CEST">
          <reporter-output>
          </reporter-output>
        </test-method> <!-- testShowOutputMap -->
        <test-method status="PASS" signature="testShowLoadPla()" name="testShowLoadPla" duration-ms="2" started-at="2020-05-10T21:08:23 CEST" finished-at="2020-05-10T21:08:23 CEST">
          <reporter-output>
          </reporter-output>
        </test-method> <!-- testShowLoadPla -->
        <test-method status="PASS" signature="testGettingModifyApiPla()" name="testGettingModifyApiPla" duration-ms="3" started-at="2020-05-10T21:08:23 CEST" finished-at="2020-05-10T21:08:23 CEST">
          <reporter-output>
          </reporter-output>
        </test-method> <!-- testGettingModifyApiPla -->
        <test-method status="PASS" signature="testShowGenMessage()" name="testShowGenMessage" duration-ms="3" started-at="2020-05-10T21:08:23 CEST" finished-at="2020-05-10T21:08:23 CEST">
          <reporter-output>
          </reporter-output>
        </test-method> <!-- testShowGenMessage -->
        <test-method status="PASS" signature="testGettingString()" name="testGettingString" duration-ms="2" started-at="2020-05-10T21:08:23 CEST" finished-at="2020-05-10T21:08:23 CEST">
          <reporter-output>
          </reporter-output>
        </test-method> <!-- testGettingString -->
        <test-method status="PASS" signature="testGettingMessagePla()" name="testGettingMessagePla" duration-ms="3" started-at="2020-05-10T21:08:23 CEST" finished-at="2020-05-10T21:08:23 CEST">
          <reporter-output>
          </reporter-output>
        </test-method> <!-- testGettingMessagePla -->
        <test-method status="PASS" signature="testGettingCombo()" name="testGettingCombo" duration-ms="2" started-at="2020-05-10T21:08:23 CEST" finished-at="2020-05-10T21:08:23 CEST">
          <reporter-output>
          </reporter-output>
        </test-method> <!-- testGettingCombo -->
        <test-method status="PASS" signature="testGettingModifyCustomPla()" name="testGettingModifyCustomPla" duration-ms="3" started-at="2020-05-10T21:08:23 CEST" finished-at="2020-05-10T21:08:23 CEST">
          <reporter-output>
          </reporter-output>
        </test-method> <!-- testGettingModifyCustomPla -->
        <test-method status="PASS" signature="testShowOutput()" name="testShowOutput" duration-ms="2" started-at="2020-05-10T21:08:23 CEST" finished-at="2020-05-10T21:08:23 CEST">
          <reporter-output>
          </reporter-output>
        </test-method> <!-- testShowOutput -->
        <test-method status="PASS" signature="testGettingMessage()" name="testGettingMessage" duration-ms="2" started-at="2020-05-10T21:08:23 CEST" finished-at="2020-05-10T21:08:23 CEST">
          <reporter-output>
          </reporter-output>
        </test-method> <!-- testGettingMessage -->
      </class> <!-- fourcats.interfaceAdapters.DataPresenterGuiTest -->
      <class name="fourcats.view.CLITest">
        <test-method status="PASS" signature="readingSuggestionAPIInput() throws java.io.IOException" name="readingSuggestionAPIInput" duration-ms="179" started-at="2020-05-10T21:08:23 CEST" finished-at="2020-05-10T21:08:23 CEST">
          <reporter-output>
          </reporter-output>
        </test-method> <!-- readingSuggestionAPIInput -->
        <test-method status="PASS" signature="testingConstructor()" name="testingConstructor" duration-ms="194" started-at="2020-05-10T21:08:23 CEST" finished-at="2020-05-10T21:08:23 CEST">
          <reporter-output>
          </reporter-output>
        </test-method> <!-- testingConstructor -->
        <test-method status="PASS" signature="testGenerateApi() throws java.lang.Exception" name="testGenerateApi" duration-ms="191" started-at="2020-05-10T21:08:23 CEST" finished-at="2020-05-10T21:08:23 CEST">
          <reporter-output>
          </reporter-output>
        </test-method> <!-- testGenerateApi -->
        <test-method status="PASS" signature="testAskingForSuggestionApi()" name="testAskingForSuggestionApi" duration-ms="182" started-at="2020-05-10T21:08:23 CEST" finished-at="2020-05-10T21:08:23 CEST">
          <reporter-output>
          </reporter-output>
        </test-method> <!-- testAskingForSuggestionApi -->
        <test-method status="PASS" signature="testAskingForBal()" name="testAskingForBal" duration-ms="196" started-at="2020-05-10T21:08:23 CEST" finished-at="2020-05-10T21:08:23 CEST">
          <reporter-output>
          </reporter-output>
        </test-method> <!-- testAskingForBal -->
        <test-method status="PASS" signature="testAskingGenerateApi()" name="testAskingGenerateApi" duration-ms="178" started-at="2020-05-10T21:08:23 CEST" finished-at="2020-05-10T21:08:23 CEST">
          <reporter-output>
          </reporter-output>
        </test-method> <!-- testAskingGenerateApi -->
        <test-method status="PASS" signature="readingBalInput() throws java.io.IOException" name="readingBalInput" duration-ms="180" started-at="2020-05-10T21:08:23 CEST" finished-at="2020-05-10T21:08:23 CEST">
          <reporter-output>
          </reporter-output>
        </test-method> <!-- readingBalInput -->
        <test-method status="PASS" signature="readingSuggestionAPIInputWithNoAnswer() throws java.io.IOException" name="readingSuggestionAPIInputWithNoAnswer" duration-ms="186" started-at="2020-05-10T21:08:23 CEST" finished-at="2020-05-10T21:08:23 CEST">
          <reporter-output>
          </reporter-output>
        </test-method> <!-- readingSuggestionAPIInputWithNoAnswer -->
        <test-method status="PASS" signature="readingPLAInput() throws java.io.IOException" name="readingPLAInput" duration-ms="181" started-at="2020-05-10T21:08:23 CEST" finished-at="2020-05-10T21:08:23 CEST">
          <reporter-output>
          </reporter-output>
        </test-method> <!-- readingPLAInput -->
        <test-method status="PASS" signature="gettingCurrentAnswer()" name="gettingCurrentAnswer" duration-ms="77" started-at="2020-05-10T21:08:23 CEST" finished-at="2020-05-10T21:08:23 CEST">
          <reporter-output>
          </reporter-output>
        </test-method> <!-- gettingCurrentAnswer -->
        <test-method status="PASS" signature="testingUpdate()" name="testingUpdate" duration-ms="190" started-at="2020-05-10T21:08:23 CEST" finished-at="2020-05-10T21:08:23 CEST">
          <reporter-output>
          </reporter-output>
        </test-method> <!-- testingUpdate -->
        <test-method status="PASS" signature="readingNotGenerateApi() throws java.io.IOException" name="readingNotGenerateApi" duration-ms="195" started-at="2020-05-10T21:08:23 CEST" finished-at="2020-05-10T21:08:23 CEST">
          <reporter-output>
          </reporter-output>
        </test-method> <!-- readingNotGenerateApi -->
        <test-method status="PASS" signature="readingModifyApi() throws java.io.IOException" name="readingModifyApi" duration-ms="193" started-at="2020-05-10T21:08:23 CEST" finished-at="2020-05-10T21:08:23 CEST">
          <reporter-output>
          </reporter-output>
        </test-method> <!-- readingModifyApi -->
        <test-method status="PASS" signature="testAskingForPLA()" name="testAskingForPLA" duration-ms="197" started-at="2020-05-10T21:08:23 CEST" finished-at="2020-05-10T21:08:23 CEST">
          <reporter-output>
          </reporter-output>
        </test-method> <!-- testAskingForPLA -->
        <test-method status="PASS" signature="testAskingModifyApi() throws java.io.IOException" name="testAskingModifyApi" duration-ms="175" started-at="2020-05-10T21:08:23 CEST" finished-at="2020-05-10T21:08:23 CEST">
          <reporter-output>
          </reporter-output>
        </test-method> <!-- testAskingModifyApi -->
        <test-method status="PASS" signature="testAskPathApi() throws java.lang.Exception" name="testAskPathApi" duration-ms="176" started-at="2020-05-10T21:08:23 CEST" finished-at="2020-05-10T21:08:23 CEST">
          <reporter-output>
          </reporter-output>
        </test-method> <!-- testAskPathApi -->
        <test-method status="PASS" signature="testAskingAnother()" name="testAskingAnother" duration-ms="198" started-at="2020-05-10T21:08:23 CEST" finished-at="2020-05-10T21:08:23 CEST">
          <reporter-output>
          </reporter-output>
        </test-method> <!-- testAskingAnother -->
        <test-method status="PASS" signature="testingShowOutput()" name="testingShowOutput" duration-ms="189" started-at="2020-05-10T21:08:23 CEST" finished-at="2020-05-10T21:08:23 CEST">
          <reporter-output>
          </reporter-output>
        </test-method> <!-- testingShowOutput -->
        <test-method status="PASS" signature="readingAnotherBal() throws java.io.IOException" name="readingAnotherBal" duration-ms="177" started-at="2020-05-10T21:08:23 CEST" finished-at="2020-05-10T21:08:23 CEST">
          <reporter-output>
          </reporter-output>
        </test-method> <!-- readingAnotherBal -->
      </class> <!-- fourcats.view.CLITest -->
      <class name="fourcats.Entity.BALTest">
        <test-method status="PASS" signature="testToString()" name="testToString" duration-ms="624" started-at="2020-05-10T21:08:22 CEST" finished-at="2020-05-10T21:08:23 CEST">
          <reporter-output>
          </reporter-output>
        </test-method> <!-- testToString -->
        <test-method status="PASS" signature="testConstructor()" name="testConstructor" duration-ms="633" started-at="2020-05-10T21:08:22 CEST" finished-at="2020-05-10T21:08:23 CEST">
          <reporter-output>
          </reporter-output>
        </test-method> <!-- testConstructor -->
        <test-method status="PASS" signature="tesAddDuplicateUserToBAL()" name="tesAddDuplicateUserToBAL" duration-ms="632" started-at="2020-05-10T21:08:22 CEST" finished-at="2020-05-10T21:08:23 CEST">
          <reporter-output>
          </reporter-output>
        </test-method> <!-- tesAddDuplicateUserToBAL -->
        <test-method status="PASS" signature="getActors()" name="getActors" duration-ms="633" started-at="2020-05-10T21:08:22 CEST" finished-at="2020-05-10T21:08:23 CEST">
          <reporter-output>
          </reporter-output>
        </test-method> <!-- getActors -->
      </class> <!-- fourcats.Entity.BALTest -->
      <class name="fourcats.frameworks.BalAnalyzerImplementationTest">
        <test-method status="PASS" signature="gettingBalCorrectly()" name="gettingBalCorrectly" duration-ms="255" started-at="2020-05-10T21:08:23 CEST" finished-at="2020-05-10T21:08:23 CEST">
          <reporter-output>
          </reporter-output>
        </test-method> <!-- gettingBalCorrectly -->
        <test-method status="PASS" signature="createBalAnalyzerCorrectly()" name="createBalAnalyzerCorrectly" duration-ms="264" started-at="2020-05-10T21:08:23 CEST" finished-at="2020-05-10T21:08:23 CEST">
          <reporter-output>
          </reporter-output>
        </test-method> <!-- createBalAnalyzerCorrectly -->
        <test-method status="PASS" signature="correctlySettingBalFile()" name="correctlySettingBalFile" duration-ms="263" started-at="2020-05-10T21:08:23 CEST" finished-at="2020-05-10T21:08:23 CEST">
          <reporter-output>
          </reporter-output>
        </test-method> <!-- correctlySettingBalFile -->
      </class> <!-- fourcats.frameworks.BalAnalyzerImplementationTest -->
    </test> <!-- Surefire test -->
  </suite> <!-- Surefire suite -->
</testng-results>
