<?xml version="1.0" encoding="UTF-8"?>
<testsuite xmlns:xsi="http://www.w3.org/2001/XMLSchema-instance" xsi:noNamespaceSchemaLocation="https://maven.apache.org/surefire/maven-surefire-plugin/xsd/surefire-test-report.xsd" name="TestSuite" time="1.74" tests="3" errors="0" skipped="0" failures="0">
  <properties>
[...]
</properties>
  <testcase name="SuggestAPITestCreationFromWrongInput on SuggestAPITestCreationFromWrongInput(fourcats.usecaseinteractor.SuggestApiTest)" classname="fourcats.usecaseinteractor.SuggestApiTest" time="0.061"/>
  <testcase name="ModifyAPITestFromWrongInput on ModifyAPITestFromWrongInput(fourcats.usecaseinteractor.ModifyApiTest)" classname="fourcats.usecaseinteractor.ModifyApiTest" time="0.001"/>
  <testcase name="GenerateAPITestCorrectCreation on GenerateAPITestCorrectCreation(fourcats.usecaseinteractor.GenerateApiTest)" classname="fourcats.usecaseinteractor.GenerateApiTest" time="0.002"/>
</testsuite>