<?xml version="1.0" encoding="UTF-8"?>
<testsuite xmlns:xsi="http://www.w3.org/2001/XMLSchema-instance" xsi:noNamespaceSchemaLocation="https://maven.apache.org/surefire/maven-surefire-plugin/xsd/surefire-test-report.xsd" name="TestSuite" time="2.695" tests="152" errors="0" skipped="0" failures="0">
  <properties>
[...]
</properties>
  <testcase name="createActionWithNameAndTypeNullAndScenarioAndStep on createActionWithNameAndTypeNullAndScenarioAndStep(fourcats.Entity.ActionTest)" classname="fourcats.Entity.ActionTest" time="0.002"/>
  <testcase name="createActionWithNameAndTypeAndScenarioAndStep on createActionWithNameAndTypeAndScenarioAndStep(fourcats.Entity.ActionTest)" classname="fourcats.Entity.ActionTest" time="0"/>
  <testcase name="testAddObjectName on testAddObjectName(fourcats.Entity.ActionTest)" classname="fourcats.Entity.ActionTest" time="0"/>
  <testcase name="toStringActionCorrectly on toStringActionCorrectly(fourcats.Entity.ActionTest)" classname="fourcats.Entity.ActionTest" time="0"/>
  <testcase name="setTypeCorrectly on setTypeCorrectly(fourcats.Entity.ActionTest)" classname="fourcats.Entity.ActionTest" time="0"/>
  <testcase name="createActionWithNameAndTypeNotStringAndScenarioAndStep on createActionWithNameAndTypeNotStringAndScenarioAndStep(fourcats.Entity.ActionTest)" classname="fourcats.Entity.ActionTest" time="0"/>
  <testcase name="testGettingTypeNameCorrectly on testGettingTypeNameCorrectly(fourcats.Entity.ActionTest)" classname="fourcats.Entity.ActionTest" time="0"/>
  <testcase name="testAddObjectParamWithString on testAddObjectParamWithString(fourcats.Entity.ActionTest)" classname="fourcats.Entity.ActionTest" time="0"/>
  <testcase name="createActionWithNameAndNullType on createActionWithNameAndNullType(fourcats.Entity.ActionTest)" classname="fourcats.Entity.ActionTest" time="0"/>
  <testcase name="addObjectParamCorrectly on addObjectParamCorrectly(fourcats.Entity.ActionTest)" classname="fourcats.Entity.ActionTest" time="0"/>
  <testcase name="testRemoveObjectParamWithId on testRemoveObjectParamWithId(fourcats.Entity.ActionTest)" classname="fourcats.Entity.ActionTest" time="0"/>
  <testcase name="testGettingNameCorrectly on testGettingNameCorrectly(fourcats.Entity.ActionTest)" classname="fourcats.Entity.ActionTest" time="0"/>
  <testcase name="getStepCorrectly on getStepCorrectly(fourcats.Entity.ActionTest)" classname="fourcats.Entity.ActionTest" time="0"/>
  <testcase name="getScenarioCorrectly on getScenarioCorrectly(fourcats.Entity.ActionTest)" classname="fourcats.Entity.ActionTest" time="0"/>
  <testcase name="toStringActionWithTwoParametersCorrectly on toStringActionWithTwoParametersCorrectly(fourcats.Entity.ActionTest)" classname="fourcats.Entity.ActionTest" time="0"/>
  <testcase name="createActionWithNameAndTypeNotString on createActionWithNameAndTypeNotString(fourcats.Entity.ActionTest)" classname="fourcats.Entity.ActionTest" time="0"/>
  <testcase name="createActionWithNameAndType on createActionWithNameAndType(fourcats.Entity.ActionTest)" classname="fourcats.Entity.ActionTest" time="0"/>
  <testcase name="testRequestActionByName on testRequestActionByName(fourcats.Entity.ActorTest)" classname="fourcats.Entity.ActorTest" time="0"/>
  <testcase name="testActorToString on testActorToString(fourcats.Entity.ActorTest)" classname="fourcats.Entity.ActorTest" time="0"/>
  <testcase name="testAddingOneActionCorrectly on testAddingOneActionCorrectly(fourcats.Entity.ActorTest)" classname="fourcats.Entity.ActorTest" time="0"/>
  <testcase name="testActorEmptyCorrectlyCreate on testActorEmptyCorrectlyCreate(fourcats.Entity.ActorTest)" classname="fourcats.Entity.ActorTest" time="0"/>
  <testcase name="testSettingNameOfActor on testSettingNameOfActor(fourcats.Entity.ActorTest)" classname="fourcats.Entity.ActorTest" time="0"/>
  <testcase name="testActorWithNameCorrectlyCreate on testActorWithNameCorrectlyCreate(fourcats.Entity.ActorTest)" classname="fourcats.Entity.ActorTest" time="0"/>
  <testcase name="testAddingMoreActionCorrectly on testAddingMoreActionCorrectly(fourcats.Entity.ActorTest)" classname="fourcats.Entity.ActorTest" time="0"/>
  <testcase name="getTextCorrectly on getTextCorrectly(fourcats.Entity.APITest)" classname="fourcats.Entity.APITest" time="0.004"/>
  <testcase name="getFileNameCorrectly on getFileNameCorrectly(fourcats.Entity.APITest)" classname="fourcats.Entity.APITest" time="0"/>
  <testcase name="setTextCorrectly on setTextCorrectly(fourcats.Entity.APITest)" classname="fourcats.Entity.APITest" time="0"/>
  <testcase name="setFileNameCorrectly on setFileNameCorrectly(fourcats.Entity.APITest)" classname="fourcats.Entity.APITest" time="0"/>
  <testcase name="testConstructor on testConstructor(fourcats.Entity.APITest)" classname="fourcats.Entity.APITest" time="0"/>
  <testcase name="testToString on testToString(fourcats.Entity.BALTest)" classname="fourcats.Entity.BALTest" time="0.623"/>
  <testcase name="tesAddDuplicateUserToBAL on tesAddDuplicateUserToBAL(fourcats.Entity.BALTest)" classname="fourcats.Entity.BALTest" time="0.008"/>
  <testcase name="getActors on getActors(fourcats.Entity.BALTest)" classname="fourcats.Entity.BALTest" time="0.001"/>
  <testcase name="testConstructor on testConstructor(fourcats.Entity.BALTest)" classname="fourcats.Entity.BALTest" time="0"/>
  <testcase name="ObjectParamSetRequiredCorrectly on ObjectParamSetRequiredCorrectly(fourcats.Entity.ObjectParamTest)" classname="fourcats.Entity.ObjectParamTest" time="0"/>
  <testcase name="setTypeCorrectly on setTypeCorrectly(fourcats.Entity.ObjectParamTest)" classname="fourcats.Entity.ObjectParamTest" time="0"/>
  <testcase name="ObjectParamSetNameCorrectly on ObjectParamSetNameCorrectly(fourcats.Entity.ObjectParamTest)" classname="fourcats.Entity.ObjectParamTest" time="0.001"/>
  <testcase name="ObjectParamSetTypeCorrectly on ObjectParamSetTypeCorrectly(fourcats.Entity.ObjectParamTest)" classname="fourcats.Entity.ObjectParamTest" time="0"/>
  <testcase name="ObjectParamConvertedToStringCorrectly on ObjectParamConvertedToStringCorrectly(fourcats.Entity.ObjectParamTest)" classname="fourcats.Entity.ObjectParamTest" time="0"/>
  <testcase name="EmptyObjectParamCorrectCreation on EmptyObjectParamCorrectCreation(fourcats.Entity.ObjectParamTest)" classname="fourcats.Entity.ObjectParamTest" time="0"/>
  <testcase name="ObjectParamGetTypeCorrectly on ObjectParamGetTypeCorrectly(fourcats.Entity.ObjectParamTest)" classname="fourcats.Entity.ObjectParamTest" time="0"/>
  <testcase name="ObjectParamCorrectCreationWthName on ObjectParamCorrectCreationWthName(fourcats.Entity.ObjectParamTest)" classname="fourcats.Entity.ObjectParamTest" time="0"/>
  <testcase name="testTextFromPLA on testTextFromPLA(fourcats.Entity.PLATest)" classname="fourcats.Entity.PLATest" time="0"/>
  <testcase name="getCustomClassCorrectly on getCustomClassCorrectly(fourcats.Entity.PLATest)" classname="fourcats.Entity.PLATest" time="0"/>
  <testcase name="testExtensionFromPLA on testExtensionFromPLA(fourcats.Entity.PLATest)" classname="fourcats.Entity.PLATest" time="0.001"/>
  <testcase name="getCustomBodyCorrectly on getCustomBodyCorrectly(fourcats.Entity.PLATest)" classname="fourcats.Entity.PLATest" time="0"/>
  <testcase name="testSettingTextPLA on testSettingTextPLA(fourcats.Entity.PLATest)" classname="fourcats.Entity.PLATest" time="0"/>
  <testcase name="testConstructor on testConstructor(fourcats.Entity.PLATest)" classname="fourcats.Entity.PLATest" time="0.001"/>
  <testcase name="getTestClassCorrectly on getTestClassCorrectly(fourcats.Entity.PLATest)" classname="fourcats.Entity.PLATest" time="0"/>
  <testcase name="gettingNameCorrectly on gettingNameCorrectly(fourcats.Entity.TypeTest)" classname="fourcats.Entity.TypeTest" time="0"/>
  <testcase name="testingToStringCorrectly on testingToStringCorrectly(fourcats.Entity.TypeTest)" classname="fourcats.Entity.TypeTest" time="0"/>
  <testcase name="addingAttributeCorrectly on addingAttributeCorrectly(fourcats.Entity.TypeTest)" classname="fourcats.Entity.TypeTest" time="0.001"/>
  <testcase name="testConstructorStringAndMapCorrectly on testConstructorStringAndMapCorrectly(fourcats.Entity.TypeTest)" classname="fourcats.Entity.TypeTest" time="0.001"/>
  <testcase name="testGettingAttributesCorrectly on testGettingAttributesCorrectly(fourcats.Entity.TypeTest)" classname="fourcats.Entity.TypeTest" time="0"/>
  <testcase name="testConstructorStringCorrectly on testConstructorStringCorrectly(fourcats.Entity.TypeTest)" classname="fourcats.Entity.TypeTest" time="0"/>
  <testcase name="settingNameCorrectly on settingNameCorrectly(fourcats.Entity.TypeTest)" classname="fourcats.Entity.TypeTest" time="0.001"/>
  <testcase name="gettingBalCorrectly on gettingBalCorrectly(fourcats.frameworks.BalAnalyzerImplementationTest)" classname="fourcats.frameworks.BalAnalyzerImplementationTest" time="0.24"/>
  <testcase name="correctlySettingBalFile on correctlySettingBalFile(fourcats.frameworks.BalAnalyzerImplementationTest)" classname="fourcats.frameworks.BalAnalyzerImplementationTest" time="0.024"/>
  <testcase name="createBalAnalyzerCorrectly on createBalAnalyzerCorrectly(fourcats.frameworks.BalAnalyzerImplementationTest)" classname="fourcats.frameworks.BalAnalyzerImplementationTest" time="0"/>
  <testcase name="removingAPINotPresent on removingAPINotPresent(fourcats.frameworks.DataKeeperTest)" classname="fourcats.frameworks.DataKeeperTest" time="0"/>
  <testcase name="isClassNameNotPresentTest on isClassNameNotPresentTest(fourcats.frameworks.DataKeeperTest)" classname="fourcats.frameworks.DataKeeperTest" time="0"/>
  <testcase name="updatingAPICorrectly on updatingAPICorrectly(fourcats.frameworks.DataKeeperTest)" classname="fourcats.frameworks.DataKeeperTest" time="0"/>
  <testcase name="createDatakeeperCorrectly on createDatakeeperCorrectly(fourcats.frameworks.DataKeeperTest)" classname="fourcats.frameworks.DataKeeperTest" time="0"/>
  <testcase name="isCoupleBalPlaNOTPresentTest on isCoupleBalPlaNOTPresentTest(fourcats.frameworks.DataKeeperTest)" classname="fourcats.frameworks.DataKeeperTest" time="0"/>
  <testcase name="addingAPIWithoutIdCorrectly on addingAPIWithoutIdCorrectly(fourcats.frameworks.DataKeeperTest)" classname="fourcats.frameworks.DataKeeperTest" time="0.001"/>
  <testcase name="addingAPIWithIdCorrectlyWithoutDuplicate on addingAPIWithIdCorrectlyWithoutDuplicate(fourcats.frameworks.DataKeeperTest)" classname="fourcats.frameworks.DataKeeperTest" time="0"/>
  <testcase name="removingAPIPresent on removingAPIPresent(fourcats.frameworks.DataKeeperTest)" classname="fourcats.frameworks.DataKeeperTest" time="0"/>
  <testcase name="gettingAPIWithId on gettingAPIWithId(fourcats.frameworks.DataKeeperTest)" classname="fourcats.frameworks.DataKeeperTest" time="0"/>
  <testcase name="isClassNamePresentTest on isClassNamePresentTest(fourcats.frameworks.DataKeeperTest)" classname="fourcats.frameworks.DataKeeperTest" time="0"/>
  <testcase name="addCoupleBlaPlaTest on addCoupleBlaPlaTest(fourcats.frameworks.DataKeeperTest)" classname="fourcats.frameworks.DataKeeperTest" time="0"/>
  <testcase name="isCoupleBalPlaPresentTest on isCoupleBalPlaPresentTest(fourcats.frameworks.DataKeeperTest)" classname="fourcats.frameworks.DataKeeperTest" time="0"/>
  <testcase name="gettingSizeOfAPIMap on gettingSizeOfAPIMap(fourcats.frameworks.DataKeeperTest)" classname="fourcats.frameworks.DataKeeperTest" time="0"/>
  <testcase name="isAPIPresentTest on isAPIPresentTest(fourcats.frameworks.DataKeeperTest)" classname="fourcats.frameworks.DataKeeperTest" time="0"/>
  <testcase name="isAPINotPresentTest on isAPINotPresentTest(fourcats.frameworks.DataKeeperTest)" classname="fourcats.frameworks.DataKeeperTest" time="0"/>
  <testcase name="updatingAPIWithSame on updatingAPIWithSame(fourcats.frameworks.DataKeeperTest)" classname="fourcats.frameworks.DataKeeperTest" time="0"/>
  <testcase name="addCoupleBlaPlaTestWithSameBal on addCoupleBlaPlaTestWithSameBal(fourcats.frameworks.DataKeeperTest)" classname="fourcats.frameworks.DataKeeperTest" time="0"/>
  <testcase name="gettingAPIMapCorrectly on gettingAPIMapCorrectly(fourcats.frameworks.DataKeeperTest)" classname="fourcats.frameworks.DataKeeperTest" time="0"/>
  <testcase name="writingAPITestCorrectly on writingAPITestCorrectly(fourcats.frameworks.FileSystemTest)" classname="fourcats.frameworks.FileSystemTest" time="0"/>
  <testcase name="loadingFileCorrectly on loadingFileCorrectly(fourcats.frameworks.FileSystemTest)" classname="fourcats.frameworks.FileSystemTest" time="0"/>
  <testcase name="loadingPLACorrectlyNotFound on loadingPLACorrectlyNotFound(fourcats.frameworks.FileSystemTest)" classname="fourcats.frameworks.FileSystemTest" time="0"/>
  <testcase name="loadingPLACorrectlyFound on loadingPLACorrectlyFound(fourcats.frameworks.FileSystemTest)" classname="fourcats.frameworks.FileSystemTest" time="0"/>
  <testcase name="writingPLATestCorrectly on writingPLATestCorrectly(fourcats.frameworks.FileSystemTest)" classname="fourcats.frameworks.FileSystemTest" time="0"/>
  <testcase name="writingAPICorrectly on writingAPICorrectly(fourcats.frameworks.RepositoryTest)" classname="fourcats.frameworks.RepositoryTest" time="0"/>
  <testcase name="addingAPIWithoutIdToDataKeeperCorrectly on addingAPIWithoutIdToDataKeeperCorrectly(fourcats.frameworks.RepositoryTest)" classname="fourcats.frameworks.RepositoryTest" time="0"/>
  <testcase name="deletingAPIWithIdFromDataKeeperCorrectly on deletingAPIWithIdFromDataKeeperCorrectly(fourcats.frameworks.RepositoryTest)" classname="fourcats.frameworks.RepositoryTest" time="0.001"/>
  <testcase name="addingAPIWithIdToDataKeeperCorrectly on addingAPIWithIdToDataKeeperCorrectly(fourcats.frameworks.RepositoryTest)" classname="fourcats.frameworks.RepositoryTest" time="0.001"/>
  <testcase name="gettingAPIWithIdFromDataKeeperCorrectly on gettingAPIWithIdFromDataKeeperCorrectly(fourcats.frameworks.RepositoryTest)" classname="fourcats.frameworks.RepositoryTest" time="0"/>
  <testcase name="isThisAPIPresentInDataKeeperCorrectly on isThisAPIPresentInDataKeeperCorrectly(fourcats.frameworks.RepositoryTest)" classname="fourcats.frameworks.RepositoryTest" time="0.001"/>
  <testcase name="gettingSizeFromDataKeeperCorrectly on gettingSizeFromDataKeeperCorrectly(fourcats.frameworks.RepositoryTest)" classname="fourcats.frameworks.RepositoryTest" time="0.001"/>
  <testcase name="addingCoupleBalPlaToDataKeeperCorrectly on addingCoupleBalPlaToDataKeeperCorrectly(fourcats.frameworks.RepositoryTest)" classname="fourcats.frameworks.RepositoryTest" time="0.002"/>
  <testcase name="isCoupleBalPlaPresentInDataKeepeerCorrectly on isCoupleBalPlaPresentInDataKeepeerCorrectly(fourcats.frameworks.RepositoryTest)" classname="fourcats.frameworks.RepositoryTest" time="0.001"/>
  <testcase name="isThisClassNamePresentInDataKeeperCorrectly on isThisClassNamePresentInDataKeeperCorrectly(fourcats.frameworks.RepositoryTest)" classname="fourcats.frameworks.RepositoryTest" time="0"/>
  <testcase name="gettingADIMapWithIdFromDataKeeperCorrectly on gettingADIMapWithIdFromDataKeeperCorrectly(fourcats.frameworks.RepositoryTest)" classname="fourcats.frameworks.RepositoryTest" time="0.001"/>
  <testcase name="updatingAPIToDataKeepeerCorrectly on updatingAPIToDataKeepeerCorrectly(fourcats.frameworks.RepositoryTest)" classname="fourcats.frameworks.RepositoryTest" time="0"/>
  <testcase name="loadingPLACorrectly on loadingPLACorrectly(fourcats.frameworks.RepositoryTest)" classname="fourcats.frameworks.RepositoryTest" time="0"/>
  <testcase name="openingFileCorrectly on openingFileCorrectly(fourcats.frameworks.RepositoryTest)" classname="fourcats.frameworks.RepositoryTest" time="0"/>
  <testcase name="writingPLAToFileSystemCorrectly on writingPLAToFileSystemCorrectly(fourcats.frameworks.RepositoryTest)" classname="fourcats.frameworks.RepositoryTest" time="0"/>
  <testcase name="testCreateApiSuggestion on testCreateApiSuggestion(fourcats.interfaceAdapters.ControllerTest)" classname="fourcats.interfaceAdapters.ControllerTest" time="0.002"/>
  <testcase name="testModifyApi on testModifyApi(fourcats.interfaceAdapters.ControllerTest)" classname="fourcats.interfaceAdapters.ControllerTest" time="0.001"/>
  <testcase name="testModifyPla on testModifyPla(fourcats.interfaceAdapters.ControllerTest)" classname="fourcats.interfaceAdapters.ControllerTest" time="0.001"/>
  <testcase name="testLoadingPla on testLoadingPla(fourcats.interfaceAdapters.ControllerTest)" classname="fourcats.interfaceAdapters.ControllerTest" time="0"/>
  <testcase name="testingModifyApiGui on testingModifyApiGui(fourcats.interfaceAdapters.ControllerTest)" classname="fourcats.interfaceAdapters.ControllerTest" time="0.001"/>
  <testcase name="testGenerateApi on testGenerateApi(fourcats.interfaceAdapters.ControllerTest)" classname="fourcats.interfaceAdapters.ControllerTest" time="0.001"/>
  <testcase name="createControllerCorrectly on createControllerCorrectly(fourcats.interfaceAdapters.ControllerTest)" classname="fourcats.interfaceAdapters.ControllerTest" time="0"/>
  <testcase name="testingCreatePla on testingCreatePla(fourcats.interfaceAdapters.ControllerTest)" classname="fourcats.interfaceAdapters.ControllerTest" time="0.001"/>
  <testcase name="testShowOutputMap on testShowOutputMap(fourcats.interfaceAdapters.DataPresenterGuiTest)" classname="fourcats.interfaceAdapters.DataPresenterGuiTest" time="0"/>
  <testcase name="testShowModifyPla on testShowModifyPla(fourcats.interfaceAdapters.DataPresenterGuiTest)" classname="fourcats.interfaceAdapters.DataPresenterGuiTest" time="0"/>
  <testcase name="testingCostructCorrectly on testingCostructCorrectly(fourcats.interfaceAdapters.DataPresenterGuiTest)" classname="fourcats.interfaceAdapters.DataPresenterGuiTest" time="0"/>
  <testcase name="testGettingString on testGettingString(fourcats.interfaceAdapters.DataPresenterGuiTest)" classname="fourcats.interfaceAdapters.DataPresenterGuiTest" time="0"/>
  <testcase name="testGettingMessage on testGettingMessage(fourcats.interfaceAdapters.DataPresenterGuiTest)" classname="fourcats.interfaceAdapters.DataPresenterGuiTest" time="0"/>
  <testcase name="testShowOutput on testShowOutput(fourcats.interfaceAdapters.DataPresenterGuiTest)" classname="fourcats.interfaceAdapters.DataPresenterGuiTest" time="0"/>
  <testcase name="testGettingCombo on testGettingCombo(fourcats.interfaceAdapters.DataPresenterGuiTest)" classname="fourcats.interfaceAdapters.DataPresenterGuiTest" time="0"/>
  <testcase name="testShowLoadPla on testShowLoadPla(fourcats.interfaceAdapters.DataPresenterGuiTest)" classname="fourcats.interfaceAdapters.DataPresenterGuiTest" time="0.001"/>
  <testcase name="testGettingMessagePla on testGettingMessagePla(fourcats.interfaceAdapters.DataPresenterGuiTest)" classname="fourcats.interfaceAdapters.DataPresenterGuiTest" time="0"/>
  <testcase name="testShowGenMessage on testShowGenMessage(fourcats.interfaceAdapters.DataPresenterGuiTest)" classname="fourcats.interfaceAdapters.DataPresenterGuiTest" time="0"/>
  <testcase name="testGettingModifyCustomPla on testGettingModifyCustomPla(fourcats.interfaceAdapters.DataPresenterGuiTest)" classname="fourcats.interfaceAdapters.DataPresenterGuiTest" time="0"/>
  <testcase name="testGettingModifyApiPla on testGettingModifyApiPla(fourcats.interfaceAdapters.DataPresenterGuiTest)" classname="fourcats.interfaceAdapters.DataPresenterGuiTest" time="0"/>
  <testcase name="testShowOuput on testShowOuput(fourcats.interfaceAdapters.DataPresenterTest)" classname="fourcats.interfaceAdapters.DataPresenterTest" time="0.001"/>
  <testcase name="testingGettingMessage on testingGettingMessage(fourcats.interfaceAdapters.DataPresenterTest)" classname="fourcats.interfaceAdapters.DataPresenterTest" time="0"/>
  <testcase name="testingShowGenerationMessage on testingShowGenerationMessage(fourcats.interfaceAdapters.DataPresenterTest)" classname="fourcats.interfaceAdapters.DataPresenterTest" time="0.001"/>
  <testcase name="testGetMessageToShow on testGetMessageToShow(fourcats.interfaceAdapters.DataPresenterTest)" classname="fourcats.interfaceAdapters.DataPresenterTest" time="0"/>
  <testcase name="testingCorrectlyMethodCallModifyGui on testingCorrectlyMethodCallModifyGui(fourcats.usecaseinteractor.CreatePlaTest)" classname="fourcats.usecaseinteractor.CreatePlaTest" time="0.001"/>
  <testcase name="correctlyCreatingModifyApi on correctlyCreatingModifyApi(fourcats.usecaseinteractor.CreatePlaTest)" classname="fourcats.usecaseinteractor.CreatePlaTest" time="0"/>
  <testcase name="GenerateAPITestCorrectCreation on GenerateAPITestCorrectCreation(fourcats.usecaseinteractor.GenerateApiTest)" classname="fourcats.usecaseinteractor.GenerateApiTest" time="0"/>
  <testcase name="generateAPI on generateAPI(fourcats.usecaseinteractor.GenerateApiTest)" classname="fourcats.usecaseinteractor.GenerateApiTest" time="0"/>
  <testcase name="testingModifyApi on testingModifyApi(fourcats.usecaseinteractor.ModifyApiTest)" classname="fourcats.usecaseinteractor.ModifyApiTest" time="0.002"/>
  <testcase name="testingCorrectlyMethodCallModifyGui on testingCorrectlyMethodCallModifyGui(fourcats.usecaseinteractor.ModifyApiTest)" classname="fourcats.usecaseinteractor.ModifyApiTest" time="0.001"/>
  <testcase name="correctlyCreatingModifyApi on correctlyCreatingModifyApi(fourcats.usecaseinteractor.ModifyApiTest)" classname="fourcats.usecaseinteractor.ModifyApiTest" time="0.001"/>
  <testcase name="testingModify on testingModify(fourcats.usecaseinteractor.ModifyPlaTest)" classname="fourcats.usecaseinteractor.ModifyPlaTest" time="0.001"/>
  <testcase name="correctlyCreatingModifyApi on correctlyCreatingModifyApi(fourcats.usecaseinteractor.ModifyPlaTest)" classname="fourcats.usecaseinteractor.ModifyPlaTest" time="0"/>
  <testcase name="testingLoadingPlaCorrectly on testingLoadingPlaCorrectly(fourcats.usecaseinteractor.ModifyPlaTest)" classname="fourcats.usecaseinteractor.ModifyPlaTest" time="0.001"/>
  <testcase name="correctlyCreatingSuggestApi on correctlyCreatingSuggestApi(fourcats.usecaseinteractor.SuggestApiTest)" classname="fourcats.usecaseinteractor.SuggestApiTest" time="0.001"/>
  <testcase name="SuggestAPITestCreationFromWrongInput on SuggestAPITestCreationFromWrongInput(fourcats.usecaseinteractor.SuggestApiTest)" classname="fourcats.usecaseinteractor.SuggestApiTest" time="0"/>
  <testcase name="correctlysuggestionApiCreated on correctlysuggestionApiCreated(fourcats.usecaseinteractor.SuggestApiTest)" classname="fourcats.usecaseinteractor.SuggestApiTest" time="0.002"/>
  <testcase name="gettingCurrentAnswer on gettingCurrentAnswer(fourcats.view.CLITest)" classname="fourcats.view.CLITest" time="0.001"/>
  <testcase name="testAskingModifyApi on testAskingModifyApi(fourcats.view.CLITest)" classname="fourcats.view.CLITest" time="0.097"/>
  <testcase name="testAskPathApi on testAskPathApi(fourcats.view.CLITest)" classname="fourcats.view.CLITest" time="0"/>
  <testcase name="readingAnotherBal on readingAnotherBal(fourcats.view.CLITest)" classname="fourcats.view.CLITest" time="0"/>
  <testcase name="testAskingGenerateApi on testAskingGenerateApi(fourcats.view.CLITest)" classname="fourcats.view.CLITest" time="0.001"/>
  <testcase name="readingSuggestionAPIInput on readingSuggestionAPIInput(fourcats.view.CLITest)" classname="fourcats.view.CLITest" time="0.001"/>
  <testcase name="readingBalInput on readingBalInput(fourcats.view.CLITest)" classname="fourcats.view.CLITest" time="0"/>
  <testcase name="readingPLAInput on readingPLAInput(fourcats.view.CLITest)" classname="fourcats.view.CLITest" time="0.001"/>
  <testcase name="testAskingForSuggestionApi on testAskingForSuggestionApi(fourcats.view.CLITest)" classname="fourcats.view.CLITest" time="0.001"/>
  <testcase name="readingSuggestionAPIInputWithNoAnswer on readingSuggestionAPIInputWithNoAnswer(fourcats.view.CLITest)" classname="fourcats.view.CLITest" time="0.004"/>
  <testcase name="testingShowOutput on testingShowOutput(fourcats.view.CLITest)" classname="fourcats.view.CLITest" time="0"/>
  <testcase name="testingUpdate on testingUpdate(fourcats.view.CLITest)" classname="fourcats.view.CLITest" time="0.001"/>
  <testcase name="testGenerateApi on testGenerateApi(fourcats.view.CLITest)" classname="fourcats.view.CLITest" time="0.001"/>
  <testcase name="readingModifyApi on readingModifyApi(fourcats.view.CLITest)" classname="fourcats.view.CLITest" time="0.002"/>
  <testcase name="testingConstructor on testingConstructor(fourcats.view.CLITest)" classname="fourcats.view.CLITest" time="0.001"/>
  <testcase name="readingNotGenerateApi on readingNotGenerateApi(fourcats.view.CLITest)" classname="fourcats.view.CLITest" time="0.001"/>
  <testcase name="testAskingForBal on testAskingForBal(fourcats.view.CLITest)" classname="fourcats.view.CLITest" time="0.001"/>
  <testcase name="testAskingForPLA on testAskingForPLA(fourcats.view.CLITest)" classname="fourcats.view.CLITest" time="0"/>
  <testcase name="testAskingAnother on testAskingAnother(fourcats.view.CLITest)" classname="fourcats.view.CLITest" time="0"/>
</testsuite>