<?xml version="1.0" encoding="UTF-8"?>
<testng-results ignored="0" total="3" passed="3" failed="0" skipped="0">
  <reporter-output>
  </reporter-output>
  <suite started-at="2020-04-13T13:00:37 CEST" name="Surefire suite" finished-at="2020-04-13T13:00:38 CEST" duration-ms="1021">
    <groups>
    </groups>
    <test started-at="2020-04-13T13:00:37 CEST" name="Surefire test" finished-at="2020-04-13T13:00:38 CEST" duration-ms="1021">
      <class name="fourcats.usecaseinteractor.ModifyApiTest">
        <test-method signature="ModifyAPITestFromWrongInput()" started-at="2020-04-13T13:00:38 CEST" name="ModifyAPITestFromWrongInput" finished-at="2020-04-13T13:00:38 CEST" duration-ms="36" status="PASS">
          <reporter-output>
          </reporter-output>
        </test-method> <!-- ModifyAPITestFromWrongInput -->
      </class> <!-- fourcats.usecaseinteractor.ModifyApiTest -->
      <class name="fourcats.usecaseinteractor.GenerateApiTest">
        <test-method signature="GenerateAPITestCorrectCreation()" started-at="2020-04-13T13:00:38 CEST" name="GenerateAPITestCorrectCreation" finished-at="2020-04-13T13:00:38 CEST" duration-ms="2" status="PASS">
          <reporter-output>
          </reporter-output>
        </test-method> <!-- GenerateAPITestCorrectCreation -->
      </class> <!-- fourcats.usecaseinteractor.GenerateApiTest -->
      <class name="fourcats.usecaseinteractor.SuggestApiTest">
        <test-method signature="SuggestAPITestCreationFromWrongInput()" started-at="2020-04-13T13:00:37 CEST" name="SuggestAPITestCreationFromWrongInput" finished-at="2020-04-13T13:00:38 CEST" duration-ms="844" status="PASS">
          <reporter-output>
          </reporter-output>
        </test-method> <!-- SuggestAPITestCreationFromWrongInput -->
      </class> <!-- fourcats.usecaseinteractor.SuggestApiTest -->
    </test> <!-- Surefire test -->
  </suite> <!-- Surefire suite -->
</testng-results>
