<?xml version="1.0" encoding="UTF-8"?>
<testng-results skipped="0" failed="0" ignored="0" total="13" passed="13">
  <reporter-output>
  </reporter-output>
  <suite name="Surefire suite" duration-ms="1427" started-at="2020-04-18T02:59:05 CEST" finished-at="2020-04-18T02:59:07 CEST">
    <groups>
    </groups>
    <test name="Surefire test" duration-ms="1427" started-at="2020-04-18T02:59:05 CEST" finished-at="2020-04-18T02:59:07 CEST">
      <class name="fourcats.usecaseinteractor.GenerateBALTest">
        <test-method status="PASS" signature="GenerateBALCorrectCreation()" name="GenerateBALCorrectCreation" duration-ms="72" started-at="2020-04-18T02:59:07 CEST" finished-at="2020-04-18T02:59:07 CEST">
          <reporter-output>
          </reporter-output>
        </test-method> <!-- GenerateBALCorrectCreation -->
        <test-method status="PASS" signature="GenerateBALFromCorrectFilename()" name="GenerateBALFromCorrectFilename" duration-ms="64" started-at="2020-04-18T02:59:07 CEST" finished-at="2020-04-18T02:59:07 CEST">
          <reporter-output>
          </reporter-output>
        </test-method> <!-- GenerateBALFromCorrectFilename -->
        <test-method status="PASS" signature="GenerateBALFromEmptyFilename()" name="GenerateBALFromEmptyFilename" duration-ms="72" started-at="2020-04-18T02:59:07 CEST" finished-at="2020-04-18T02:59:07 CEST">
          <reporter-output>
          </reporter-output>
        </test-method> <!-- GenerateBALFromEmptyFilename -->
      </class> <!-- fourcats.usecaseinteractor.GenerateBALTest -->
      <class name="fourcats.datastructure.LemmatizerDataTest">
        <test-method status="PASS" signature="testToString()" name="testToString" duration-ms="16" started-at="2020-04-18T02:59:05 CEST" finished-at="2020-04-18T02:59:05 CEST">
          <reporter-output>
          </reporter-output>
        </test-method> <!-- testToString -->
        <test-method status="PASS" signature="getList()" name="getList" duration-ms="8" started-at="2020-04-18T02:59:05 CEST" finished-at="2020-04-18T02:59:05 CEST">
          <reporter-output>
          </reporter-output>
        </test-method> <!-- getList -->
        <test-method status="PASS" signature="addElement()" name="addElement" duration-ms="8" started-at="2020-04-18T02:59:05 CEST" finished-at="2020-04-18T02:59:05 CEST">
          <reporter-output>
          </reporter-output>
        </test-method> <!-- addElement -->
      </class> <!-- fourcats.datastructure.LemmatizerDataTest -->
      <class name="fourcats.usecaseinteractor.GenerateBALSuggestionsTest">
        <test-method status="PASS" signature="GenerateBALSuggestionsFromNotExistingFeature()" name="GenerateBALSuggestionsFromNotExistingFeature" duration-ms="57" started-at="2020-04-18T02:59:06 CEST" finished-at="2020-04-18T02:59:07 CEST">
          <reporter-output>
          </reporter-output>
        </test-method> <!-- GenerateBALSuggestionsFromNotExistingFeature -->
      </class> <!-- fourcats.usecaseinteractor.GenerateBALSuggestionsTest -->
      <class name="fourcats.datastructure.WordTagTest">
        <test-method status="PASS" signature="testToString()" name="testToString" duration-ms="0" started-at="2020-04-18T02:59:05 CEST" finished-at="2020-04-18T02:59:05 CEST">
          <reporter-output>
          </reporter-output>
        </test-method> <!-- testToString -->
      </class> <!-- fourcats.datastructure.WordTagTest -->
      <class name="fourcats.usecaseinteractor.DeclineBALSuggestionTest">
        <test-method status="PASS" signature="DeclineSuggestionFromWrongID()" name="DeclineSuggestionFromWrongID" duration-ms="1143" started-at="2020-04-18T02:59:05 CEST" finished-at="2020-04-18T02:59:06 CEST">
          <reporter-output>
          </reporter-output>
        </test-method> <!-- DeclineSuggestionFromWrongID -->
      </class> <!-- fourcats.usecaseinteractor.DeclineBALSuggestionTest -->
      <class name="fourcats.AppTest">
        <test-method status="PASS" signature="testApp()" name="testApp" duration-ms="16" started-at="2020-04-18T02:59:05 CEST" finished-at="2020-04-18T02:59:05 CEST">
          <reporter-output>
          </reporter-output>
        </test-method> <!-- testApp -->
      </class> <!-- fourcats.AppTest -->
      <class name="fourcats.datastructure.WordCounterTest">
        <test-method status="PASS" signature="testIncrementCounter()" name="testIncrementCounter" duration-ms="8" started-at="2020-04-18T02:59:05 CEST" finished-at="2020-04-18T02:59:05 CEST">
          <reporter-output>
          </reporter-output>
        </test-method> <!-- testIncrementCounter -->
        <test-method status="PASS" signature="testToString()" name="testToString" duration-ms="8" started-at="2020-04-18T02:59:05 CEST" finished-at="2020-04-18T02:59:05 CEST">
          <reporter-output>
          </reporter-output>
        </test-method> <!-- testToString -->
        <test-method status="PASS" signature="testDecrementCounter()" name="testDecrementCounter" duration-ms="0" started-at="2020-04-18T02:59:05 CEST" finished-at="2020-04-18T02:59:05 CEST">
          <reporter-output>
          </reporter-output>
        </test-method> <!-- testDecrementCounter -->
      </class> <!-- fourcats.datastructure.WordCounterTest -->
    </test> <!-- Surefire test -->
  </suite> <!-- Surefire suite -->
</testng-results>
