<?xml version="1.0" encoding="UTF-8"?>
<testsuite xmlns:xsi="http://www.w3.org/2001/XMLSchema-instance" xsi:noNamespaceSchemaLocation="https://maven.apache.org/surefire/maven-surefire-plugin/xsd/surefire-test-report.xsd" name="fourcats.frameworks.BalAnalyzerImplementationTest" time="1.094" tests="1" errors="0" skipped="0" failures="0">
  <properties>
[...]
</properties>
  <testcase name="BalAnalyzerImplementationCreateJSON" classname="fourcats.frameworks.BalAnalyzerImplementationTest" time="1.088"/>
</testsuite>