-------------------------------------------------------------------------------
Test set: TestSuite
-------------------------------------------------------------------------------
Tests run: 12, Failures: 1, Errors: 0, Skipped: 0, Time elapsed: 2.245 s <<< FAILURE! - in TestSuite
GenerateBALSuggestionsFromNotExistingFeature on GenerateBALSuggestionsFromNotExistingFeature(fourcats.usecaseinteractor.GenerateBALSuggestionsTest)(fourcats.usecaseinteractor.GenerateBALSuggestionsTest)  Time elapsed: 0.016 s  <<< FAILURE!
java.lang.NullPointerException
	at fourcats.usecaseinteractor.GenerateBALSuggestionsTest.GenerateBALSuggestionsFromNotExistingFeature(GenerateBALSuggestionsTest.java:24)

